[0.009s] Invoking command in '/home/li/vk_ros2_ws/build/dual_dense_mapper': CMAKE_PREFIX_PATH=${CMAKE_PREFIX_PATH}:/home/li/rtabmap_ws/install/rtabmap_python:/opt/ros/humble /usr/bin/cmake /home/li/vk_ros2_ws/src/dual_dense_mapper -DAMENT_CMAKE_SYMLINK_INSTALL=1 -DCMAKE_INSTALL_PREFIX=/home/li/vk_ros2_ws/install/dual_dense_mapper
[0.079s] -- The C compiler identification is GNU 11.4.0
[0.133s] -- The CXX compiler identification is GNU 11.4.0
[0.138s] -- Detecting C compiler ABI info
[0.225s] -- Detecting C compiler ABI info - done
[0.232s] -- Check for working C compiler: /usr/bin/cc - skipped
[0.232s] -- Detecting C compile features
[0.232s] -- Detecting C compile features - done
[0.236s] -- Detecting CXX compiler ABI info
[0.337s] -- Detecting CXX compiler ABI info - done
[0.342s] -- Check for working CXX compiler: /usr/bin/c++ - skipped
[0.342s] -- Detecting CXX compile features
[0.343s] -- Detecting CXX compile features - done
[0.345s] -- Found ament_cmake: 1.3.12 (/opt/ros/humble/share/ament_cmake/cmake)
[0.467s] -- Found Python3: /usr/bin/python3 (found version "3.10.12") found components: Interpreter 
[0.509s] -- Override CMake install command with custom implementation using symlinks instead of copying resources
[0.547s] -- Found rclcpp: 16.0.16 (/opt/ros/humble/share/rclcpp/cmake)
[0.584s] -- Found rosidl_generator_c: 3.1.7 (/opt/ros/humble/share/rosidl_generator_c/cmake)
[0.588s] -- Found rosidl_adapter: 3.1.7 (/opt/ros/humble/share/rosidl_adapter/cmake)
[0.594s] -- Found rosidl_generator_cpp: 3.1.7 (/opt/ros/humble/share/rosidl_generator_cpp/cmake)
[0.603s] -- Using all available rosidl_typesupport_c: rosidl_typesupport_fastrtps_c;rosidl_typesupport_introspection_c
[0.616s] -- Using all available rosidl_typesupport_cpp: rosidl_typesupport_fastrtps_cpp;rosidl_typesupport_introspection_cpp
[0.651s] -- Found rmw_implementation_cmake: 6.1.2 (/opt/ros/humble/share/rmw_implementation_cmake/cmake)
[0.653s] -- Found rmw_fastrtps_cpp: 6.2.9 (/opt/ros/humble/share/rmw_fastrtps_cpp/cmake)
[0.757s] -- Found OpenSSL: /usr/lib/x86_64-linux-gnu/libcrypto.so (found version "3.0.2")  
[0.788s] -- Found FastRTPS: /opt/ros/humble/include  
[0.826s] -- Using RMW implementation 'rmw_fastrtps_cpp' as default
[0.834s] -- Looking for pthread.h
[0.915s] -- Looking for pthread.h - found
[0.915s] -- Performing Test CMAKE_HAVE_LIBC_PTHREAD
[1.010s] -- Performing Test CMAKE_HAVE_LIBC_PTHREAD - Success
[1.011s] -- Found Threads: TRUE  
[1.057s] -- Found sensor_msgs: 4.9.0 (/opt/ros/humble/share/sensor_msgs/cmake)
[1.078s] -- Found tf2: 0.25.17 (/opt/ros/humble/share/tf2/cmake)
[1.086s] -- Found tf2_ros: 0.25.17 (/opt/ros/humble/share/tf2_ros/cmake)
[1.150s] -- Found tf2_geometry_msgs: 0.25.17 (/opt/ros/humble/share/tf2_geometry_msgs/cmake)
[1.162s] -- Found eigen3_cmake_module: 0.1.1 (/opt/ros/humble/share/eigen3_cmake_module/cmake)
[1.162s] -- Found Eigen3: TRUE (found version "3.4.0") 
[1.162s] -- Ensuring Eigen3 include directory is part of orocos-kdl CMake target
[1.165s] -- Found pcl_conversions: 2.4.5 (/opt/ros/humble/share/pcl_conversions/cmake)
[1.190s] -- Checking for module 'eigen3'
[1.203s] --   Found eigen3, version 3.4.0
[1.257s] -- Found Eigen: /usr/include/eigen3 (Required is at least version "3.1") 
[1.257s] -- Eigen found (include: /usr/include/eigen3, version: 3.4.0)
[1.296s] -- Checking for module 'flann'
[1.311s] --   Found flann, version 1.9.1
[1.373s] -- Found FLANN: /usr/lib/x86_64-linux-gnu/libflann_cpp.so  
[1.373s] -- FLANN found (include: /usr/include, lib: /usr/lib/x86_64-linux-gnu/libflann_cpp.so)
[2.510s] -- Checking for module 'libusb-1.0'
[2.543s] --   Found libusb-1.0, version 1.0.25
[2.605s] -- Found libusb: /usr/lib/x86_64-linux-gnu/libusb-1.0.so  
[2.606s] -- OpenNI found (version: 1.5.4.0, include: /usr/include/ni, lib: /usr/lib/libOpenNI.so;libusb::libusb)
[2.716s] -- OpenNI2 found (version: 2.2.0.33, include: /usr/include/openni2, lib: /usr/lib/x86_64-linux-gnu/libOpenNI2.so;libusb::libusb)
[2.869s] -- Eigen found (include: /usr/include/eigen3, version: 3.4.0)
[2.879s] -- OpenNI found (version: 1.5.4.0, include: /usr/include/ni, lib: /usr/lib/libOpenNI.so;libusb::libusb)
[2.888s] -- OpenNI2 found (version: 2.2.0.33, include: /usr/include/openni2, lib: /usr/lib/x86_64-linux-gnu/libOpenNI2.so;libusb::libusb)
[3.008s] -- Found Qhull version 8.0.2
[3.133s] -- OpenNI found (version: 1.5.4.0, include: /usr/include/ni, lib: /usr/lib/libOpenNI.so;libusb::libusb)
[3.250s] -- Found PCL_COMMON: /usr/lib/x86_64-linux-gnu/libpcl_common.so  
[3.251s] -- Found PCL_KDTREE: /usr/lib/x86_64-linux-gnu/libpcl_kdtree.so  
[3.252s] -- Found PCL_OCTREE: /usr/lib/x86_64-linux-gnu/libpcl_octree.so  
[3.252s] -- Found PCL_SEARCH: /usr/lib/x86_64-linux-gnu/libpcl_search.so  
[3.253s] -- Found PCL_SAMPLE_CONSENSUS: /usr/lib/x86_64-linux-gnu/libpcl_sample_consensus.so  
[3.253s] -- Found PCL_FILTERS: /usr/lib/x86_64-linux-gnu/libpcl_filters.so  
[3.253s] -- Found PCL_2D: /usr/include/pcl-1.12  
[3.253s] -- Found PCL_GEOMETRY: /usr/include/pcl-1.12  
[3.254s] -- Found PCL_IO: /usr/lib/x86_64-linux-gnu/libpcl_io.so  
[3.255s] -- Found PCL_FEATURES: /usr/lib/x86_64-linux-gnu/libpcl_features.so  
[3.255s] -- Found PCL_ML: /usr/lib/x86_64-linux-gnu/libpcl_ml.so  
[3.256s] -- Found PCL_SEGMENTATION: /usr/lib/x86_64-linux-gnu/libpcl_segmentation.so  
[3.257s] -- Found PCL_VISUALIZATION: /usr/lib/x86_64-linux-gnu/libpcl_visualization.so  
[3.257s] -- Found PCL_SURFACE: /usr/lib/x86_64-linux-gnu/libpcl_surface.so  
[3.258s] -- Found PCL_REGISTRATION: /usr/lib/x86_64-linux-gnu/libpcl_registration.so  
[3.258s] -- Found PCL_KEYPOINTS: /usr/lib/x86_64-linux-gnu/libpcl_keypoints.so  
[3.259s] -- Found PCL_TRACKING: /usr/lib/x86_64-linux-gnu/libpcl_tracking.so  
[3.260s] -- Found PCL_RECOGNITION: /usr/lib/x86_64-linux-gnu/libpcl_recognition.so  
[3.260s] -- Found PCL_STEREO: /usr/lib/x86_64-linux-gnu/libpcl_stereo.so  
[3.261s] -- Found PCL_APPS: /usr/lib/x86_64-linux-gnu/libpcl_apps.so  
[3.261s] -- Found PCL_IN_HAND_SCANNER: /usr/include/pcl-1.12  
[3.262s] -- Found PCL_MODELER: /usr/include/pcl-1.12  
[3.262s] -- Found PCL_POINT_CLOUD_EDITOR: /usr/include/pcl-1.12  
[3.262s] -- Found PCL_OUTOFCORE: /usr/lib/x86_64-linux-gnu/libpcl_outofcore.so  
[3.263s] -- Found PCL_PEOPLE: /usr/lib/x86_64-linux-gnu/libpcl_people.so  
[3.266s] -- Found pcl_ros: 2.4.5 (/opt/ros/humble/share/pcl_ros/cmake)
[3.345s] -- Configuring done
[3.441s] -- Generating done
[3.453s] -- Build files have been written to: /home/li/vk_ros2_ws/build/dual_dense_mapper
[3.472s] Invoked command in '/home/li/vk_ros2_ws/build/dual_dense_mapper' returned '0': CMAKE_PREFIX_PATH=${CMAKE_PREFIX_PATH}:/home/li/rtabmap_ws/install/rtabmap_python:/opt/ros/humble /usr/bin/cmake /home/li/vk_ros2_ws/src/dual_dense_mapper -DAMENT_CMAKE_SYMLINK_INSTALL=1 -DCMAKE_INSTALL_PREFIX=/home/li/vk_ros2_ws/install/dual_dense_mapper
[3.474s] Invoking command in '/home/li/vk_ros2_ws/build/dual_dense_mapper': CMAKE_PREFIX_PATH=${CMAKE_PREFIX_PATH}:/home/li/rtabmap_ws/install/rtabmap_python:/opt/ros/humble /usr/bin/cmake --build /home/li/vk_ros2_ws/build/dual_dense_mapper -- -j20 -l20
[3.564s] [ 50%] [32mBuilding CXX object CMakeFiles/dual_dense_mapper_node.dir/src/dual_dense_mapper.cpp.o[0m
[19.953s] [100%] [32m[1mLinking CXX executable dual_dense_mapper_node[0m
[20.627s] [100%] Built target dual_dense_mapper_node
[20.638s] Invoked command in '/home/li/vk_ros2_ws/build/dual_dense_mapper' returned '0': CMAKE_PREFIX_PATH=${CMAKE_PREFIX_PATH}:/home/li/rtabmap_ws/install/rtabmap_python:/opt/ros/humble /usr/bin/cmake --build /home/li/vk_ros2_ws/build/dual_dense_mapper -- -j20 -l20
[20.647s] Invoking command in '/home/li/vk_ros2_ws/build/dual_dense_mapper': CMAKE_PREFIX_PATH=${CMAKE_PREFIX_PATH}:/home/li/rtabmap_ws/install/rtabmap_python:/opt/ros/humble /usr/bin/cmake --install /home/li/vk_ros2_ws/build/dual_dense_mapper
[20.656s] -- Install configuration: ""
[20.656s] -- Execute custom install script
[20.657s] -- Symlinking: /home/li/vk_ros2_ws/install/dual_dense_mapper/lib/dual_dense_mapper/dual_dense_mapper_node
[20.670s] -- Symlinking: /home/li/vk_ros2_ws/install/dual_dense_mapper/share/dual_dense_mapper/launch/dual_dense_mapper.launch.py
[20.686s] -- Symlinking: /home/li/vk_ros2_ws/install/dual_dense_mapper/share/ament_index/resource_index/package_run_dependencies/dual_dense_mapper
[20.700s] -- Symlinking: /home/li/vk_ros2_ws/install/dual_dense_mapper/share/ament_index/resource_index/parent_prefix_path/dual_dense_mapper
[20.712s] -- Symlinking: /home/li/vk_ros2_ws/install/dual_dense_mapper/share/dual_dense_mapper/environment/ament_prefix_path.sh
[20.729s] -- Symlinking: /home/li/vk_ros2_ws/install/dual_dense_mapper/share/dual_dense_mapper/environment/ament_prefix_path.dsv
[20.741s] -- Symlinking: /home/li/vk_ros2_ws/install/dual_dense_mapper/share/dual_dense_mapper/environment/path.sh
[20.758s] -- Symlinking: /home/li/vk_ros2_ws/install/dual_dense_mapper/share/dual_dense_mapper/environment/path.dsv
[20.777s] -- Symlinking: /home/li/vk_ros2_ws/install/dual_dense_mapper/share/dual_dense_mapper/local_setup.bash
[20.789s] -- Symlinking: /home/li/vk_ros2_ws/install/dual_dense_mapper/share/dual_dense_mapper/local_setup.sh
[20.800s] -- Symlinking: /home/li/vk_ros2_ws/install/dual_dense_mapper/share/dual_dense_mapper/local_setup.zsh
[20.811s] -- Symlinking: /home/li/vk_ros2_ws/install/dual_dense_mapper/share/dual_dense_mapper/local_setup.dsv
[20.821s] -- Symlinking: /home/li/vk_ros2_ws/install/dual_dense_mapper/share/dual_dense_mapper/package.dsv
[20.827s] -- Symlinking: /home/li/vk_ros2_ws/install/dual_dense_mapper/share/ament_index/resource_index/packages/dual_dense_mapper
[20.840s] -- Symlinking: /home/li/vk_ros2_ws/install/dual_dense_mapper/share/dual_dense_mapper/cmake/dual_dense_mapperConfig.cmake
[20.852s] -- Symlinking: /home/li/vk_ros2_ws/install/dual_dense_mapper/share/dual_dense_mapper/cmake/dual_dense_mapperConfig-version.cmake
[20.865s] -- Symlinking: /home/li/vk_ros2_ws/install/dual_dense_mapper/share/dual_dense_mapper/package.xml
[20.882s] Invoked command in '/home/li/vk_ros2_ws/build/dual_dense_mapper' returned '0': CMAKE_PREFIX_PATH=${CMAKE_PREFIX_PATH}:/home/li/rtabmap_ws/install/rtabmap_python:/opt/ros/humble /usr/bin/cmake --install /home/li/vk_ros2_ws/build/dual_dense_mapper
