[0.390s] Invoking command in '/home/li/vk_ros2_ws/build/my_rtabmap_launch': PYTHONPATH=/home/li/vk_ros2_ws/build/my_rtabmap_launch/prefix_override:/usr/lib/python3/dist-packages/colcon_core/task/python/colcon_distutils_commands:/home/li/vk_ros2_ws/install/my_rtabmap_launch/lib/python3.10/site-packages:${PYTHONPATH} /usr/bin/python3 -W ignore:setup.py install is deprecated -W ignore:easy_install command is deprecated setup.py develop --uninstall --editable --build-directory /home/li/vk_ros2_ws/build/my_rtabmap_launch/build
[0.558s] running develop
[0.654s] Removing /home/li/vk_ros2_ws/install/my_rtabmap_launch/lib/python3.10/site-packages/my-rtabmap-launch.egg-link (link to .)
[0.670s] Invoked command in '/home/li/vk_ros2_ws/build/my_rtabmap_launch' returned '0': PYTHONPATH=/home/li/vk_ros2_ws/build/my_rtabmap_launch/prefix_override:/usr/lib/python3/dist-packages/colcon_core/task/python/colcon_distutils_commands:/home/li/vk_ros2_ws/install/my_rtabmap_launch/lib/python3.10/site-packages:${PYTHONPATH} /usr/bin/python3 -W ignore:setup.py install is deprecated -W ignore:easy_install command is deprecated setup.py develop --uninstall --editable --build-directory /home/li/vk_ros2_ws/build/my_rtabmap_launch/build
[0.672s] Invoking command in '/home/li/vk_ros2_ws/src/my_rtabmap_launch': PYTHONPATH=/home/li/vk_ros2_ws/build/my_rtabmap_launch/prefix_override:/usr/lib/python3/dist-packages/colcon_core/task/python/colcon_distutils_commands:/home/li/vk_ros2_ws/install/my_rtabmap_launch/lib/python3.10/site-packages:${PYTHONPATH} /usr/bin/python3 -W ignore:setup.py install is deprecated -W ignore:easy_install command is deprecated setup.py egg_info --egg-base ../../build/my_rtabmap_launch build --build-base /home/li/vk_ros2_ws/build/my_rtabmap_launch/build install --record /home/li/vk_ros2_ws/build/my_rtabmap_launch/install.log --single-version-externally-managed install_data --force
[0.826s] running egg_info
[0.827s] writing ../../build/my_rtabmap_launch/my_rtabmap_launch.egg-info/PKG-INFO
[0.827s] writing dependency_links to ../../build/my_rtabmap_launch/my_rtabmap_launch.egg-info/dependency_links.txt
[0.827s] writing entry points to ../../build/my_rtabmap_launch/my_rtabmap_launch.egg-info/entry_points.txt
[0.827s] writing requirements to ../../build/my_rtabmap_launch/my_rtabmap_launch.egg-info/requires.txt
[0.827s] writing top-level names to ../../build/my_rtabmap_launch/my_rtabmap_launch.egg-info/top_level.txt
[0.828s] reading manifest file '../../build/my_rtabmap_launch/my_rtabmap_launch.egg-info/SOURCES.txt'
[0.828s] writing manifest file '../../build/my_rtabmap_launch/my_rtabmap_launch.egg-info/SOURCES.txt'
[0.829s] running build
[0.829s] running build_py
[0.829s] creating /home/li/vk_ros2_ws/build/my_rtabmap_launch/build
[0.829s] creating /home/li/vk_ros2_ws/build/my_rtabmap_launch/build/lib
[0.829s] creating /home/li/vk_ros2_ws/build/my_rtabmap_launch/build/lib/my_rtabmap_launch
[0.829s] copying my_rtabmap_launch/__init__.py -> /home/li/vk_ros2_ws/build/my_rtabmap_launch/build/lib/my_rtabmap_launch
[0.829s] copying my_rtabmap_launch/odom_to_tf_node.py -> /home/li/vk_ros2_ws/build/my_rtabmap_launch/build/lib/my_rtabmap_launch
[0.830s] running install
[0.830s] running install_lib
[0.830s] creating /home/li/vk_ros2_ws/install/my_rtabmap_launch/lib/python3.10/site-packages/my_rtabmap_launch
[0.830s] copying /home/li/vk_ros2_ws/build/my_rtabmap_launch/build/lib/my_rtabmap_launch/__init__.py -> /home/li/vk_ros2_ws/install/my_rtabmap_launch/lib/python3.10/site-packages/my_rtabmap_launch
[0.830s] copying /home/li/vk_ros2_ws/build/my_rtabmap_launch/build/lib/my_rtabmap_launch/odom_to_tf_node.py -> /home/li/vk_ros2_ws/install/my_rtabmap_launch/lib/python3.10/site-packages/my_rtabmap_launch
[0.830s] byte-compiling /home/li/vk_ros2_ws/install/my_rtabmap_launch/lib/python3.10/site-packages/my_rtabmap_launch/__init__.py to __init__.cpython-310.pyc
[0.830s] byte-compiling /home/li/vk_ros2_ws/install/my_rtabmap_launch/lib/python3.10/site-packages/my_rtabmap_launch/odom_to_tf_node.py to odom_to_tf_node.cpython-310.pyc
[0.830s] running install_data
[0.830s] copying resource/my_rtabmap_launch -> /home/li/vk_ros2_ws/install/my_rtabmap_launch/share/ament_index/resource_index/packages
[0.830s] copying package.xml -> /home/li/vk_ros2_ws/install/my_rtabmap_launch/share/my_rtabmap_launch
[0.831s] copying launch/rtabmap_dual_rgbd_backend_final.launch.py -> /home/li/vk_ros2_ws/install/my_rtabmap_launch/share/my_rtabmap_launch/launch
[0.831s] running install_egg_info
[0.832s] Copying ../../build/my_rtabmap_launch/my_rtabmap_launch.egg-info to /home/li/vk_ros2_ws/install/my_rtabmap_launch/lib/python3.10/site-packages/my_rtabmap_launch-0.0.0-py3.10.egg-info
[0.832s] running install_scripts
[0.846s] Installing odom_to_tf_node script to /home/li/vk_ros2_ws/install/my_rtabmap_launch/lib/my_rtabmap_launch
[0.846s] writing list of installed files to '/home/li/vk_ros2_ws/build/my_rtabmap_launch/install.log'
[0.860s] Invoked command in '/home/li/vk_ros2_ws/src/my_rtabmap_launch' returned '0': PYTHONPATH=/home/li/vk_ros2_ws/build/my_rtabmap_launch/prefix_override:/usr/lib/python3/dist-packages/colcon_core/task/python/colcon_distutils_commands:/home/li/vk_ros2_ws/install/my_rtabmap_launch/lib/python3.10/site-packages:${PYTHONPATH} /usr/bin/python3 -W ignore:setup.py install is deprecated -W ignore:easy_install command is deprecated setup.py egg_info --egg-base ../../build/my_rtabmap_launch build --build-base /home/li/vk_ros2_ws/build/my_rtabmap_launch/build install --record /home/li/vk_ros2_ws/build/my_rtabmap_launch/install.log --single-version-externally-managed install_data --force
