[0.069s] DEBUG:colcon:Command line arguments: ['/usr/bin/colcon', 'build', '--symlink-install', '--packages-select', 'dual_dense_mapper']
[0.069s] DEBUG:colcon:Parsed command line arguments: Namespace(log_base=None, log_level=None, verb_name='build', build_base='build', install_base='install', merge_install=False, symlink_install=True, test_result_base=None, continue_on_error=False, executor='parallel', parallel_workers=20, event_handlers=None, ignore_user_meta=False, metas=['./colcon.meta'], base_paths=['.'], packages_ignore=None, packages_ignore_regex=None, paths=None, packages_up_to=None, packages_up_to_regex=None, packages_above=None, packages_above_and_dependencies=None, packages_above_depth=None, packages_select_by_dep=None, packages_skip_by_dep=None, packages_skip_up_to=None, packages_select_build_failed=False, packages_skip_build_finished=False, packages_select_test_failures=False, packages_skip_test_passed=False, packages_select=['dual_dense_mapper'], packages_skip=None, packages_select_regex=None, packages_skip_regex=None, packages_start=None, packages_end=None, allow_overriding=[], cmake_args=None, cmake_target=None, cmake_target_skip_unavailable=False, cmake_clean_cache=False, cmake_clean_first=False, cmake_force_configure=False, ament_cmake_args=None, catkin_cmake_args=None, catkin_skip_building_tests=False, verb_parser=<colcon_defaults.argument_parser.defaults.DefaultArgumentsDecorator object at 0x729106345330>, verb_extension=<colcon_core.verb.build.BuildVerb object at 0x729106344790>, main=<bound method BuildVerb.main of <colcon_core.verb.build.BuildVerb object at 0x729106344790>>)
[0.172s] Level 1:colcon.colcon_core.package_discovery:discover_packages(colcon_meta) check parameters
[0.172s] Level 1:colcon.colcon_core.package_discovery:discover_packages(recursive) check parameters
[0.172s] Level 1:colcon.colcon_core.package_discovery:discover_packages(ignore) check parameters
[0.172s] Level 1:colcon.colcon_core.package_discovery:discover_packages(path) check parameters
[0.172s] Level 1:colcon.colcon_core.package_discovery:discover_packages(colcon_meta) discover
[0.172s] Level 1:colcon.colcon_core.package_discovery:discover_packages(recursive) discover
[0.172s] INFO:colcon.colcon_core.package_discovery:Crawling recursively for packages in '/home/li/vk_ros2_ws'
[0.172s] Level 1:colcon.colcon_core.package_identification:_identify(.) by extensions ['ignore', 'ignore_ament_install']
[0.172s] Level 1:colcon.colcon_core.package_identification:_identify(.) by extension 'ignore'
[0.172s] Level 1:colcon.colcon_core.package_identification:_identify(.) by extension 'ignore_ament_install'
[0.172s] Level 1:colcon.colcon_core.package_identification:_identify(.) by extensions ['colcon_pkg']
[0.172s] Level 1:colcon.colcon_core.package_identification:_identify(.) by extension 'colcon_pkg'
[0.172s] Level 1:colcon.colcon_core.package_identification:_identify(.) by extensions ['colcon_meta']
[0.172s] Level 1:colcon.colcon_core.package_identification:_identify(.) by extension 'colcon_meta'
[0.172s] Level 1:colcon.colcon_core.package_identification:_identify(.) by extensions ['ros']
[0.172s] Level 1:colcon.colcon_core.package_identification:_identify(.) by extension 'ros'
[0.194s] Level 1:colcon.colcon_core.package_identification:_identify(.) by extensions ['cmake', 'python']
[0.194s] Level 1:colcon.colcon_core.package_identification:_identify(.) by extension 'cmake'
[0.194s] Level 1:colcon.colcon_core.package_identification:_identify(.) by extension 'python'
[0.194s] Level 1:colcon.colcon_core.package_identification:_identify(.) by extensions ['python_setup_py']
[0.194s] Level 1:colcon.colcon_core.package_identification:_identify(.) by extension 'python_setup_py'
[0.194s] Level 1:colcon.colcon_core.package_identification:_identify(__pycache__) by extensions ['ignore', 'ignore_ament_install']
[0.194s] Level 1:colcon.colcon_core.package_identification:_identify(__pycache__) by extension 'ignore'
[0.194s] Level 1:colcon.colcon_core.package_identification:_identify(__pycache__) by extension 'ignore_ament_install'
[0.194s] Level 1:colcon.colcon_core.package_identification:_identify(__pycache__) by extensions ['colcon_pkg']
[0.194s] Level 1:colcon.colcon_core.package_identification:_identify(__pycache__) by extension 'colcon_pkg'
[0.194s] Level 1:colcon.colcon_core.package_identification:_identify(__pycache__) by extensions ['colcon_meta']
[0.194s] Level 1:colcon.colcon_core.package_identification:_identify(__pycache__) by extension 'colcon_meta'
[0.194s] Level 1:colcon.colcon_core.package_identification:_identify(__pycache__) by extensions ['ros']
[0.194s] Level 1:colcon.colcon_core.package_identification:_identify(__pycache__) by extension 'ros'
[0.194s] Level 1:colcon.colcon_core.package_identification:_identify(__pycache__) by extensions ['cmake', 'python']
[0.194s] Level 1:colcon.colcon_core.package_identification:_identify(__pycache__) by extension 'cmake'
[0.194s] Level 1:colcon.colcon_core.package_identification:_identify(__pycache__) by extension 'python'
[0.194s] Level 1:colcon.colcon_core.package_identification:_identify(__pycache__) by extensions ['python_setup_py']
[0.194s] Level 1:colcon.colcon_core.package_identification:_identify(__pycache__) by extension 'python_setup_py'
[0.195s] Level 1:colcon.colcon_core.package_identification:_identify(build) by extensions ['ignore', 'ignore_ament_install']
[0.195s] Level 1:colcon.colcon_core.package_identification:_identify(build) by extension 'ignore'
[0.195s] Level 1:colcon.colcon_core.package_identification:_identify(build) ignored
[0.195s] Level 1:colcon.colcon_core.package_identification:_identify(install) by extensions ['ignore', 'ignore_ament_install']
[0.195s] Level 1:colcon.colcon_core.package_identification:_identify(install) by extension 'ignore'
[0.195s] Level 1:colcon.colcon_core.package_identification:_identify(install) ignored
[0.195s] Level 1:colcon.colcon_core.package_identification:_identify(log) by extensions ['ignore', 'ignore_ament_install']
[0.195s] Level 1:colcon.colcon_core.package_identification:_identify(log) by extension 'ignore'
[0.195s] Level 1:colcon.colcon_core.package_identification:_identify(log) ignored
[0.195s] Level 1:colcon.colcon_core.package_identification:_identify(src) by extensions ['ignore', 'ignore_ament_install']
[0.195s] Level 1:colcon.colcon_core.package_identification:_identify(src) by extension 'ignore'
[0.195s] Level 1:colcon.colcon_core.package_identification:_identify(src) by extension 'ignore_ament_install'
[0.195s] Level 1:colcon.colcon_core.package_identification:_identify(src) by extensions ['colcon_pkg']
[0.195s] Level 1:colcon.colcon_core.package_identification:_identify(src) by extension 'colcon_pkg'
[0.195s] Level 1:colcon.colcon_core.package_identification:_identify(src) by extensions ['colcon_meta']
[0.195s] Level 1:colcon.colcon_core.package_identification:_identify(src) by extension 'colcon_meta'
[0.195s] Level 1:colcon.colcon_core.package_identification:_identify(src) by extensions ['ros']
[0.195s] Level 1:colcon.colcon_core.package_identification:_identify(src) by extension 'ros'
[0.195s] Level 1:colcon.colcon_core.package_identification:_identify(src) by extensions ['cmake', 'python']
[0.195s] Level 1:colcon.colcon_core.package_identification:_identify(src) by extension 'cmake'
[0.195s] Level 1:colcon.colcon_core.package_identification:_identify(src) by extension 'python'
[0.195s] Level 1:colcon.colcon_core.package_identification:_identify(src) by extensions ['python_setup_py']
[0.195s] Level 1:colcon.colcon_core.package_identification:_identify(src) by extension 'python_setup_py'
[0.195s] Level 1:colcon.colcon_core.package_identification:_identify(src/dual_dense_mapper) by extensions ['ignore', 'ignore_ament_install']
[0.195s] Level 1:colcon.colcon_core.package_identification:_identify(src/dual_dense_mapper) by extension 'ignore'
[0.195s] Level 1:colcon.colcon_core.package_identification:_identify(src/dual_dense_mapper) by extension 'ignore_ament_install'
[0.195s] Level 1:colcon.colcon_core.package_identification:_identify(src/dual_dense_mapper) by extensions ['colcon_pkg']
[0.195s] Level 1:colcon.colcon_core.package_identification:_identify(src/dual_dense_mapper) by extension 'colcon_pkg'
[0.195s] Level 1:colcon.colcon_core.package_identification:_identify(src/dual_dense_mapper) by extensions ['colcon_meta']
[0.195s] Level 1:colcon.colcon_core.package_identification:_identify(src/dual_dense_mapper) by extension 'colcon_meta'
[0.195s] Level 1:colcon.colcon_core.package_identification:_identify(src/dual_dense_mapper) by extensions ['ros']
[0.195s] Level 1:colcon.colcon_core.package_identification:_identify(src/dual_dense_mapper) by extension 'ros'
[0.197s] DEBUG:colcon.colcon_core.package_identification:Package 'src/dual_dense_mapper' with type 'ros.ament_cmake' and name 'dual_dense_mapper'
[0.197s] Level 1:colcon.colcon_core.package_identification:_identify(src/vk_ros2_driver) by extensions ['ignore', 'ignore_ament_install']
[0.197s] Level 1:colcon.colcon_core.package_identification:_identify(src/vk_ros2_driver) by extension 'ignore'
[0.197s] Level 1:colcon.colcon_core.package_identification:_identify(src/vk_ros2_driver) by extension 'ignore_ament_install'
[0.197s] Level 1:colcon.colcon_core.package_identification:_identify(src/vk_ros2_driver) by extensions ['colcon_pkg']
[0.197s] Level 1:colcon.colcon_core.package_identification:_identify(src/vk_ros2_driver) by extension 'colcon_pkg'
[0.197s] Level 1:colcon.colcon_core.package_identification:_identify(src/vk_ros2_driver) by extensions ['colcon_meta']
[0.197s] Level 1:colcon.colcon_core.package_identification:_identify(src/vk_ros2_driver) by extension 'colcon_meta'
[0.197s] Level 1:colcon.colcon_core.package_identification:_identify(src/vk_ros2_driver) by extensions ['ros']
[0.197s] Level 1:colcon.colcon_core.package_identification:_identify(src/vk_ros2_driver) by extension 'ros'
[0.198s] DEBUG:colcon.colcon_core.package_identification:Package 'src/vk_ros2_driver' with type 'ros.ament_cmake' and name 'vk_ros2_driver'
[0.198s] Level 1:colcon.colcon_core.package_discovery:discover_packages(recursive) using defaults
[0.198s] Level 1:colcon.colcon_core.package_discovery:discover_packages(ignore) discover
[0.198s] Level 1:colcon.colcon_core.package_discovery:discover_packages(ignore) using defaults
[0.198s] Level 1:colcon.colcon_core.package_discovery:discover_packages(path) discover
[0.198s] Level 1:colcon.colcon_core.package_discovery:discover_packages(path) using defaults
[0.211s] INFO:colcon.colcon_core.package_selection:Skipping not selected package 'vk_ros2_driver' in 'src/vk_ros2_driver'
[0.211s] Level 1:colcon.colcon_core.package_discovery:discover_packages(prefix_path) check parameters
[0.211s] Level 1:colcon.colcon_core.package_discovery:discover_packages(prefix_path) discover
[0.212s] DEBUG:colcon.colcon_installed_package_information.package_discovery:Found 1 installed packages in /home/li/vk_ros2_ws/install
[0.213s] DEBUG:colcon.colcon_installed_package_information.package_discovery:Found 15 installed packages in /home/li/rtabmap_ws/install
[0.214s] DEBUG:colcon.colcon_installed_package_information.package_discovery:Found 342 installed packages in /opt/ros/humble
[0.215s] Level 1:colcon.colcon_core.package_discovery:discover_packages(prefix_path) using defaults
[0.240s] Level 5:colcon.colcon_core.verb:set package 'dual_dense_mapper' build argument 'cmake_args' from command line to 'None'
[0.240s] Level 5:colcon.colcon_core.verb:set package 'dual_dense_mapper' build argument 'cmake_target' from command line to 'None'
[0.240s] Level 5:colcon.colcon_core.verb:set package 'dual_dense_mapper' build argument 'cmake_target_skip_unavailable' from command line to 'False'
[0.240s] Level 5:colcon.colcon_core.verb:set package 'dual_dense_mapper' build argument 'cmake_clean_cache' from command line to 'False'
[0.240s] Level 5:colcon.colcon_core.verb:set package 'dual_dense_mapper' build argument 'cmake_clean_first' from command line to 'False'
[0.240s] Level 5:colcon.colcon_core.verb:set package 'dual_dense_mapper' build argument 'cmake_force_configure' from command line to 'False'
[0.240s] Level 5:colcon.colcon_core.verb:set package 'dual_dense_mapper' build argument 'ament_cmake_args' from command line to 'None'
[0.240s] Level 5:colcon.colcon_core.verb:set package 'dual_dense_mapper' build argument 'catkin_cmake_args' from command line to 'None'
[0.240s] Level 5:colcon.colcon_core.verb:set package 'dual_dense_mapper' build argument 'catkin_skip_building_tests' from command line to 'False'
[0.240s] DEBUG:colcon.colcon_core.verb:Building package 'dual_dense_mapper' with the following arguments: {'ament_cmake_args': None, 'build_base': '/home/li/vk_ros2_ws/build/dual_dense_mapper', 'catkin_cmake_args': None, 'catkin_skip_building_tests': False, 'cmake_args': None, 'cmake_clean_cache': False, 'cmake_clean_first': False, 'cmake_force_configure': False, 'cmake_target': None, 'cmake_target_skip_unavailable': False, 'install_base': '/home/li/vk_ros2_ws/install/dual_dense_mapper', 'merge_install': False, 'path': '/home/li/vk_ros2_ws/src/dual_dense_mapper', 'symlink_install': True, 'test_result_base': None}
[0.240s] INFO:colcon.colcon_core.executor:Executing jobs using 'parallel' executor
[0.241s] DEBUG:colcon.colcon_parallel_executor.executor.parallel:run_until_complete
[0.241s] INFO:colcon.colcon_ros.task.ament_cmake.build:Building ROS package in '/home/li/vk_ros2_ws/src/dual_dense_mapper' with build type 'ament_cmake'
[0.242s] INFO:colcon.colcon_cmake.task.cmake.build:Building CMake package in '/home/li/vk_ros2_ws/src/dual_dense_mapper'
[0.243s] INFO:colcon.colcon_core.plugin_system:Skipping extension 'colcon_core.shell.bat': Not used on non-Windows systems
[0.243s] INFO:colcon.colcon_core.shell:Skip shell extension 'powershell' for command environment: Not usable outside of PowerShell
[0.243s] DEBUG:colcon.colcon_core.shell:Skip shell extension 'dsv' for command environment
[0.250s] DEBUG:colcon.colcon_core.event_handler.log_command:Invoking command in '/home/li/vk_ros2_ws/build/dual_dense_mapper': CMAKE_PREFIX_PATH=${CMAKE_PREFIX_PATH}:/home/li/rtabmap_ws/install/rtabmap_python:/opt/ros/humble /usr/bin/cmake /home/li/vk_ros2_ws/src/dual_dense_mapper -DAMENT_CMAKE_SYMLINK_INSTALL=1 -DCMAKE_INSTALL_PREFIX=/home/li/vk_ros2_ws/install/dual_dense_mapper
[3.987s] DEBUG:colcon.colcon_core.event_handler.log_command:Invoked command in '/home/li/vk_ros2_ws/build/dual_dense_mapper' returned '0': CMAKE_PREFIX_PATH=${CMAKE_PREFIX_PATH}:/home/li/rtabmap_ws/install/rtabmap_python:/opt/ros/humble /usr/bin/cmake /home/li/vk_ros2_ws/src/dual_dense_mapper -DAMENT_CMAKE_SYMLINK_INSTALL=1 -DCMAKE_INSTALL_PREFIX=/home/li/vk_ros2_ws/install/dual_dense_mapper
[3.989s] DEBUG:colcon.colcon_core.event_handler.log_command:Invoking command in '/home/li/vk_ros2_ws/build/dual_dense_mapper': CMAKE_PREFIX_PATH=${CMAKE_PREFIX_PATH}:/home/li/rtabmap_ws/install/rtabmap_python:/opt/ros/humble /usr/bin/cmake --build /home/li/vk_ros2_ws/build/dual_dense_mapper -- -j20 -l20
[19.849s] DEBUG:colcon.colcon_core.event_handler.log_command:Invoked command in '/home/li/vk_ros2_ws/build/dual_dense_mapper' returned '0': CMAKE_PREFIX_PATH=${CMAKE_PREFIX_PATH}:/home/li/rtabmap_ws/install/rtabmap_python:/opt/ros/humble /usr/bin/cmake --build /home/li/vk_ros2_ws/build/dual_dense_mapper -- -j20 -l20
[19.859s] DEBUG:colcon.colcon_core.event_handler.log_command:Invoking command in '/home/li/vk_ros2_ws/build/dual_dense_mapper': CMAKE_PREFIX_PATH=${CMAKE_PREFIX_PATH}:/home/li/rtabmap_ws/install/rtabmap_python:/opt/ros/humble /usr/bin/cmake --install /home/li/vk_ros2_ws/build/dual_dense_mapper
[20.057s] Level 1:colcon.colcon_core.environment:create_environment_scripts_only(dual_dense_mapper)
[20.058s] DEBUG:colcon.colcon_core.event_handler.log_command:Invoked command in '/home/li/vk_ros2_ws/build/dual_dense_mapper' returned '0': CMAKE_PREFIX_PATH=${CMAKE_PREFIX_PATH}:/home/li/rtabmap_ws/install/rtabmap_python:/opt/ros/humble /usr/bin/cmake --install /home/li/vk_ros2_ws/build/dual_dense_mapper
[20.062s] Level 1:colcon.colcon_core.environment:checking '/home/li/vk_ros2_ws/install/dual_dense_mapper' for CMake module files
[20.063s] Level 1:colcon.colcon_core.environment:checking '/home/li/vk_ros2_ws/install/dual_dense_mapper' for CMake config files
[20.063s] Level 1:colcon.colcon_core.shell:create_environment_hook('dual_dense_mapper', 'cmake_prefix_path')
[20.063s] INFO:colcon.colcon_core.shell:Creating environment hook '/home/li/vk_ros2_ws/install/dual_dense_mapper/share/dual_dense_mapper/hook/cmake_prefix_path.ps1'
[20.065s] INFO:colcon.colcon_core.shell:Creating environment descriptor '/home/li/vk_ros2_ws/install/dual_dense_mapper/share/dual_dense_mapper/hook/cmake_prefix_path.dsv'
[20.066s] INFO:colcon.colcon_core.shell:Creating environment hook '/home/li/vk_ros2_ws/install/dual_dense_mapper/share/dual_dense_mapper/hook/cmake_prefix_path.sh'
[20.067s] Level 1:colcon.colcon_core.environment:checking '/home/li/vk_ros2_ws/install/dual_dense_mapper/lib'
[20.067s] Level 1:colcon.colcon_core.environment:checking '/home/li/vk_ros2_ws/install/dual_dense_mapper/bin'
[20.068s] Level 1:colcon.colcon_core.environment:checking '/home/li/vk_ros2_ws/install/dual_dense_mapper/lib/pkgconfig/dual_dense_mapper.pc'
[20.068s] Level 1:colcon.colcon_core.environment:checking '/home/li/vk_ros2_ws/install/dual_dense_mapper/lib/python3.10/site-packages'
[20.068s] Level 1:colcon.colcon_core.environment:checking '/home/li/vk_ros2_ws/install/dual_dense_mapper/bin'
[20.069s] INFO:colcon.colcon_core.shell:Creating package script '/home/li/vk_ros2_ws/install/dual_dense_mapper/share/dual_dense_mapper/package.ps1'
[20.070s] INFO:colcon.colcon_core.shell:Creating package descriptor '/home/li/vk_ros2_ws/install/dual_dense_mapper/share/dual_dense_mapper/package.dsv'
[20.071s] INFO:colcon.colcon_core.shell:Creating package script '/home/li/vk_ros2_ws/install/dual_dense_mapper/share/dual_dense_mapper/package.sh'
[20.072s] INFO:colcon.colcon_core.shell:Creating package script '/home/li/vk_ros2_ws/install/dual_dense_mapper/share/dual_dense_mapper/package.bash'
[20.073s] INFO:colcon.colcon_core.shell:Creating package script '/home/li/vk_ros2_ws/install/dual_dense_mapper/share/dual_dense_mapper/package.zsh'
[20.073s] Level 1:colcon.colcon_core.environment:create_file_with_runtime_dependencies(/home/li/vk_ros2_ws/install/dual_dense_mapper/share/colcon-core/packages/dual_dense_mapper)
[20.074s] Level 1:colcon.colcon_core.environment:create_environment_scripts_only(dual_dense_mapper)
[20.074s] Level 1:colcon.colcon_core.environment:checking '/home/li/vk_ros2_ws/install/dual_dense_mapper' for CMake module files
[20.075s] Level 1:colcon.colcon_core.environment:checking '/home/li/vk_ros2_ws/install/dual_dense_mapper' for CMake config files
[20.075s] Level 1:colcon.colcon_core.shell:create_environment_hook('dual_dense_mapper', 'cmake_prefix_path')
[20.075s] INFO:colcon.colcon_core.shell:Creating environment hook '/home/li/vk_ros2_ws/install/dual_dense_mapper/share/dual_dense_mapper/hook/cmake_prefix_path.ps1'
[20.076s] INFO:colcon.colcon_core.shell:Creating environment descriptor '/home/li/vk_ros2_ws/install/dual_dense_mapper/share/dual_dense_mapper/hook/cmake_prefix_path.dsv'
[20.076s] INFO:colcon.colcon_core.shell:Creating environment hook '/home/li/vk_ros2_ws/install/dual_dense_mapper/share/dual_dense_mapper/hook/cmake_prefix_path.sh'
[20.077s] Level 1:colcon.colcon_core.environment:checking '/home/li/vk_ros2_ws/install/dual_dense_mapper/lib'
[20.077s] Level 1:colcon.colcon_core.environment:checking '/home/li/vk_ros2_ws/install/dual_dense_mapper/bin'
[20.077s] Level 1:colcon.colcon_core.environment:checking '/home/li/vk_ros2_ws/install/dual_dense_mapper/lib/pkgconfig/dual_dense_mapper.pc'
[20.077s] Level 1:colcon.colcon_core.environment:checking '/home/li/vk_ros2_ws/install/dual_dense_mapper/lib/python3.10/site-packages'
[20.077s] Level 1:colcon.colcon_core.environment:checking '/home/li/vk_ros2_ws/install/dual_dense_mapper/bin'
[20.078s] INFO:colcon.colcon_core.shell:Creating package script '/home/li/vk_ros2_ws/install/dual_dense_mapper/share/dual_dense_mapper/package.ps1'
[20.078s] INFO:colcon.colcon_core.shell:Creating package descriptor '/home/li/vk_ros2_ws/install/dual_dense_mapper/share/dual_dense_mapper/package.dsv'
[20.078s] INFO:colcon.colcon_core.shell:Creating package script '/home/li/vk_ros2_ws/install/dual_dense_mapper/share/dual_dense_mapper/package.sh'
[20.079s] INFO:colcon.colcon_core.shell:Creating package script '/home/li/vk_ros2_ws/install/dual_dense_mapper/share/dual_dense_mapper/package.bash'
[20.079s] INFO:colcon.colcon_core.shell:Creating package script '/home/li/vk_ros2_ws/install/dual_dense_mapper/share/dual_dense_mapper/package.zsh'
[20.079s] Level 1:colcon.colcon_core.environment:create_file_with_runtime_dependencies(/home/li/vk_ros2_ws/install/dual_dense_mapper/share/colcon-core/packages/dual_dense_mapper)
[20.079s] DEBUG:colcon.colcon_parallel_executor.executor.parallel:closing loop
[20.080s] DEBUG:colcon.colcon_parallel_executor.executor.parallel:loop closed
[20.080s] DEBUG:colcon.colcon_parallel_executor.executor.parallel:run_until_complete finished with '0'
[20.080s] DEBUG:colcon.colcon_core.event_reactor:joining thread
[20.084s] INFO:colcon.colcon_core.plugin_system:Skipping extension 'colcon_notification.desktop_notification.terminal_notifier': Not used on non-Darwin systems
[20.084s] INFO:colcon.colcon_core.plugin_system:Skipping extension 'colcon_notification.desktop_notification.win32': Not used on non-Windows systems
[20.084s] INFO:colcon.colcon_notification.desktop_notification:Sending desktop notification using 'notify2'
[20.095s] DEBUG:colcon.colcon_core.event_reactor:joined thread
[20.095s] INFO:colcon.colcon_core.shell:Creating prefix script '/home/li/vk_ros2_ws/install/local_setup.ps1'
[20.096s] INFO:colcon.colcon_core.shell:Creating prefix util module '/home/li/vk_ros2_ws/install/_local_setup_util_ps1.py'
[20.097s] INFO:colcon.colcon_core.shell:Creating prefix chain script '/home/li/vk_ros2_ws/install/setup.ps1'
[20.098s] INFO:colcon.colcon_core.shell:Creating prefix script '/home/li/vk_ros2_ws/install/local_setup.sh'
[20.099s] INFO:colcon.colcon_core.shell:Creating prefix util module '/home/li/vk_ros2_ws/install/_local_setup_util_sh.py'
[20.099s] INFO:colcon.colcon_core.shell:Creating prefix chain script '/home/li/vk_ros2_ws/install/setup.sh'
[20.101s] INFO:colcon.colcon_core.shell:Creating prefix script '/home/li/vk_ros2_ws/install/local_setup.bash'
[20.101s] INFO:colcon.colcon_core.shell:Creating prefix chain script '/home/li/vk_ros2_ws/install/setup.bash'
[20.103s] INFO:colcon.colcon_core.shell:Creating prefix script '/home/li/vk_ros2_ws/install/local_setup.zsh'
[20.103s] INFO:colcon.colcon_core.shell:Creating prefix chain script '/home/li/vk_ros2_ws/install/setup.zsh'
