[0.010s] Invoking command in '/home/li/vk_ros2_ws/build/vk_ros2_driver': CMAKE_PREFIX_PATH=${CMAKE_PREFIX_PATH}:/home/li/rtabmap_ws/install/rtabmap_python:/opt/ros/humble /usr/bin/cmake --build /home/li/vk_ros2_ws/build/vk_ros2_driver -- -j20 -l20
[0.152s] [ 50%] Built target vk_ros2_driver_node
[0.170s] [100%] Built target vk_ros2_driver
[0.179s] Invoked command in '/home/li/vk_ros2_ws/build/vk_ros2_driver' returned '0': CMAKE_PREFIX_PATH=${CMAKE_PREFIX_PATH}:/home/li/rtabmap_ws/install/rtabmap_python:/opt/ros/humble /usr/bin/cmake --build /home/li/vk_ros2_ws/build/vk_ros2_driver -- -j20 -l20
[0.187s] Invoking command in '/home/li/vk_ros2_ws/build/vk_ros2_driver': CMAKE_PREFIX_PATH=${CMAKE_PREFIX_PATH}:/home/li/rtabmap_ws/install/rtabmap_python:/opt/ros/humble /usr/bin/cmake --install /home/li/vk_ros2_ws/build/vk_ros2_driver
[0.192s] -- Install configuration: ""
[0.193s] -- Execute custom install script
[0.193s] -- Up-to-date symlink: /home/li/vk_ros2_ws/install/vk_ros2_driver/lib/vk_ros2_driver/vk_ros2_driver_node
[0.193s] -- Up-to-date symlink: /home/li/vk_ros2_ws/install/vk_ros2_driver/include/vk_ros2_driver/vk_ros2_driver/vk_ros2_driver.hpp
[0.194s] -- Up-to-date symlink: /home/li/vk_ros2_ws/install/vk_ros2_driver/share/vk_ros2_driver/launch/__pycache__/example.launch.cpython-310.pyc
[0.194s] -- Up-to-date symlink: /home/li/vk_ros2_ws/install/vk_ros2_driver/share/vk_ros2_driver/launch/__pycache__/loop_closure_and_tsdf.launch.cpython-310.pyc
[0.194s] -- Up-to-date symlink: /home/li/vk_ros2_ws/install/vk_ros2_driver/share/vk_ros2_driver/launch/example.launch.py
[0.194s] -- Up-to-date symlink: /home/li/vk_ros2_ws/install/vk_ros2_driver/share/vk_ros2_driver/config/example.yaml
[0.194s] -- Up-to-date symlink: /home/li/vk_ros2_ws/install/vk_ros2_driver/share/ament_index/resource_index/package_run_dependencies/vk_ros2_driver
[0.194s] -- Up-to-date symlink: /home/li/vk_ros2_ws/install/vk_ros2_driver/share/ament_index/resource_index/parent_prefix_path/vk_ros2_driver
[0.194s] -- Up-to-date symlink: /home/li/vk_ros2_ws/install/vk_ros2_driver/share/vk_ros2_driver/environment/ament_prefix_path.sh
[0.194s] -- Up-to-date symlink: /home/li/vk_ros2_ws/install/vk_ros2_driver/share/vk_ros2_driver/environment/ament_prefix_path.dsv
[0.194s] -- Up-to-date symlink: /home/li/vk_ros2_ws/install/vk_ros2_driver/share/vk_ros2_driver/environment/path.sh
[0.194s] -- Up-to-date symlink: /home/li/vk_ros2_ws/install/vk_ros2_driver/share/vk_ros2_driver/environment/path.dsv
[0.194s] -- Up-to-date symlink: /home/li/vk_ros2_ws/install/vk_ros2_driver/share/vk_ros2_driver/local_setup.bash
[0.194s] -- Up-to-date symlink: /home/li/vk_ros2_ws/install/vk_ros2_driver/share/vk_ros2_driver/local_setup.sh
[0.195s] -- Up-to-date symlink: /home/li/vk_ros2_ws/install/vk_ros2_driver/share/vk_ros2_driver/local_setup.zsh
[0.195s] -- Up-to-date symlink: /home/li/vk_ros2_ws/install/vk_ros2_driver/share/vk_ros2_driver/local_setup.dsv
[0.195s] -- Symlinking: /home/li/vk_ros2_ws/install/vk_ros2_driver/share/vk_ros2_driver/package.dsv
[0.201s] -- Up-to-date symlink: /home/li/vk_ros2_ws/install/vk_ros2_driver/share/ament_index/resource_index/packages/vk_ros2_driver
[0.201s] -- Up-to-date symlink: /home/li/vk_ros2_ws/install/vk_ros2_driver/share/ament_index/resource_index/rclcpp_components/vk_ros2_driver
[0.201s] -- Up-to-date symlink: /home/li/vk_ros2_ws/install/vk_ros2_driver/share/vk_ros2_driver/cmake/ament_cmake_export_dependencies-extras.cmake
[0.202s] -- Up-to-date symlink: /home/li/vk_ros2_ws/install/vk_ros2_driver/share/vk_ros2_driver/cmake/vk_ros2_driverConfig.cmake
[0.202s] -- Up-to-date symlink: /home/li/vk_ros2_ws/install/vk_ros2_driver/share/vk_ros2_driver/cmake/vk_ros2_driverConfig-version.cmake
[0.202s] -- Up-to-date symlink: /home/li/vk_ros2_ws/install/vk_ros2_driver/share/vk_ros2_driver/package.xml
[0.203s] -- Up-to-date: /home/li/vk_ros2_ws/install/vk_ros2_driver/lib/libvk_ros2_driver.so
[0.206s] Invoked command in '/home/li/vk_ros2_ws/build/vk_ros2_driver' returned '0': CMAKE_PREFIX_PATH=${CMAKE_PREFIX_PATH}:/home/li/rtabmap_ws/install/rtabmap_python:/opt/ros/humble /usr/bin/cmake --install /home/li/vk_ros2_ws/build/vk_ros2_driver
