[0.067s] DEBUG:colcon:Command line arguments: ['/usr/bin/colcon', 'build', '--packages-select', 'my_rtabmap_launch']
[0.067s] DEBUG:colcon:Parsed command line arguments: Namespace(log_base=None, log_level=None, verb_name='build', build_base='build', install_base='install', merge_install=False, symlink_install=False, test_result_base=None, continue_on_error=False, executor='parallel', parallel_workers=20, event_handlers=None, ignore_user_meta=False, metas=['./colcon.meta'], base_paths=['.'], packages_ignore=None, packages_ignore_regex=None, paths=None, packages_up_to=None, packages_up_to_regex=None, packages_above=None, packages_above_and_dependencies=None, packages_above_depth=None, packages_select_by_dep=None, packages_skip_by_dep=None, packages_skip_up_to=None, packages_select_build_failed=False, packages_skip_build_finished=False, packages_select_test_failures=False, packages_skip_test_passed=False, packages_select=['my_rtabmap_launch'], packages_skip=None, packages_select_regex=None, packages_skip_regex=None, packages_start=None, packages_end=None, allow_overriding=[], cmake_args=None, cmake_target=None, cmake_target_skip_unavailable=False, cmake_clean_cache=False, cmake_clean_first=False, cmake_force_configure=False, ament_cmake_args=None, catkin_cmake_args=None, catkin_skip_building_tests=False, verb_parser=<colcon_defaults.argument_parser.defaults.DefaultArgumentsDecorator object at 0x738bdb019870>, verb_extension=<colcon_core.verb.build.BuildVerb object at 0x738bdb018cd0>, main=<bound method BuildVerb.main of <colcon_core.verb.build.BuildVerb object at 0x738bdb018cd0>>)
[0.169s] Level 1:colcon.colcon_core.package_discovery:discover_packages(colcon_meta) check parameters
[0.169s] Level 1:colcon.colcon_core.package_discovery:discover_packages(recursive) check parameters
[0.169s] Level 1:colcon.colcon_core.package_discovery:discover_packages(ignore) check parameters
[0.169s] Level 1:colcon.colcon_core.package_discovery:discover_packages(path) check parameters
[0.169s] Level 1:colcon.colcon_core.package_discovery:discover_packages(colcon_meta) discover
[0.169s] Level 1:colcon.colcon_core.package_discovery:discover_packages(recursive) discover
[0.169s] INFO:colcon.colcon_core.package_discovery:Crawling recursively for packages in '/home/li/vk_ros2_ws'
[0.169s] Level 1:colcon.colcon_core.package_identification:_identify(.) by extensions ['ignore', 'ignore_ament_install']
[0.169s] Level 1:colcon.colcon_core.package_identification:_identify(.) by extension 'ignore'
[0.169s] Level 1:colcon.colcon_core.package_identification:_identify(.) by extension 'ignore_ament_install'
[0.169s] Level 1:colcon.colcon_core.package_identification:_identify(.) by extensions ['colcon_pkg']
[0.169s] Level 1:colcon.colcon_core.package_identification:_identify(.) by extension 'colcon_pkg'
[0.169s] Level 1:colcon.colcon_core.package_identification:_identify(.) by extensions ['colcon_meta']
[0.169s] Level 1:colcon.colcon_core.package_identification:_identify(.) by extension 'colcon_meta'
[0.169s] Level 1:colcon.colcon_core.package_identification:_identify(.) by extensions ['ros']
[0.169s] Level 1:colcon.colcon_core.package_identification:_identify(.) by extension 'ros'
[0.190s] Level 1:colcon.colcon_core.package_identification:_identify(.) by extensions ['cmake', 'python']
[0.190s] Level 1:colcon.colcon_core.package_identification:_identify(.) by extension 'cmake'
[0.190s] Level 1:colcon.colcon_core.package_identification:_identify(.) by extension 'python'
[0.190s] Level 1:colcon.colcon_core.package_identification:_identify(.) by extensions ['python_setup_py']
[0.190s] Level 1:colcon.colcon_core.package_identification:_identify(.) by extension 'python_setup_py'
[0.190s] Level 1:colcon.colcon_core.package_identification:_identify(__pycache__) by extensions ['ignore', 'ignore_ament_install']
[0.190s] Level 1:colcon.colcon_core.package_identification:_identify(__pycache__) by extension 'ignore'
[0.190s] Level 1:colcon.colcon_core.package_identification:_identify(__pycache__) by extension 'ignore_ament_install'
[0.190s] Level 1:colcon.colcon_core.package_identification:_identify(__pycache__) by extensions ['colcon_pkg']
[0.190s] Level 1:colcon.colcon_core.package_identification:_identify(__pycache__) by extension 'colcon_pkg'
[0.190s] Level 1:colcon.colcon_core.package_identification:_identify(__pycache__) by extensions ['colcon_meta']
[0.190s] Level 1:colcon.colcon_core.package_identification:_identify(__pycache__) by extension 'colcon_meta'
[0.191s] Level 1:colcon.colcon_core.package_identification:_identify(__pycache__) by extensions ['ros']
[0.191s] Level 1:colcon.colcon_core.package_identification:_identify(__pycache__) by extension 'ros'
[0.191s] Level 1:colcon.colcon_core.package_identification:_identify(__pycache__) by extensions ['cmake', 'python']
[0.191s] Level 1:colcon.colcon_core.package_identification:_identify(__pycache__) by extension 'cmake'
[0.191s] Level 1:colcon.colcon_core.package_identification:_identify(__pycache__) by extension 'python'
[0.191s] Level 1:colcon.colcon_core.package_identification:_identify(__pycache__) by extensions ['python_setup_py']
[0.191s] Level 1:colcon.colcon_core.package_identification:_identify(__pycache__) by extension 'python_setup_py'
[0.191s] Level 1:colcon.colcon_core.package_identification:_identify(build) by extensions ['ignore', 'ignore_ament_install']
[0.191s] Level 1:colcon.colcon_core.package_identification:_identify(build) by extension 'ignore'
[0.191s] Level 1:colcon.colcon_core.package_identification:_identify(build) ignored
[0.191s] Level 1:colcon.colcon_core.package_identification:_identify(install) by extensions ['ignore', 'ignore_ament_install']
[0.191s] Level 1:colcon.colcon_core.package_identification:_identify(install) by extension 'ignore'
[0.191s] Level 1:colcon.colcon_core.package_identification:_identify(install) ignored
[0.191s] Level 1:colcon.colcon_core.package_identification:_identify(log) by extensions ['ignore', 'ignore_ament_install']
[0.191s] Level 1:colcon.colcon_core.package_identification:_identify(log) by extension 'ignore'
[0.191s] Level 1:colcon.colcon_core.package_identification:_identify(log) ignored
[0.191s] Level 1:colcon.colcon_core.package_identification:_identify(src) by extensions ['ignore', 'ignore_ament_install']
[0.191s] Level 1:colcon.colcon_core.package_identification:_identify(src) by extension 'ignore'
[0.191s] Level 1:colcon.colcon_core.package_identification:_identify(src) by extension 'ignore_ament_install'
[0.191s] Level 1:colcon.colcon_core.package_identification:_identify(src) by extensions ['colcon_pkg']
[0.191s] Level 1:colcon.colcon_core.package_identification:_identify(src) by extension 'colcon_pkg'
[0.191s] Level 1:colcon.colcon_core.package_identification:_identify(src) by extensions ['colcon_meta']
[0.191s] Level 1:colcon.colcon_core.package_identification:_identify(src) by extension 'colcon_meta'
[0.191s] Level 1:colcon.colcon_core.package_identification:_identify(src) by extensions ['ros']
[0.191s] Level 1:colcon.colcon_core.package_identification:_identify(src) by extension 'ros'
[0.191s] Level 1:colcon.colcon_core.package_identification:_identify(src) by extensions ['cmake', 'python']
[0.191s] Level 1:colcon.colcon_core.package_identification:_identify(src) by extension 'cmake'
[0.191s] Level 1:colcon.colcon_core.package_identification:_identify(src) by extension 'python'
[0.191s] Level 1:colcon.colcon_core.package_identification:_identify(src) by extensions ['python_setup_py']
[0.191s] Level 1:colcon.colcon_core.package_identification:_identify(src) by extension 'python_setup_py'
[0.191s] Level 1:colcon.colcon_core.package_identification:_identify(src/my_rtabmap_launch) by extensions ['ignore', 'ignore_ament_install']
[0.191s] Level 1:colcon.colcon_core.package_identification:_identify(src/my_rtabmap_launch) by extension 'ignore'
[0.192s] Level 1:colcon.colcon_core.package_identification:_identify(src/my_rtabmap_launch) by extension 'ignore_ament_install'
[0.192s] Level 1:colcon.colcon_core.package_identification:_identify(src/my_rtabmap_launch) by extensions ['colcon_pkg']
[0.192s] Level 1:colcon.colcon_core.package_identification:_identify(src/my_rtabmap_launch) by extension 'colcon_pkg'
[0.192s] Level 1:colcon.colcon_core.package_identification:_identify(src/my_rtabmap_launch) by extensions ['colcon_meta']
[0.192s] Level 1:colcon.colcon_core.package_identification:_identify(src/my_rtabmap_launch) by extension 'colcon_meta'
[0.192s] Level 1:colcon.colcon_core.package_identification:_identify(src/my_rtabmap_launch) by extensions ['ros']
[0.192s] Level 1:colcon.colcon_core.package_identification:_identify(src/my_rtabmap_launch) by extension 'ros'
[0.193s] DEBUG:colcon.colcon_core.package_identification:Package 'src/my_rtabmap_launch' with type 'ros.ament_python' and name 'my_rtabmap_launch'
[0.193s] Level 1:colcon.colcon_core.package_identification:_identify(src/vk_ros2_driver) by extensions ['ignore', 'ignore_ament_install']
[0.194s] Level 1:colcon.colcon_core.package_identification:_identify(src/vk_ros2_driver) by extension 'ignore'
[0.194s] Level 1:colcon.colcon_core.package_identification:_identify(src/vk_ros2_driver) by extension 'ignore_ament_install'
[0.194s] Level 1:colcon.colcon_core.package_identification:_identify(src/vk_ros2_driver) by extensions ['colcon_pkg']
[0.194s] Level 1:colcon.colcon_core.package_identification:_identify(src/vk_ros2_driver) by extension 'colcon_pkg'
[0.194s] Level 1:colcon.colcon_core.package_identification:_identify(src/vk_ros2_driver) by extensions ['colcon_meta']
[0.194s] Level 1:colcon.colcon_core.package_identification:_identify(src/vk_ros2_driver) by extension 'colcon_meta'
[0.194s] Level 1:colcon.colcon_core.package_identification:_identify(src/vk_ros2_driver) by extensions ['ros']
[0.194s] Level 1:colcon.colcon_core.package_identification:_identify(src/vk_ros2_driver) by extension 'ros'
[0.195s] DEBUG:colcon.colcon_core.package_identification:Package 'src/vk_ros2_driver' with type 'ros.ament_cmake' and name 'vk_ros2_driver'
[0.195s] Level 1:colcon.colcon_core.package_discovery:discover_packages(recursive) using defaults
[0.195s] Level 1:colcon.colcon_core.package_discovery:discover_packages(ignore) discover
[0.195s] Level 1:colcon.colcon_core.package_discovery:discover_packages(ignore) using defaults
[0.195s] Level 1:colcon.colcon_core.package_discovery:discover_packages(path) discover
[0.195s] Level 1:colcon.colcon_core.package_discovery:discover_packages(path) using defaults
[0.208s] INFO:colcon.colcon_core.package_selection:Skipping not selected package 'vk_ros2_driver' in 'src/vk_ros2_driver'
[0.208s] Level 1:colcon.colcon_core.package_discovery:discover_packages(prefix_path) check parameters
[0.208s] Level 1:colcon.colcon_core.package_discovery:discover_packages(prefix_path) discover
[0.209s] DEBUG:colcon.colcon_installed_package_information.package_discovery:Found 2 installed packages in /home/li/vk_ros2_ws/install
[0.210s] DEBUG:colcon.colcon_installed_package_information.package_discovery:Found 15 installed packages in /home/li/rtabmap_ws/install
[0.211s] DEBUG:colcon.colcon_installed_package_information.package_discovery:Found 342 installed packages in /opt/ros/humble
[0.212s] Level 1:colcon.colcon_core.package_discovery:discover_packages(prefix_path) using defaults
[0.237s] Level 5:colcon.colcon_core.verb:set package 'my_rtabmap_launch' build argument 'cmake_args' from command line to 'None'
[0.237s] Level 5:colcon.colcon_core.verb:set package 'my_rtabmap_launch' build argument 'cmake_target' from command line to 'None'
[0.237s] Level 5:colcon.colcon_core.verb:set package 'my_rtabmap_launch' build argument 'cmake_target_skip_unavailable' from command line to 'False'
[0.237s] Level 5:colcon.colcon_core.verb:set package 'my_rtabmap_launch' build argument 'cmake_clean_cache' from command line to 'False'
[0.237s] Level 5:colcon.colcon_core.verb:set package 'my_rtabmap_launch' build argument 'cmake_clean_first' from command line to 'False'
[0.237s] Level 5:colcon.colcon_core.verb:set package 'my_rtabmap_launch' build argument 'cmake_force_configure' from command line to 'False'
[0.237s] Level 5:colcon.colcon_core.verb:set package 'my_rtabmap_launch' build argument 'ament_cmake_args' from command line to 'None'
[0.237s] Level 5:colcon.colcon_core.verb:set package 'my_rtabmap_launch' build argument 'catkin_cmake_args' from command line to 'None'
[0.237s] Level 5:colcon.colcon_core.verb:set package 'my_rtabmap_launch' build argument 'catkin_skip_building_tests' from command line to 'False'
[0.237s] DEBUG:colcon.colcon_core.verb:Building package 'my_rtabmap_launch' with the following arguments: {'ament_cmake_args': None, 'build_base': '/home/li/vk_ros2_ws/build/my_rtabmap_launch', 'catkin_cmake_args': None, 'catkin_skip_building_tests': False, 'cmake_args': None, 'cmake_clean_cache': False, 'cmake_clean_first': False, 'cmake_force_configure': False, 'cmake_target': None, 'cmake_target_skip_unavailable': False, 'install_base': '/home/li/vk_ros2_ws/install/my_rtabmap_launch', 'merge_install': False, 'path': '/home/li/vk_ros2_ws/src/my_rtabmap_launch', 'symlink_install': False, 'test_result_base': None}
[0.237s] INFO:colcon.colcon_core.executor:Executing jobs using 'parallel' executor
[0.238s] DEBUG:colcon.colcon_parallel_executor.executor.parallel:run_until_complete
[0.238s] INFO:colcon.colcon_ros.task.ament_python.build:Building ROS package in '/home/li/vk_ros2_ws/src/my_rtabmap_launch' with build type 'ament_python'
[0.238s] Level 1:colcon.colcon_core.shell:create_environment_hook('my_rtabmap_launch', 'ament_prefix_path')
[0.239s] INFO:colcon.colcon_core.plugin_system:Skipping extension 'colcon_core.shell.bat': Not used on non-Windows systems
[0.239s] INFO:colcon.colcon_core.shell:Creating environment hook '/home/li/vk_ros2_ws/install/my_rtabmap_launch/share/my_rtabmap_launch/hook/ament_prefix_path.ps1'
[0.240s] INFO:colcon.colcon_core.shell:Creating environment descriptor '/home/li/vk_ros2_ws/install/my_rtabmap_launch/share/my_rtabmap_launch/hook/ament_prefix_path.dsv'
[0.240s] INFO:colcon.colcon_core.shell:Creating environment hook '/home/li/vk_ros2_ws/install/my_rtabmap_launch/share/my_rtabmap_launch/hook/ament_prefix_path.sh'
[0.240s] INFO:colcon.colcon_core.shell:Skip shell extension 'powershell' for command environment: Not usable outside of PowerShell
[0.240s] DEBUG:colcon.colcon_core.shell:Skip shell extension 'dsv' for command environment
[0.404s] INFO:colcon.colcon_core.task.python.build:Building Python package in '/home/li/vk_ros2_ws/src/my_rtabmap_launch'
[0.405s] INFO:colcon.colcon_core.shell:Skip shell extension 'powershell' for command environment: Not usable outside of PowerShell
[0.405s] DEBUG:colcon.colcon_core.shell:Skip shell extension 'dsv' for command environment
[0.628s] DEBUG:colcon.colcon_core.event_handler.log_command:Invoking command in '/home/li/vk_ros2_ws/build/my_rtabmap_launch': PYTHONPATH=/home/li/vk_ros2_ws/build/my_rtabmap_launch/prefix_override:/usr/lib/python3/dist-packages/colcon_core/task/python/colcon_distutils_commands:/home/li/vk_ros2_ws/install/my_rtabmap_launch/lib/python3.10/site-packages:${PYTHONPATH} /usr/bin/python3 -W ignore:setup.py install is deprecated -W ignore:easy_install command is deprecated setup.py develop --uninstall --editable --build-directory /home/li/vk_ros2_ws/build/my_rtabmap_launch/build
[0.908s] DEBUG:colcon.colcon_core.event_handler.log_command:Invoked command in '/home/li/vk_ros2_ws/build/my_rtabmap_launch' returned '0': PYTHONPATH=/home/li/vk_ros2_ws/build/my_rtabmap_launch/prefix_override:/usr/lib/python3/dist-packages/colcon_core/task/python/colcon_distutils_commands:/home/li/vk_ros2_ws/install/my_rtabmap_launch/lib/python3.10/site-packages:${PYTHONPATH} /usr/bin/python3 -W ignore:setup.py install is deprecated -W ignore:easy_install command is deprecated setup.py develop --uninstall --editable --build-directory /home/li/vk_ros2_ws/build/my_rtabmap_launch/build
[0.910s] DEBUG:colcon.colcon_core.event_handler.log_command:Invoking command in '/home/li/vk_ros2_ws/src/my_rtabmap_launch': PYTHONPATH=/home/li/vk_ros2_ws/build/my_rtabmap_launch/prefix_override:/usr/lib/python3/dist-packages/colcon_core/task/python/colcon_distutils_commands:/home/li/vk_ros2_ws/install/my_rtabmap_launch/lib/python3.10/site-packages:${PYTHONPATH} /usr/bin/python3 -W ignore:setup.py install is deprecated -W ignore:easy_install command is deprecated setup.py egg_info --egg-base ../../build/my_rtabmap_launch build --build-base /home/li/vk_ros2_ws/build/my_rtabmap_launch/build install --record /home/li/vk_ros2_ws/build/my_rtabmap_launch/install.log --single-version-externally-managed install_data --force
[1.098s] DEBUG:colcon.colcon_core.event_handler.log_command:Invoked command in '/home/li/vk_ros2_ws/src/my_rtabmap_launch' returned '0': PYTHONPATH=/home/li/vk_ros2_ws/build/my_rtabmap_launch/prefix_override:/usr/lib/python3/dist-packages/colcon_core/task/python/colcon_distutils_commands:/home/li/vk_ros2_ws/install/my_rtabmap_launch/lib/python3.10/site-packages:${PYTHONPATH} /usr/bin/python3 -W ignore:setup.py install is deprecated -W ignore:easy_install command is deprecated setup.py egg_info --egg-base ../../build/my_rtabmap_launch build --build-base /home/li/vk_ros2_ws/build/my_rtabmap_launch/build install --record /home/li/vk_ros2_ws/build/my_rtabmap_launch/install.log --single-version-externally-managed install_data --force
[1.099s] Level 1:colcon.colcon_core.environment:checking '/home/li/vk_ros2_ws/install/my_rtabmap_launch' for CMake module files
[1.100s] Level 1:colcon.colcon_core.environment:checking '/home/li/vk_ros2_ws/install/my_rtabmap_launch' for CMake config files
[1.100s] Level 1:colcon.colcon_core.environment:checking '/home/li/vk_ros2_ws/install/my_rtabmap_launch/lib'
[1.100s] Level 1:colcon.colcon_core.environment:checking '/home/li/vk_ros2_ws/install/my_rtabmap_launch/bin'
[1.100s] Level 1:colcon.colcon_core.environment:checking '/home/li/vk_ros2_ws/install/my_rtabmap_launch/lib/pkgconfig/my_rtabmap_launch.pc'
[1.100s] Level 1:colcon.colcon_core.environment:checking '/home/li/vk_ros2_ws/install/my_rtabmap_launch/lib/python3.10/site-packages'
[1.100s] Level 1:colcon.colcon_core.shell:create_environment_hook('my_rtabmap_launch', 'pythonpath')
[1.101s] INFO:colcon.colcon_core.shell:Creating environment hook '/home/li/vk_ros2_ws/install/my_rtabmap_launch/share/my_rtabmap_launch/hook/pythonpath.ps1'
[1.101s] INFO:colcon.colcon_core.shell:Creating environment descriptor '/home/li/vk_ros2_ws/install/my_rtabmap_launch/share/my_rtabmap_launch/hook/pythonpath.dsv'
[1.101s] INFO:colcon.colcon_core.shell:Creating environment hook '/home/li/vk_ros2_ws/install/my_rtabmap_launch/share/my_rtabmap_launch/hook/pythonpath.sh'
[1.102s] Level 1:colcon.colcon_core.environment:checking '/home/li/vk_ros2_ws/install/my_rtabmap_launch/bin'
[1.102s] Level 1:colcon.colcon_core.environment:create_environment_scripts_only(my_rtabmap_launch)
[1.102s] INFO:colcon.colcon_core.shell:Creating package script '/home/li/vk_ros2_ws/install/my_rtabmap_launch/share/my_rtabmap_launch/package.ps1'
[1.102s] INFO:colcon.colcon_core.shell:Creating package descriptor '/home/li/vk_ros2_ws/install/my_rtabmap_launch/share/my_rtabmap_launch/package.dsv'
[1.103s] INFO:colcon.colcon_core.shell:Creating package script '/home/li/vk_ros2_ws/install/my_rtabmap_launch/share/my_rtabmap_launch/package.sh'
[1.103s] INFO:colcon.colcon_core.shell:Creating package script '/home/li/vk_ros2_ws/install/my_rtabmap_launch/share/my_rtabmap_launch/package.bash'
[1.103s] INFO:colcon.colcon_core.shell:Creating package script '/home/li/vk_ros2_ws/install/my_rtabmap_launch/share/my_rtabmap_launch/package.zsh'
[1.104s] Level 1:colcon.colcon_core.environment:create_file_with_runtime_dependencies(/home/li/vk_ros2_ws/install/my_rtabmap_launch/share/colcon-core/packages/my_rtabmap_launch)
[1.104s] DEBUG:colcon.colcon_parallel_executor.executor.parallel:closing loop
[1.104s] DEBUG:colcon.colcon_parallel_executor.executor.parallel:loop closed
[1.104s] DEBUG:colcon.colcon_parallel_executor.executor.parallel:run_until_complete finished with '0'
[1.104s] DEBUG:colcon.colcon_core.event_reactor:joining thread
[1.109s] INFO:colcon.colcon_core.plugin_system:Skipping extension 'colcon_notification.desktop_notification.terminal_notifier': Not used on non-Darwin systems
[1.109s] INFO:colcon.colcon_core.plugin_system:Skipping extension 'colcon_notification.desktop_notification.win32': Not used on non-Windows systems
[1.109s] INFO:colcon.colcon_notification.desktop_notification:Sending desktop notification using 'notify2'
[1.117s] DEBUG:colcon.colcon_core.event_reactor:joined thread
[1.117s] INFO:colcon.colcon_core.shell:Creating prefix script '/home/li/vk_ros2_ws/install/local_setup.ps1'
[1.118s] INFO:colcon.colcon_core.shell:Creating prefix util module '/home/li/vk_ros2_ws/install/_local_setup_util_ps1.py'
[1.119s] INFO:colcon.colcon_core.shell:Creating prefix chain script '/home/li/vk_ros2_ws/install/setup.ps1'
[1.120s] INFO:colcon.colcon_core.shell:Creating prefix script '/home/li/vk_ros2_ws/install/local_setup.sh'
[1.120s] INFO:colcon.colcon_core.shell:Creating prefix util module '/home/li/vk_ros2_ws/install/_local_setup_util_sh.py'
[1.120s] INFO:colcon.colcon_core.shell:Creating prefix chain script '/home/li/vk_ros2_ws/install/setup.sh'
[1.121s] INFO:colcon.colcon_core.shell:Creating prefix script '/home/li/vk_ros2_ws/install/local_setup.bash'
[1.122s] INFO:colcon.colcon_core.shell:Creating prefix chain script '/home/li/vk_ros2_ws/install/setup.bash'
[1.122s] INFO:colcon.colcon_core.shell:Creating prefix script '/home/li/vk_ros2_ws/install/local_setup.zsh'
[1.123s] INFO:colcon.colcon_core.shell:Creating prefix chain script '/home/li/vk_ros2_ws/install/setup.zsh'
