[100%] Built target dual_dense_mapper_node
-- Install configuration: ""
-- Execute custom install script
-- Up-to-date symlink: /home/li/vk_ros2_ws/install/dual_dense_mapper/lib/dual_dense_mapper/dual_dense_mapper_node
-- Up-to-date symlink: /home/li/vk_ros2_ws/install/dual_dense_mapper/share/dual_dense_mapper/launch/dual_dense_mapper.launch.py
-- Up-to-date symlink: /home/li/vk_ros2_ws/install/dual_dense_mapper/share/ament_index/resource_index/package_run_dependencies/dual_dense_mapper
-- Up-to-date symlink: /home/li/vk_ros2_ws/install/dual_dense_mapper/share/ament_index/resource_index/parent_prefix_path/dual_dense_mapper
-- Up-to-date symlink: /home/li/vk_ros2_ws/install/dual_dense_mapper/share/dual_dense_mapper/environment/ament_prefix_path.sh
-- Up-to-date symlink: /home/li/vk_ros2_ws/install/dual_dense_mapper/share/dual_dense_mapper/environment/ament_prefix_path.dsv
-- Up-to-date symlink: /home/li/vk_ros2_ws/install/dual_dense_mapper/share/dual_dense_mapper/environment/path.sh
-- Up-to-date symlink: /home/li/vk_ros2_ws/install/dual_dense_mapper/share/dual_dense_mapper/environment/path.dsv
-- Up-to-date symlink: /home/li/vk_ros2_ws/install/dual_dense_mapper/share/dual_dense_mapper/local_setup.bash
-- Up-to-date symlink: /home/li/vk_ros2_ws/install/dual_dense_mapper/share/dual_dense_mapper/local_setup.sh
-- Up-to-date symlink: /home/li/vk_ros2_ws/install/dual_dense_mapper/share/dual_dense_mapper/local_setup.zsh
-- Up-to-date symlink: /home/li/vk_ros2_ws/install/dual_dense_mapper/share/dual_dense_mapper/local_setup.dsv
-- Symlinking: /home/li/vk_ros2_ws/install/dual_dense_mapper/share/dual_dense_mapper/package.dsv
-- Up-to-date symlink: /home/li/vk_ros2_ws/install/dual_dense_mapper/share/ament_index/resource_index/packages/dual_dense_mapper
-- Up-to-date symlink: /home/li/vk_ros2_ws/install/dual_dense_mapper/share/dual_dense_mapper/cmake/dual_dense_mapperConfig.cmake
-- Up-to-date symlink: /home/li/vk_ros2_ws/install/dual_dense_mapper/share/dual_dense_mapper/cmake/dual_dense_mapperConfig-version.cmake
-- Up-to-date symlink: /home/li/vk_ros2_ws/install/dual_dense_mapper/share/dual_dense_mapper/package.xml
