[0.009s] Invoking command in '/home/li/vk_ros2_ws/build/vk_ros2_driver': CMAKE_PREFIX_PATH=/opt/ros/humble /usr/bin/cmake --build /home/li/vk_ros2_ws/build/vk_ros2_driver -- -j20 -l20
[0.056s] [35m[1mConsolidate compiler generated dependencies of target vk_ros2_driver_node[0m
[0.056s] [35m[1mConsolidate compiler generated dependencies of target vk_ros2_driver[0m
[0.068s] [ 50%] Built target vk_ros2_driver_node
[0.075s] [ 75%] [32mBuilding CXX object CMakeFiles/vk_ros2_driver.dir/src/vk_ros2_driver.cpp.o[0m
[7.341s] [100%] [32m[1mLinking CXX shared library libvk_ros2_driver.so[0m
[7.682s] [100%] Built target vk_ros2_driver
[7.691s] Invoked command in '/home/li/vk_ros2_ws/build/vk_ros2_driver' returned '0': CMAKE_PREFIX_PATH=/opt/ros/humble /usr/bin/cmake --build /home/li/vk_ros2_ws/build/vk_ros2_driver -- -j20 -l20
[7.701s] Invoking command in '/home/li/vk_ros2_ws/build/vk_ros2_driver': CMAKE_PREFIX_PATH=/opt/ros/humble /usr/bin/cmake --install /home/li/vk_ros2_ws/build/vk_ros2_driver
[7.713s] -- Install configuration: ""
[7.714s] -- Installing: /home/li/vk_ros2_ws/install/vk_ros2_driver/lib/vk_ros2_driver/vk_ros2_driver_node
[7.714s] -- Set runtime path of "/home/li/vk_ros2_ws/install/vk_ros2_driver/lib/vk_ros2_driver/vk_ros2_driver_node" to ""
[7.714s] -- Installing: /home/li/vk_ros2_ws/install/vk_ros2_driver/include/vk_ros2_driver
[7.714s] -- Installing: /home/li/vk_ros2_ws/install/vk_ros2_driver/include/vk_ros2_driver/vk_ros2_driver
[7.715s] -- Installing: /home/li/vk_ros2_ws/install/vk_ros2_driver/include/vk_ros2_driver/vk_ros2_driver/vk_ros2_driver.hpp
[7.715s] -- Installing: /home/li/vk_ros2_ws/install/vk_ros2_driver/lib/libvk_ros2_driver.so
[7.720s] -- Set runtime path of "/home/li/vk_ros2_ws/install/vk_ros2_driver/lib/libvk_ros2_driver.so" to "/opt/vilota/lib:/opt/ros/humble/lib/x86_64-linux-gnu:/opt/ros/humble/lib"
[7.720s] -- Installing: /home/li/vk_ros2_ws/install/vk_ros2_driver/share/vk_ros2_driver/launch
[7.721s] -- Installing: /home/li/vk_ros2_ws/install/vk_ros2_driver/share/vk_ros2_driver/launch/example.launch.py
[7.721s] -- Installing: /home/li/vk_ros2_ws/install/vk_ros2_driver/share/vk_ros2_driver/launch/__pycache__
[7.721s] -- Installing: /home/li/vk_ros2_ws/install/vk_ros2_driver/share/vk_ros2_driver/launch/__pycache__/loop_closure_and_tsdf.launch.cpython-310.pyc
[7.721s] -- Installing: /home/li/vk_ros2_ws/install/vk_ros2_driver/share/vk_ros2_driver/config
[7.721s] -- Installing: /home/li/vk_ros2_ws/install/vk_ros2_driver/share/vk_ros2_driver/config/example.yaml
[7.721s] -- Installing: /home/li/vk_ros2_ws/install/vk_ros2_driver/share/ament_index/resource_index/package_run_dependencies/vk_ros2_driver
[7.722s] -- Installing: /home/li/vk_ros2_ws/install/vk_ros2_driver/share/ament_index/resource_index/parent_prefix_path/vk_ros2_driver
[7.722s] -- Installing: /home/li/vk_ros2_ws/install/vk_ros2_driver/share/vk_ros2_driver/environment/ament_prefix_path.sh
[7.722s] -- Installing: /home/li/vk_ros2_ws/install/vk_ros2_driver/share/vk_ros2_driver/environment/ament_prefix_path.dsv
[7.722s] -- Installing: /home/li/vk_ros2_ws/install/vk_ros2_driver/share/vk_ros2_driver/environment/path.sh
[7.722s] -- Installing: /home/li/vk_ros2_ws/install/vk_ros2_driver/share/vk_ros2_driver/environment/path.dsv
[7.722s] -- Installing: /home/li/vk_ros2_ws/install/vk_ros2_driver/share/vk_ros2_driver/local_setup.bash
[7.722s] -- Installing: /home/li/vk_ros2_ws/install/vk_ros2_driver/share/vk_ros2_driver/local_setup.sh
[7.722s] -- Installing: /home/li/vk_ros2_ws/install/vk_ros2_driver/share/vk_ros2_driver/local_setup.zsh
[7.722s] -- Installing: /home/li/vk_ros2_ws/install/vk_ros2_driver/share/vk_ros2_driver/local_setup.dsv
[7.723s] -- Installing: /home/li/vk_ros2_ws/install/vk_ros2_driver/share/vk_ros2_driver/package.dsv
[7.723s] -- Installing: /home/li/vk_ros2_ws/install/vk_ros2_driver/share/ament_index/resource_index/packages/vk_ros2_driver
[7.723s] -- Installing: /home/li/vk_ros2_ws/install/vk_ros2_driver/share/ament_index/resource_index/rclcpp_components/vk_ros2_driver
[7.724s] -- Installing: /home/li/vk_ros2_ws/install/vk_ros2_driver/share/vk_ros2_driver/cmake/ament_cmake_export_dependencies-extras.cmake
[7.726s] -- Installing: /home/li/vk_ros2_ws/install/vk_ros2_driver/share/vk_ros2_driver/cmake/vk_ros2_driverConfig.cmake
[7.726s] -- Installing: /home/li/vk_ros2_ws/install/vk_ros2_driver/share/vk_ros2_driver/cmake/vk_ros2_driverConfig-version.cmake
[7.727s] -- Installing: /home/li/vk_ros2_ws/install/vk_ros2_driver/share/vk_ros2_driver/package.xml
[7.727s] Invoked command in '/home/li/vk_ros2_ws/build/vk_ros2_driver' returned '0': CMAKE_PREFIX_PATH=/opt/ros/humble /usr/bin/cmake --install /home/li/vk_ros2_ws/build/vk_ros2_driver
