[0.417s] Invoking command in '/home/li/vk_ros2_ws/src/my_rtabmap_launch': PYTHONPATH=/home/li/vk_ros2_ws/build/my_rtabmap_launch/prefix_override:/usr/lib/python3/dist-packages/colcon_core/task/python/colcon_distutils_commands:/home/li/vk_ros2_ws/install/my_rtabmap_launch/lib/python3.10/site-packages:${PYTHONPATH} /usr/bin/python3 -W ignore:setup.py install is deprecated -W ignore:easy_install command is deprecated setup.py egg_info --egg-base ../../build/my_rtabmap_launch build --build-base /home/li/vk_ros2_ws/build/my_rtabmap_launch/build install --record /home/li/vk_ros2_ws/build/my_rtabmap_launch/install.log --single-version-externally-managed install_data
[0.572s] running egg_info
[0.572s] writing ../../build/my_rtabmap_launch/my_rtabmap_launch.egg-info/PKG-INFO
[0.572s] writing dependency_links to ../../build/my_rtabmap_launch/my_rtabmap_launch.egg-info/dependency_links.txt
[0.573s] writing entry points to ../../build/my_rtabmap_launch/my_rtabmap_launch.egg-info/entry_points.txt
[0.573s] writing requirements to ../../build/my_rtabmap_launch/my_rtabmap_launch.egg-info/requires.txt
[0.573s] writing top-level names to ../../build/my_rtabmap_launch/my_rtabmap_launch.egg-info/top_level.txt
[0.574s] reading manifest file '../../build/my_rtabmap_launch/my_rtabmap_launch.egg-info/SOURCES.txt'
[0.574s] writing manifest file '../../build/my_rtabmap_launch/my_rtabmap_launch.egg-info/SOURCES.txt'
[0.574s] running build
[0.575s] running build_py
[0.575s] running install
[0.575s] running install_lib
[0.576s] running install_data
[0.576s] copying launch/rtabmap_dual_rgbd_backend_final.launch.py -> /home/li/vk_ros2_ws/install/my_rtabmap_launch/share/my_rtabmap_launch/launch
[0.576s] running install_egg_info
[0.577s] removing '/home/li/vk_ros2_ws/install/my_rtabmap_launch/lib/python3.10/site-packages/my_rtabmap_launch-0.0.0-py3.10.egg-info' (and everything under it)
[0.578s] Copying ../../build/my_rtabmap_launch/my_rtabmap_launch.egg-info to /home/li/vk_ros2_ws/install/my_rtabmap_launch/lib/python3.10/site-packages/my_rtabmap_launch-0.0.0-py3.10.egg-info
[0.578s] running install_scripts
[0.592s] Installing odom_to_tf_node script to /home/li/vk_ros2_ws/install/my_rtabmap_launch/lib/my_rtabmap_launch
[0.592s] writing list of installed files to '/home/li/vk_ros2_ws/build/my_rtabmap_launch/install.log'
[0.606s] Invoked command in '/home/li/vk_ros2_ws/src/my_rtabmap_launch' returned '0': PYTHONPATH=/home/li/vk_ros2_ws/build/my_rtabmap_launch/prefix_override:/usr/lib/python3/dist-packages/colcon_core/task/python/colcon_distutils_commands:/home/li/vk_ros2_ws/install/my_rtabmap_launch/lib/python3.10/site-packages:${PYTHONPATH} /usr/bin/python3 -W ignore:setup.py install is deprecated -W ignore:easy_install command is deprecated setup.py egg_info --egg-base ../../build/my_rtabmap_launch build --build-base /home/li/vk_ros2_ws/build/my_rtabmap_launch/build install --record /home/li/vk_ros2_ws/build/my_rtabmap_launch/install.log --single-version-externally-managed install_data
