[0.065s] DEBUG:colcon:Command line arguments: ['/usr/bin/colcon', 'build', '--symlink-install']
[0.065s] DEBUG:colcon:Parsed command line arguments: Namespace(log_base=None, log_level=None, verb_name='build', build_base='build', install_base='install', merge_install=False, symlink_install=True, test_result_base=None, continue_on_error=False, executor='parallel', parallel_workers=20, event_handlers=None, ignore_user_meta=False, metas=['./colcon.meta'], base_paths=['.'], packages_ignore=None, packages_ignore_regex=None, paths=None, packages_up_to=None, packages_up_to_regex=None, packages_above=None, packages_above_and_dependencies=None, packages_above_depth=None, packages_select_by_dep=None, packages_skip_by_dep=None, packages_skip_up_to=None, packages_select_build_failed=False, packages_skip_build_finished=False, packages_select_test_failures=False, packages_skip_test_passed=False, packages_select=None, packages_skip=None, packages_select_regex=None, packages_skip_regex=None, packages_start=None, packages_end=None, allow_overriding=[], cmake_args=None, cmake_target=None, cmake_target_skip_unavailable=False, cmake_clean_cache=False, cmake_clean_first=False, cmake_force_configure=False, ament_cmake_args=None, catkin_cmake_args=None, catkin_skip_building_tests=False, verb_parser=<colcon_defaults.argument_parser.defaults.DefaultArgumentsDecorator object at 0x74ccf4f5d840>, verb_extension=<colcon_core.verb.build.BuildVerb object at 0x74ccf4f5cca0>, main=<bound method BuildVerb.main of <colcon_core.verb.build.BuildVerb object at 0x74ccf4f5cca0>>)
[0.282s] Level 1:colcon.colcon_core.package_discovery:discover_packages(colcon_meta) check parameters
[0.282s] Level 1:colcon.colcon_core.package_discovery:discover_packages(recursive) check parameters
[0.282s] Level 1:colcon.colcon_core.package_discovery:discover_packages(ignore) check parameters
[0.282s] Level 1:colcon.colcon_core.package_discovery:discover_packages(path) check parameters
[0.282s] Level 1:colcon.colcon_core.package_discovery:discover_packages(colcon_meta) discover
[0.282s] Level 1:colcon.colcon_core.package_discovery:discover_packages(recursive) discover
[0.282s] INFO:colcon.colcon_core.package_discovery:Crawling recursively for packages in '/home/li/vk_ros2_ws'
[0.282s] Level 1:colcon.colcon_core.package_identification:_identify(.) by extensions ['ignore', 'ignore_ament_install']
[0.282s] Level 1:colcon.colcon_core.package_identification:_identify(.) by extension 'ignore'
[0.282s] Level 1:colcon.colcon_core.package_identification:_identify(.) by extension 'ignore_ament_install'
[0.282s] Level 1:colcon.colcon_core.package_identification:_identify(.) by extensions ['colcon_pkg']
[0.282s] Level 1:colcon.colcon_core.package_identification:_identify(.) by extension 'colcon_pkg'
[0.282s] Level 1:colcon.colcon_core.package_identification:_identify(.) by extensions ['colcon_meta']
[0.282s] Level 1:colcon.colcon_core.package_identification:_identify(.) by extension 'colcon_meta'
[0.282s] Level 1:colcon.colcon_core.package_identification:_identify(.) by extensions ['ros']
[0.282s] Level 1:colcon.colcon_core.package_identification:_identify(.) by extension 'ros'
[0.303s] Level 1:colcon.colcon_core.package_identification:_identify(.) by extensions ['cmake', 'python']
[0.303s] Level 1:colcon.colcon_core.package_identification:_identify(.) by extension 'cmake'
[0.303s] Level 1:colcon.colcon_core.package_identification:_identify(.) by extension 'python'
[0.303s] Level 1:colcon.colcon_core.package_identification:_identify(.) by extensions ['python_setup_py']
[0.303s] Level 1:colcon.colcon_core.package_identification:_identify(.) by extension 'python_setup_py'
[0.303s] Level 1:colcon.colcon_core.package_identification:_identify(__pycache__) by extensions ['ignore', 'ignore_ament_install']
[0.303s] Level 1:colcon.colcon_core.package_identification:_identify(__pycache__) by extension 'ignore'
[0.303s] Level 1:colcon.colcon_core.package_identification:_identify(__pycache__) by extension 'ignore_ament_install'
[0.303s] Level 1:colcon.colcon_core.package_identification:_identify(__pycache__) by extensions ['colcon_pkg']
[0.303s] Level 1:colcon.colcon_core.package_identification:_identify(__pycache__) by extension 'colcon_pkg'
[0.303s] Level 1:colcon.colcon_core.package_identification:_identify(__pycache__) by extensions ['colcon_meta']
[0.303s] Level 1:colcon.colcon_core.package_identification:_identify(__pycache__) by extension 'colcon_meta'
[0.303s] Level 1:colcon.colcon_core.package_identification:_identify(__pycache__) by extensions ['ros']
[0.303s] Level 1:colcon.colcon_core.package_identification:_identify(__pycache__) by extension 'ros'
[0.303s] Level 1:colcon.colcon_core.package_identification:_identify(__pycache__) by extensions ['cmake', 'python']
[0.303s] Level 1:colcon.colcon_core.package_identification:_identify(__pycache__) by extension 'cmake'
[0.303s] Level 1:colcon.colcon_core.package_identification:_identify(__pycache__) by extension 'python'
[0.303s] Level 1:colcon.colcon_core.package_identification:_identify(__pycache__) by extensions ['python_setup_py']
[0.303s] Level 1:colcon.colcon_core.package_identification:_identify(__pycache__) by extension 'python_setup_py'
[0.304s] Level 1:colcon.colcon_core.package_identification:_identify(build) by extensions ['ignore', 'ignore_ament_install']
[0.304s] Level 1:colcon.colcon_core.package_identification:_identify(build) by extension 'ignore'
[0.304s] Level 1:colcon.colcon_core.package_identification:_identify(build) ignored
[0.304s] Level 1:colcon.colcon_core.package_identification:_identify(install) by extensions ['ignore', 'ignore_ament_install']
[0.304s] Level 1:colcon.colcon_core.package_identification:_identify(install) by extension 'ignore'
[0.304s] Level 1:colcon.colcon_core.package_identification:_identify(install) ignored
[0.304s] Level 1:colcon.colcon_core.package_identification:_identify(log) by extensions ['ignore', 'ignore_ament_install']
[0.304s] Level 1:colcon.colcon_core.package_identification:_identify(log) by extension 'ignore'
[0.304s] Level 1:colcon.colcon_core.package_identification:_identify(log) ignored
[0.304s] Level 1:colcon.colcon_core.package_identification:_identify(src) by extensions ['ignore', 'ignore_ament_install']
[0.304s] Level 1:colcon.colcon_core.package_identification:_identify(src) by extension 'ignore'
[0.304s] Level 1:colcon.colcon_core.package_identification:_identify(src) by extension 'ignore_ament_install'
[0.304s] Level 1:colcon.colcon_core.package_identification:_identify(src) by extensions ['colcon_pkg']
[0.304s] Level 1:colcon.colcon_core.package_identification:_identify(src) by extension 'colcon_pkg'
[0.304s] Level 1:colcon.colcon_core.package_identification:_identify(src) by extensions ['colcon_meta']
[0.304s] Level 1:colcon.colcon_core.package_identification:_identify(src) by extension 'colcon_meta'
[0.304s] Level 1:colcon.colcon_core.package_identification:_identify(src) by extensions ['ros']
[0.304s] Level 1:colcon.colcon_core.package_identification:_identify(src) by extension 'ros'
[0.304s] Level 1:colcon.colcon_core.package_identification:_identify(src) by extensions ['cmake', 'python']
[0.304s] Level 1:colcon.colcon_core.package_identification:_identify(src) by extension 'cmake'
[0.304s] Level 1:colcon.colcon_core.package_identification:_identify(src) by extension 'python'
[0.304s] Level 1:colcon.colcon_core.package_identification:_identify(src) by extensions ['python_setup_py']
[0.304s] Level 1:colcon.colcon_core.package_identification:_identify(src) by extension 'python_setup_py'
[0.304s] Level 1:colcon.colcon_core.package_identification:_identify(src/my_rtabmap_launch) by extensions ['ignore', 'ignore_ament_install']
[0.304s] Level 1:colcon.colcon_core.package_identification:_identify(src/my_rtabmap_launch) by extension 'ignore'
[0.304s] Level 1:colcon.colcon_core.package_identification:_identify(src/my_rtabmap_launch) by extension 'ignore_ament_install'
[0.304s] Level 1:colcon.colcon_core.package_identification:_identify(src/my_rtabmap_launch) by extensions ['colcon_pkg']
[0.304s] Level 1:colcon.colcon_core.package_identification:_identify(src/my_rtabmap_launch) by extension 'colcon_pkg'
[0.304s] Level 1:colcon.colcon_core.package_identification:_identify(src/my_rtabmap_launch) by extensions ['colcon_meta']
[0.304s] Level 1:colcon.colcon_core.package_identification:_identify(src/my_rtabmap_launch) by extension 'colcon_meta'
[0.304s] Level 1:colcon.colcon_core.package_identification:_identify(src/my_rtabmap_launch) by extensions ['ros']
[0.304s] Level 1:colcon.colcon_core.package_identification:_identify(src/my_rtabmap_launch) by extension 'ros'
[0.306s] DEBUG:colcon.colcon_core.package_identification:Package 'src/my_rtabmap_launch' with type 'ros.ament_python' and name 'my_rtabmap_launch'
[0.306s] Level 1:colcon.colcon_core.package_identification:_identify(src/vk_ros2_driver) by extensions ['ignore', 'ignore_ament_install']
[0.306s] Level 1:colcon.colcon_core.package_identification:_identify(src/vk_ros2_driver) by extension 'ignore'
[0.306s] Level 1:colcon.colcon_core.package_identification:_identify(src/vk_ros2_driver) by extension 'ignore_ament_install'
[0.306s] Level 1:colcon.colcon_core.package_identification:_identify(src/vk_ros2_driver) by extensions ['colcon_pkg']
[0.306s] Level 1:colcon.colcon_core.package_identification:_identify(src/vk_ros2_driver) by extension 'colcon_pkg'
[0.307s] Level 1:colcon.colcon_core.package_identification:_identify(src/vk_ros2_driver) by extensions ['colcon_meta']
[0.307s] Level 1:colcon.colcon_core.package_identification:_identify(src/vk_ros2_driver) by extension 'colcon_meta'
[0.307s] Level 1:colcon.colcon_core.package_identification:_identify(src/vk_ros2_driver) by extensions ['ros']
[0.307s] Level 1:colcon.colcon_core.package_identification:_identify(src/vk_ros2_driver) by extension 'ros'
[0.307s] DEBUG:colcon.colcon_core.package_identification:Package 'src/vk_ros2_driver' with type 'ros.ament_cmake' and name 'vk_ros2_driver'
[0.307s] Level 1:colcon.colcon_core.package_discovery:discover_packages(recursive) using defaults
[0.307s] Level 1:colcon.colcon_core.package_discovery:discover_packages(ignore) discover
[0.308s] Level 1:colcon.colcon_core.package_discovery:discover_packages(ignore) using defaults
[0.308s] Level 1:colcon.colcon_core.package_discovery:discover_packages(path) discover
[0.308s] Level 1:colcon.colcon_core.package_discovery:discover_packages(path) using defaults
[0.320s] Level 1:colcon.colcon_core.package_discovery:discover_packages(prefix_path) check parameters
[0.320s] Level 1:colcon.colcon_core.package_discovery:discover_packages(prefix_path) discover
[0.325s] DEBUG:colcon.colcon_installed_package_information.package_discovery:Found 2 installed packages in /home/li/vk_ros2_ws/install
[0.325s] DEBUG:colcon.colcon_installed_package_information.package_discovery:Found 15 installed packages in /home/li/rtabmap_ws/install
[0.326s] DEBUG:colcon.colcon_installed_package_information.package_discovery:Found 342 installed packages in /opt/ros/humble
[0.327s] Level 1:colcon.colcon_core.package_discovery:discover_packages(prefix_path) using defaults
[0.352s] Level 5:colcon.colcon_core.verb:set package 'my_rtabmap_launch' build argument 'cmake_args' from command line to 'None'
[0.352s] Level 5:colcon.colcon_core.verb:set package 'my_rtabmap_launch' build argument 'cmake_target' from command line to 'None'
[0.352s] Level 5:colcon.colcon_core.verb:set package 'my_rtabmap_launch' build argument 'cmake_target_skip_unavailable' from command line to 'False'
[0.352s] Level 5:colcon.colcon_core.verb:set package 'my_rtabmap_launch' build argument 'cmake_clean_cache' from command line to 'False'
[0.352s] Level 5:colcon.colcon_core.verb:set package 'my_rtabmap_launch' build argument 'cmake_clean_first' from command line to 'False'
[0.352s] Level 5:colcon.colcon_core.verb:set package 'my_rtabmap_launch' build argument 'cmake_force_configure' from command line to 'False'
[0.352s] Level 5:colcon.colcon_core.verb:set package 'my_rtabmap_launch' build argument 'ament_cmake_args' from command line to 'None'
[0.352s] Level 5:colcon.colcon_core.verb:set package 'my_rtabmap_launch' build argument 'catkin_cmake_args' from command line to 'None'
[0.352s] Level 5:colcon.colcon_core.verb:set package 'my_rtabmap_launch' build argument 'catkin_skip_building_tests' from command line to 'False'
[0.352s] DEBUG:colcon.colcon_core.verb:Building package 'my_rtabmap_launch' with the following arguments: {'ament_cmake_args': None, 'build_base': '/home/li/vk_ros2_ws/build/my_rtabmap_launch', 'catkin_cmake_args': None, 'catkin_skip_building_tests': False, 'cmake_args': None, 'cmake_clean_cache': False, 'cmake_clean_first': False, 'cmake_force_configure': False, 'cmake_target': None, 'cmake_target_skip_unavailable': False, 'install_base': '/home/li/vk_ros2_ws/install/my_rtabmap_launch', 'merge_install': False, 'path': '/home/li/vk_ros2_ws/src/my_rtabmap_launch', 'symlink_install': True, 'test_result_base': None}
[0.352s] Level 5:colcon.colcon_core.verb:set package 'vk_ros2_driver' build argument 'cmake_args' from command line to 'None'
[0.352s] Level 5:colcon.colcon_core.verb:set package 'vk_ros2_driver' build argument 'cmake_target' from command line to 'None'
[0.352s] Level 5:colcon.colcon_core.verb:set package 'vk_ros2_driver' build argument 'cmake_target_skip_unavailable' from command line to 'False'
[0.352s] Level 5:colcon.colcon_core.verb:set package 'vk_ros2_driver' build argument 'cmake_clean_cache' from command line to 'False'
[0.352s] Level 5:colcon.colcon_core.verb:set package 'vk_ros2_driver' build argument 'cmake_clean_first' from command line to 'False'
[0.352s] Level 5:colcon.colcon_core.verb:set package 'vk_ros2_driver' build argument 'cmake_force_configure' from command line to 'False'
[0.352s] Level 5:colcon.colcon_core.verb:set package 'vk_ros2_driver' build argument 'ament_cmake_args' from command line to 'None'
[0.352s] Level 5:colcon.colcon_core.verb:set package 'vk_ros2_driver' build argument 'catkin_cmake_args' from command line to 'None'
[0.352s] Level 5:colcon.colcon_core.verb:set package 'vk_ros2_driver' build argument 'catkin_skip_building_tests' from command line to 'False'
[0.352s] DEBUG:colcon.colcon_core.verb:Building package 'vk_ros2_driver' with the following arguments: {'ament_cmake_args': None, 'build_base': '/home/li/vk_ros2_ws/build/vk_ros2_driver', 'catkin_cmake_args': None, 'catkin_skip_building_tests': False, 'cmake_args': None, 'cmake_clean_cache': False, 'cmake_clean_first': False, 'cmake_force_configure': False, 'cmake_target': None, 'cmake_target_skip_unavailable': False, 'install_base': '/home/li/vk_ros2_ws/install/vk_ros2_driver', 'merge_install': False, 'path': '/home/li/vk_ros2_ws/src/vk_ros2_driver', 'symlink_install': True, 'test_result_base': None}
[0.352s] INFO:colcon.colcon_core.executor:Executing jobs using 'parallel' executor
[0.353s] DEBUG:colcon.colcon_parallel_executor.executor.parallel:run_until_complete
[0.353s] INFO:colcon.colcon_ros.task.ament_python.build:Building ROS package in '/home/li/vk_ros2_ws/src/my_rtabmap_launch' with build type 'ament_python'
[0.353s] Level 1:colcon.colcon_core.shell:create_environment_hook('my_rtabmap_launch', 'ament_prefix_path')
[0.355s] INFO:colcon.colcon_core.plugin_system:Skipping extension 'colcon_core.shell.bat': Not used on non-Windows systems
[0.355s] INFO:colcon.colcon_core.shell:Creating environment hook '/home/li/vk_ros2_ws/install/my_rtabmap_launch/share/my_rtabmap_launch/hook/ament_prefix_path.ps1'
[0.355s] INFO:colcon.colcon_core.shell:Creating environment descriptor '/home/li/vk_ros2_ws/install/my_rtabmap_launch/share/my_rtabmap_launch/hook/ament_prefix_path.dsv'
[0.355s] INFO:colcon.colcon_core.shell:Creating environment hook '/home/li/vk_ros2_ws/install/my_rtabmap_launch/share/my_rtabmap_launch/hook/ament_prefix_path.sh'
[0.356s] INFO:colcon.colcon_core.shell:Skip shell extension 'powershell' for command environment: Not usable outside of PowerShell
[0.356s] DEBUG:colcon.colcon_core.shell:Skip shell extension 'dsv' for command environment
[0.359s] INFO:colcon.colcon_ros.task.ament_cmake.build:Building ROS package in '/home/li/vk_ros2_ws/src/vk_ros2_driver' with build type 'ament_cmake'
[0.359s] INFO:colcon.colcon_cmake.task.cmake.build:Building CMake package in '/home/li/vk_ros2_ws/src/vk_ros2_driver'
[0.359s] INFO:colcon.colcon_core.shell:Skip shell extension 'powershell' for command environment: Not usable outside of PowerShell
[0.359s] DEBUG:colcon.colcon_core.shell:Skip shell extension 'dsv' for command environment
[0.524s] INFO:colcon.colcon_core.task.python.build:Building Python package in '/home/li/vk_ros2_ws/src/my_rtabmap_launch'
[0.524s] INFO:colcon.colcon_core.shell:Skip shell extension 'powershell' for command environment: Not usable outside of PowerShell
[0.525s] DEBUG:colcon.colcon_core.shell:Skip shell extension 'dsv' for command environment
[0.530s] DEBUG:colcon.colcon_core.event_handler.log_command:Invoking command in '/home/li/vk_ros2_ws/build/vk_ros2_driver': CMAKE_PREFIX_PATH=${CMAKE_PREFIX_PATH}:/home/li/vk_ros2_ws/install/my_rtabmap_launch:/home/li/rtabmap_ws/install/rtabmap_python:/opt/ros/humble /usr/bin/cmake --build /home/li/vk_ros2_ws/build/vk_ros2_driver -- -j20 -l20
[0.598s] DEBUG:colcon.colcon_core.event_handler.log_command:Invoked command in '/home/li/vk_ros2_ws/build/vk_ros2_driver' returned '0': CMAKE_PREFIX_PATH=${CMAKE_PREFIX_PATH}:/home/li/vk_ros2_ws/install/my_rtabmap_launch:/home/li/rtabmap_ws/install/rtabmap_python:/opt/ros/humble /usr/bin/cmake --build /home/li/vk_ros2_ws/build/vk_ros2_driver -- -j20 -l20
[0.606s] DEBUG:colcon.colcon_core.event_handler.log_command:Invoking command in '/home/li/vk_ros2_ws/build/vk_ros2_driver': CMAKE_PREFIX_PATH=${CMAKE_PREFIX_PATH}:/home/li/vk_ros2_ws/install/my_rtabmap_launch:/home/li/rtabmap_ws/install/rtabmap_python:/opt/ros/humble /usr/bin/cmake --install /home/li/vk_ros2_ws/build/vk_ros2_driver
[0.622s] Level 1:colcon.colcon_core.environment:create_environment_scripts_only(vk_ros2_driver)
[0.623s] DEBUG:colcon.colcon_core.event_handler.log_command:Invoked command in '/home/li/vk_ros2_ws/build/vk_ros2_driver' returned '0': CMAKE_PREFIX_PATH=${CMAKE_PREFIX_PATH}:/home/li/vk_ros2_ws/install/my_rtabmap_launch:/home/li/rtabmap_ws/install/rtabmap_python:/opt/ros/humble /usr/bin/cmake --install /home/li/vk_ros2_ws/build/vk_ros2_driver
[0.624s] Level 1:colcon.colcon_core.environment:checking '/home/li/vk_ros2_ws/install/vk_ros2_driver' for CMake module files
[0.624s] Level 1:colcon.colcon_core.environment:checking '/home/li/vk_ros2_ws/install/vk_ros2_driver' for CMake config files
[0.625s] Level 1:colcon.colcon_core.shell:create_environment_hook('vk_ros2_driver', 'cmake_prefix_path')
[0.625s] INFO:colcon.colcon_core.shell:Creating environment hook '/home/li/vk_ros2_ws/install/vk_ros2_driver/share/vk_ros2_driver/hook/cmake_prefix_path.ps1'
[0.625s] INFO:colcon.colcon_core.shell:Creating environment descriptor '/home/li/vk_ros2_ws/install/vk_ros2_driver/share/vk_ros2_driver/hook/cmake_prefix_path.dsv'
[0.625s] INFO:colcon.colcon_core.shell:Creating environment hook '/home/li/vk_ros2_ws/install/vk_ros2_driver/share/vk_ros2_driver/hook/cmake_prefix_path.sh'
[0.626s] Level 1:colcon.colcon_core.environment:checking '/home/li/vk_ros2_ws/install/vk_ros2_driver/lib'
[0.626s] Level 1:colcon.colcon_core.shell:create_environment_hook('vk_ros2_driver', 'ld_library_path_lib')
[0.626s] INFO:colcon.colcon_core.shell:Creating environment hook '/home/li/vk_ros2_ws/install/vk_ros2_driver/share/vk_ros2_driver/hook/ld_library_path_lib.ps1'
[0.626s] INFO:colcon.colcon_core.shell:Creating environment descriptor '/home/li/vk_ros2_ws/install/vk_ros2_driver/share/vk_ros2_driver/hook/ld_library_path_lib.dsv'
[0.626s] INFO:colcon.colcon_core.shell:Creating environment hook '/home/li/vk_ros2_ws/install/vk_ros2_driver/share/vk_ros2_driver/hook/ld_library_path_lib.sh'
[0.627s] Level 1:colcon.colcon_core.environment:checking '/home/li/vk_ros2_ws/install/vk_ros2_driver/bin'
[0.627s] Level 1:colcon.colcon_core.environment:checking '/home/li/vk_ros2_ws/install/vk_ros2_driver/lib/pkgconfig/vk_ros2_driver.pc'
[0.627s] Level 1:colcon.colcon_core.environment:checking '/home/li/vk_ros2_ws/install/vk_ros2_driver/lib/python3.10/site-packages'
[0.627s] Level 1:colcon.colcon_core.environment:checking '/home/li/vk_ros2_ws/install/vk_ros2_driver/bin'
[0.627s] INFO:colcon.colcon_core.shell:Creating package script '/home/li/vk_ros2_ws/install/vk_ros2_driver/share/vk_ros2_driver/package.ps1'
[0.628s] INFO:colcon.colcon_core.shell:Creating package descriptor '/home/li/vk_ros2_ws/install/vk_ros2_driver/share/vk_ros2_driver/package.dsv'
[0.628s] INFO:colcon.colcon_core.shell:Creating package script '/home/li/vk_ros2_ws/install/vk_ros2_driver/share/vk_ros2_driver/package.sh'
[0.629s] INFO:colcon.colcon_core.shell:Creating package script '/home/li/vk_ros2_ws/install/vk_ros2_driver/share/vk_ros2_driver/package.bash'
[0.629s] INFO:colcon.colcon_core.shell:Creating package script '/home/li/vk_ros2_ws/install/vk_ros2_driver/share/vk_ros2_driver/package.zsh'
[0.629s] Level 1:colcon.colcon_core.environment:create_file_with_runtime_dependencies(/home/li/vk_ros2_ws/install/vk_ros2_driver/share/colcon-core/packages/vk_ros2_driver)
[0.630s] Level 1:colcon.colcon_core.environment:create_environment_scripts_only(vk_ros2_driver)
[0.630s] Level 1:colcon.colcon_core.environment:checking '/home/li/vk_ros2_ws/install/vk_ros2_driver' for CMake module files
[0.630s] Level 1:colcon.colcon_core.environment:checking '/home/li/vk_ros2_ws/install/vk_ros2_driver' for CMake config files
[0.630s] Level 1:colcon.colcon_core.shell:create_environment_hook('vk_ros2_driver', 'cmake_prefix_path')
[0.630s] INFO:colcon.colcon_core.shell:Creating environment hook '/home/li/vk_ros2_ws/install/vk_ros2_driver/share/vk_ros2_driver/hook/cmake_prefix_path.ps1'
[0.630s] INFO:colcon.colcon_core.shell:Creating environment descriptor '/home/li/vk_ros2_ws/install/vk_ros2_driver/share/vk_ros2_driver/hook/cmake_prefix_path.dsv'
[0.631s] INFO:colcon.colcon_core.shell:Creating environment hook '/home/li/vk_ros2_ws/install/vk_ros2_driver/share/vk_ros2_driver/hook/cmake_prefix_path.sh'
[0.631s] Level 1:colcon.colcon_core.environment:checking '/home/li/vk_ros2_ws/install/vk_ros2_driver/lib'
[0.631s] Level 1:colcon.colcon_core.shell:create_environment_hook('vk_ros2_driver', 'ld_library_path_lib')
[0.631s] INFO:colcon.colcon_core.shell:Creating environment hook '/home/li/vk_ros2_ws/install/vk_ros2_driver/share/vk_ros2_driver/hook/ld_library_path_lib.ps1'
[0.631s] INFO:colcon.colcon_core.shell:Creating environment descriptor '/home/li/vk_ros2_ws/install/vk_ros2_driver/share/vk_ros2_driver/hook/ld_library_path_lib.dsv'
[0.632s] INFO:colcon.colcon_core.shell:Creating environment hook '/home/li/vk_ros2_ws/install/vk_ros2_driver/share/vk_ros2_driver/hook/ld_library_path_lib.sh'
[0.632s] Level 1:colcon.colcon_core.environment:checking '/home/li/vk_ros2_ws/install/vk_ros2_driver/bin'
[0.632s] Level 1:colcon.colcon_core.environment:checking '/home/li/vk_ros2_ws/install/vk_ros2_driver/lib/pkgconfig/vk_ros2_driver.pc'
[0.632s] Level 1:colcon.colcon_core.environment:checking '/home/li/vk_ros2_ws/install/vk_ros2_driver/lib/python3.10/site-packages'
[0.632s] Level 1:colcon.colcon_core.environment:checking '/home/li/vk_ros2_ws/install/vk_ros2_driver/bin'
[0.632s] INFO:colcon.colcon_core.shell:Creating package script '/home/li/vk_ros2_ws/install/vk_ros2_driver/share/vk_ros2_driver/package.ps1'
[0.633s] INFO:colcon.colcon_core.shell:Creating package descriptor '/home/li/vk_ros2_ws/install/vk_ros2_driver/share/vk_ros2_driver/package.dsv'
[0.633s] INFO:colcon.colcon_core.shell:Creating package script '/home/li/vk_ros2_ws/install/vk_ros2_driver/share/vk_ros2_driver/package.sh'
[0.633s] INFO:colcon.colcon_core.shell:Creating package script '/home/li/vk_ros2_ws/install/vk_ros2_driver/share/vk_ros2_driver/package.bash'
[0.633s] INFO:colcon.colcon_core.shell:Creating package script '/home/li/vk_ros2_ws/install/vk_ros2_driver/share/vk_ros2_driver/package.zsh'
[0.633s] Level 1:colcon.colcon_core.environment:create_file_with_runtime_dependencies(/home/li/vk_ros2_ws/install/vk_ros2_driver/share/colcon-core/packages/vk_ros2_driver)
[0.763s] DEBUG:colcon.colcon_core.task.python.build:While undoing a previous installation files outside the Python library path are being ignored: /home/li/vk_ros2_ws/install/my_rtabmap_launch/share/ament_index/resource_index/packages/my_rtabmap_launch
[0.763s] DEBUG:colcon.colcon_core.task.python.build:While undoing a previous installation files outside the Python library path are being ignored: /home/li/vk_ros2_ws/install/my_rtabmap_launch/share/my_rtabmap_launch/package.xml
[0.763s] DEBUG:colcon.colcon_core.task.python.build:While undoing a previous installation files outside the Python library path are being ignored: /home/li/vk_ros2_ws/install/my_rtabmap_launch/share/my_rtabmap_launch/launch/rtabmap_dual_rgbd_backend_final.launch.py
[0.763s] DEBUG:colcon.colcon_core.task.python.build:While undoing a previous installation files outside the Python library path are being ignored: /home/li/vk_ros2_ws/install/my_rtabmap_launch/lib/my_rtabmap_launch/odom_to_tf_node
[0.765s] DEBUG:colcon.colcon_core.event_handler.log_command:Invoking command in '/home/li/vk_ros2_ws/build/my_rtabmap_launch': PYTHONPATH=/home/li/vk_ros2_ws/build/my_rtabmap_launch/prefix_override:/usr/lib/python3/dist-packages/colcon_core/task/python/colcon_distutils_commands:/home/li/vk_ros2_ws/install/my_rtabmap_launch/lib/python3.10/site-packages:${PYTHONPATH} /usr/bin/python3 -W ignore:setup.py install is deprecated -W ignore:easy_install command is deprecated setup.py develop --editable --build-directory /home/li/vk_ros2_ws/build/my_rtabmap_launch/build --no-deps symlink_data --force
[1.050s] Level 1:colcon.colcon_core.shell:create_environment_hook('my_rtabmap_launch', 'pythonpath_develop')
[1.051s] INFO:colcon.colcon_core.shell:Creating environment hook '/home/li/vk_ros2_ws/build/my_rtabmap_launch/share/my_rtabmap_launch/hook/pythonpath_develop.ps1'
[1.051s] DEBUG:colcon.colcon_core.event_handler.log_command:Invoked command in '/home/li/vk_ros2_ws/build/my_rtabmap_launch' returned '0': PYTHONPATH=/home/li/vk_ros2_ws/build/my_rtabmap_launch/prefix_override:/usr/lib/python3/dist-packages/colcon_core/task/python/colcon_distutils_commands:/home/li/vk_ros2_ws/install/my_rtabmap_launch/lib/python3.10/site-packages:${PYTHONPATH} /usr/bin/python3 -W ignore:setup.py install is deprecated -W ignore:easy_install command is deprecated setup.py develop --editable --build-directory /home/li/vk_ros2_ws/build/my_rtabmap_launch/build --no-deps symlink_data --force
[1.051s] INFO:colcon.colcon_core.shell:Creating environment descriptor '/home/li/vk_ros2_ws/build/my_rtabmap_launch/share/my_rtabmap_launch/hook/pythonpath_develop.dsv'
[1.052s] INFO:colcon.colcon_core.shell:Creating environment hook '/home/li/vk_ros2_ws/build/my_rtabmap_launch/share/my_rtabmap_launch/hook/pythonpath_develop.sh'
[1.052s] Level 1:colcon.colcon_core.environment:checking '/home/li/vk_ros2_ws/install/my_rtabmap_launch' for CMake module files
[1.052s] Level 1:colcon.colcon_core.environment:checking '/home/li/vk_ros2_ws/install/my_rtabmap_launch' for CMake config files
[1.053s] Level 1:colcon.colcon_core.environment:checking '/home/li/vk_ros2_ws/install/my_rtabmap_launch/lib'
[1.053s] Level 1:colcon.colcon_core.environment:checking '/home/li/vk_ros2_ws/install/my_rtabmap_launch/bin'
[1.053s] Level 1:colcon.colcon_core.environment:checking '/home/li/vk_ros2_ws/install/my_rtabmap_launch/lib/pkgconfig/my_rtabmap_launch.pc'
[1.053s] Level 1:colcon.colcon_core.environment:checking '/home/li/vk_ros2_ws/install/my_rtabmap_launch/lib/python3.10/site-packages'
[1.053s] Level 1:colcon.colcon_core.shell:create_environment_hook('my_rtabmap_launch', 'pythonpath')
[1.053s] INFO:colcon.colcon_core.shell:Creating environment hook '/home/li/vk_ros2_ws/install/my_rtabmap_launch/share/my_rtabmap_launch/hook/pythonpath.ps1'
[1.054s] INFO:colcon.colcon_core.shell:Creating environment descriptor '/home/li/vk_ros2_ws/install/my_rtabmap_launch/share/my_rtabmap_launch/hook/pythonpath.dsv'
[1.054s] INFO:colcon.colcon_core.shell:Creating environment hook '/home/li/vk_ros2_ws/install/my_rtabmap_launch/share/my_rtabmap_launch/hook/pythonpath.sh'
[1.054s] Level 1:colcon.colcon_core.environment:checking '/home/li/vk_ros2_ws/install/my_rtabmap_launch/bin'
[1.054s] Level 1:colcon.colcon_core.environment:create_environment_scripts_only(my_rtabmap_launch)
[1.055s] INFO:colcon.colcon_core.shell:Creating package script '/home/li/vk_ros2_ws/install/my_rtabmap_launch/share/my_rtabmap_launch/package.ps1'
[1.055s] INFO:colcon.colcon_core.shell:Creating package descriptor '/home/li/vk_ros2_ws/install/my_rtabmap_launch/share/my_rtabmap_launch/package.dsv'
[1.056s] INFO:colcon.colcon_core.shell:Creating package script '/home/li/vk_ros2_ws/install/my_rtabmap_launch/share/my_rtabmap_launch/package.sh'
[1.056s] INFO:colcon.colcon_core.shell:Creating package script '/home/li/vk_ros2_ws/install/my_rtabmap_launch/share/my_rtabmap_launch/package.bash'
[1.056s] INFO:colcon.colcon_core.shell:Creating package script '/home/li/vk_ros2_ws/install/my_rtabmap_launch/share/my_rtabmap_launch/package.zsh'
[1.056s] Level 1:colcon.colcon_core.environment:create_file_with_runtime_dependencies(/home/li/vk_ros2_ws/install/my_rtabmap_launch/share/colcon-core/packages/my_rtabmap_launch)
[1.056s] DEBUG:colcon.colcon_parallel_executor.executor.parallel:closing loop
[1.057s] DEBUG:colcon.colcon_parallel_executor.executor.parallel:loop closed
[1.057s] DEBUG:colcon.colcon_parallel_executor.executor.parallel:run_until_complete finished with '0'
[1.057s] DEBUG:colcon.colcon_core.event_reactor:joining thread
[1.061s] INFO:colcon.colcon_core.plugin_system:Skipping extension 'colcon_notification.desktop_notification.terminal_notifier': Not used on non-Darwin systems
[1.061s] INFO:colcon.colcon_core.plugin_system:Skipping extension 'colcon_notification.desktop_notification.win32': Not used on non-Windows systems
[1.061s] INFO:colcon.colcon_notification.desktop_notification:Sending desktop notification using 'notify2'
[1.071s] DEBUG:colcon.colcon_core.event_reactor:joined thread
[1.072s] INFO:colcon.colcon_core.shell:Creating prefix script '/home/li/vk_ros2_ws/install/local_setup.ps1'
[1.073s] INFO:colcon.colcon_core.shell:Creating prefix util module '/home/li/vk_ros2_ws/install/_local_setup_util_ps1.py'
[1.073s] INFO:colcon.colcon_core.shell:Creating prefix chain script '/home/li/vk_ros2_ws/install/setup.ps1'
[1.074s] INFO:colcon.colcon_core.shell:Creating prefix script '/home/li/vk_ros2_ws/install/local_setup.sh'
[1.075s] INFO:colcon.colcon_core.shell:Creating prefix util module '/home/li/vk_ros2_ws/install/_local_setup_util_sh.py'
[1.075s] INFO:colcon.colcon_core.shell:Creating prefix chain script '/home/li/vk_ros2_ws/install/setup.sh'
[1.077s] INFO:colcon.colcon_core.shell:Creating prefix script '/home/li/vk_ros2_ws/install/local_setup.bash'
[1.077s] INFO:colcon.colcon_core.shell:Creating prefix chain script '/home/li/vk_ros2_ws/install/setup.bash'
[1.078s] INFO:colcon.colcon_core.shell:Creating prefix script '/home/li/vk_ros2_ws/install/local_setup.zsh'
[1.078s] INFO:colcon.colcon_core.shell:Creating prefix chain script '/home/li/vk_ros2_ws/install/setup.zsh'
