[0.008s] Invoking command in '/home/li/vk_ros2_ws/build/dual_dense_mapper': CMAKE_PREFIX_PATH=${CMAKE_PREFIX_PATH}:/home/li/rtabmap_ws/install/rtabmap_python:/opt/ros/humble /usr/bin/cmake /home/li/vk_ros2_ws/src/dual_dense_mapper -DAMENT_CMAKE_SYMLINK_INSTALL=1 -DCMAKE_INSTALL_PREFIX=/home/li/vk_ros2_ws/install/dual_dense_mapper
[0.074s] -- The C compiler identification is GNU 11.4.0
[0.133s] -- The CXX compiler identification is GNU 11.4.0
[0.142s] -- Detecting C compiler ABI info
[0.235s] -- Detecting C compiler ABI info - done
[0.248s] -- Check for working C compiler: /usr/bin/cc - skipped
[0.248s] -- Detecting C compile features
[0.249s] -- Detecting C compile features - done
[0.253s] -- Detecting CXX compiler ABI info
[0.355s] -- Detecting CXX compiler ABI info - done
[0.361s] -- Check for working CXX compiler: /usr/bin/c++ - skipped
[0.361s] -- Detecting CXX compile features
[0.361s] -- Detecting CXX compile features - done
[0.364s] -- Found ament_cmake: 1.3.12 (/opt/ros/humble/share/ament_cmake/cmake)
[0.494s] -- Found Python3: /usr/bin/python3 (found version "3.10.12") found components: Interpreter 
[0.544s] -- Override CMake install command with custom implementation using symlinks instead of copying resources
[0.572s] -- Found rclcpp: 16.0.16 (/opt/ros/humble/share/rclcpp/cmake)
[0.611s] -- Found rosidl_generator_c: 3.1.7 (/opt/ros/humble/share/rosidl_generator_c/cmake)
[0.616s] -- Found rosidl_adapter: 3.1.7 (/opt/ros/humble/share/rosidl_adapter/cmake)
[0.622s] -- Found rosidl_generator_cpp: 3.1.7 (/opt/ros/humble/share/rosidl_generator_cpp/cmake)
[0.632s] -- Using all available rosidl_typesupport_c: rosidl_typesupport_fastrtps_c;rosidl_typesupport_introspection_c
[0.645s] -- Using all available rosidl_typesupport_cpp: rosidl_typesupport_fastrtps_cpp;rosidl_typesupport_introspection_cpp
[0.681s] -- Found rmw_implementation_cmake: 6.1.2 (/opt/ros/humble/share/rmw_implementation_cmake/cmake)
[0.684s] -- Found rmw_fastrtps_cpp: 6.2.9 (/opt/ros/humble/share/rmw_fastrtps_cpp/cmake)
[0.785s] -- Found OpenSSL: /usr/lib/x86_64-linux-gnu/libcrypto.so (found version "3.0.2")  
[0.823s] -- Found FastRTPS: /opt/ros/humble/include  
[0.878s] -- Using RMW implementation 'rmw_fastrtps_cpp' as default
[0.886s] -- Looking for pthread.h
[1.005s] -- Looking for pthread.h - found
[1.005s] -- Performing Test CMAKE_HAVE_LIBC_PTHREAD
[1.140s] -- Performing Test CMAKE_HAVE_LIBC_PTHREAD - Success
[1.141s] -- Found Threads: TRUE  
[1.186s] -- Found sensor_msgs: 4.9.0 (/opt/ros/humble/share/sensor_msgs/cmake)
[1.207s] -- Found message_filters: 4.3.11 (/opt/ros/humble/share/message_filters/cmake)
[1.211s] -- Found tf2: 0.25.17 (/opt/ros/humble/share/tf2/cmake)
[1.219s] -- Found tf2_ros: 0.25.17 (/opt/ros/humble/share/tf2_ros/cmake)
[1.281s] -- Found tf2_geometry_msgs: 0.25.17 (/opt/ros/humble/share/tf2_geometry_msgs/cmake)
[1.292s] -- Found eigen3_cmake_module: 0.1.1 (/opt/ros/humble/share/eigen3_cmake_module/cmake)
[1.293s] -- Found Eigen3: TRUE (found version "3.4.0") 
[1.293s] -- Ensuring Eigen3 include directory is part of orocos-kdl CMake target
[1.295s] -- Found pcl_conversions: 2.4.5 (/opt/ros/humble/share/pcl_conversions/cmake)
[1.323s] -- Checking for module 'eigen3'
[1.337s] --   Found eigen3, version 3.4.0
[1.387s] -- Found Eigen: /usr/include/eigen3 (Required is at least version "3.1") 
[1.388s] -- Eigen found (include: /usr/include/eigen3, version: 3.4.0)
[1.417s] -- Checking for module 'flann'
[1.434s] --   Found flann, version 1.9.1
[1.509s] -- Found FLANN: /usr/lib/x86_64-linux-gnu/libflann_cpp.so  
[1.509s] -- FLANN found (include: /usr/include, lib: /usr/lib/x86_64-linux-gnu/libflann_cpp.so)
[2.753s] -- Checking for module 'libusb-1.0'
[2.768s] --   Found libusb-1.0, version 1.0.25
[2.857s] -- Found libusb: /usr/lib/x86_64-linux-gnu/libusb-1.0.so  
[2.860s] -- OpenNI found (version: 1.5.4.0, include: /usr/include/ni, lib: /usr/lib/libOpenNI.so;libusb::libusb)
[3.021s] -- OpenNI2 found (version: 2.2.0.33, include: /usr/include/openni2, lib: /usr/lib/x86_64-linux-gnu/libOpenNI2.so;libusb::libusb)
[3.153s] -- Eigen found (include: /usr/include/eigen3, version: 3.4.0)
[3.160s] -- OpenNI found (version: 1.5.4.0, include: /usr/include/ni, lib: /usr/lib/libOpenNI.so;libusb::libusb)
[3.166s] -- OpenNI2 found (version: 2.2.0.33, include: /usr/include/openni2, lib: /usr/lib/x86_64-linux-gnu/libOpenNI2.so;libusb::libusb)
[3.280s] -- Found Qhull version 8.0.2
[3.403s] -- OpenNI found (version: 1.5.4.0, include: /usr/include/ni, lib: /usr/lib/libOpenNI.so;libusb::libusb)
[3.535s] -- Found PCL_COMMON: /usr/lib/x86_64-linux-gnu/libpcl_common.so  
[3.536s] -- Found PCL_KDTREE: /usr/lib/x86_64-linux-gnu/libpcl_kdtree.so  
[3.536s] -- Found PCL_OCTREE: /usr/lib/x86_64-linux-gnu/libpcl_octree.so  
[3.537s] -- Found PCL_SEARCH: /usr/lib/x86_64-linux-gnu/libpcl_search.so  
[3.538s] -- Found PCL_SAMPLE_CONSENSUS: /usr/lib/x86_64-linux-gnu/libpcl_sample_consensus.so  
[3.538s] -- Found PCL_FILTERS: /usr/lib/x86_64-linux-gnu/libpcl_filters.so  
[3.538s] -- Found PCL_2D: /usr/include/pcl-1.12  
[3.538s] -- Found PCL_GEOMETRY: /usr/include/pcl-1.12  
[3.539s] -- Found PCL_IO: /usr/lib/x86_64-linux-gnu/libpcl_io.so  
[3.540s] -- Found PCL_FEATURES: /usr/lib/x86_64-linux-gnu/libpcl_features.so  
[3.540s] -- Found PCL_ML: /usr/lib/x86_64-linux-gnu/libpcl_ml.so  
[3.541s] -- Found PCL_SEGMENTATION: /usr/lib/x86_64-linux-gnu/libpcl_segmentation.so  
[3.542s] -- Found PCL_VISUALIZATION: /usr/lib/x86_64-linux-gnu/libpcl_visualization.so  
[3.542s] -- Found PCL_SURFACE: /usr/lib/x86_64-linux-gnu/libpcl_surface.so  
[3.543s] -- Found PCL_REGISTRATION: /usr/lib/x86_64-linux-gnu/libpcl_registration.so  
[3.544s] -- Found PCL_KEYPOINTS: /usr/lib/x86_64-linux-gnu/libpcl_keypoints.so  
[3.544s] -- Found PCL_TRACKING: /usr/lib/x86_64-linux-gnu/libpcl_tracking.so  
[3.545s] -- Found PCL_RECOGNITION: /usr/lib/x86_64-linux-gnu/libpcl_recognition.so  
[3.546s] -- Found PCL_STEREO: /usr/lib/x86_64-linux-gnu/libpcl_stereo.so  
[3.546s] -- Found PCL_APPS: /usr/lib/x86_64-linux-gnu/libpcl_apps.so  
[3.547s] -- Found PCL_IN_HAND_SCANNER: /usr/include/pcl-1.12  
[3.547s] -- Found PCL_MODELER: /usr/include/pcl-1.12  
[3.547s] -- Found PCL_POINT_CLOUD_EDITOR: /usr/include/pcl-1.12  
[3.548s] -- Found PCL_OUTOFCORE: /usr/lib/x86_64-linux-gnu/libpcl_outofcore.so  
[3.548s] -- Found PCL_PEOPLE: /usr/lib/x86_64-linux-gnu/libpcl_people.so  
[3.551s] -- Found pcl_ros: 2.4.5 (/opt/ros/humble/share/pcl_ros/cmake)
[3.627s] -- Configuring done
[3.725s] -- Generating done
[3.731s] -- Build files have been written to: /home/li/vk_ros2_ws/build/dual_dense_mapper
[3.746s] Invoked command in '/home/li/vk_ros2_ws/build/dual_dense_mapper' returned '0': CMAKE_PREFIX_PATH=${CMAKE_PREFIX_PATH}:/home/li/rtabmap_ws/install/rtabmap_python:/opt/ros/humble /usr/bin/cmake /home/li/vk_ros2_ws/src/dual_dense_mapper -DAMENT_CMAKE_SYMLINK_INSTALL=1 -DCMAKE_INSTALL_PREFIX=/home/li/vk_ros2_ws/install/dual_dense_mapper
[3.747s] Invoking command in '/home/li/vk_ros2_ws/build/dual_dense_mapper': CMAKE_PREFIX_PATH=${CMAKE_PREFIX_PATH}:/home/li/rtabmap_ws/install/rtabmap_python:/opt/ros/humble /usr/bin/cmake --build /home/li/vk_ros2_ws/build/dual_dense_mapper -- -j20 -l20
[3.811s] [ 50%] [32mBuilding CXX object CMakeFiles/dual_dense_mapper_node.dir/src/dual_dense_mapper.cpp.o[0m
[18.329s] [100%] [32m[1mLinking CXX executable dual_dense_mapper_node[0m
[19.594s] [100%] Built target dual_dense_mapper_node
[19.607s] Invoked command in '/home/li/vk_ros2_ws/build/dual_dense_mapper' returned '0': CMAKE_PREFIX_PATH=${CMAKE_PREFIX_PATH}:/home/li/rtabmap_ws/install/rtabmap_python:/opt/ros/humble /usr/bin/cmake --build /home/li/vk_ros2_ws/build/dual_dense_mapper -- -j20 -l20
[19.618s] Invoking command in '/home/li/vk_ros2_ws/build/dual_dense_mapper': CMAKE_PREFIX_PATH=${CMAKE_PREFIX_PATH}:/home/li/rtabmap_ws/install/rtabmap_python:/opt/ros/humble /usr/bin/cmake --install /home/li/vk_ros2_ws/build/dual_dense_mapper
[19.626s] -- Install configuration: ""
[19.627s] -- Execute custom install script
[19.627s] -- Symlinking: /home/li/vk_ros2_ws/install/dual_dense_mapper/lib/dual_dense_mapper/dual_dense_mapper_node
[19.637s] -- Symlinking: /home/li/vk_ros2_ws/install/dual_dense_mapper/share/dual_dense_mapper/launch/dual_dense_mapper.launch.py
[19.648s] -- Symlinking: /home/li/vk_ros2_ws/install/dual_dense_mapper/share/ament_index/resource_index/package_run_dependencies/dual_dense_mapper
[19.658s] -- Symlinking: /home/li/vk_ros2_ws/install/dual_dense_mapper/share/ament_index/resource_index/parent_prefix_path/dual_dense_mapper
[19.670s] -- Symlinking: /home/li/vk_ros2_ws/install/dual_dense_mapper/share/dual_dense_mapper/environment/ament_prefix_path.sh
[19.687s] -- Symlinking: /home/li/vk_ros2_ws/install/dual_dense_mapper/share/dual_dense_mapper/environment/ament_prefix_path.dsv
[19.699s] -- Symlinking: /home/li/vk_ros2_ws/install/dual_dense_mapper/share/dual_dense_mapper/environment/path.sh
[19.711s] -- Symlinking: /home/li/vk_ros2_ws/install/dual_dense_mapper/share/dual_dense_mapper/environment/path.dsv
[19.722s] -- Symlinking: /home/li/vk_ros2_ws/install/dual_dense_mapper/share/dual_dense_mapper/local_setup.bash
[19.727s] -- Symlinking: /home/li/vk_ros2_ws/install/dual_dense_mapper/share/dual_dense_mapper/local_setup.sh
[19.733s] -- Symlinking: /home/li/vk_ros2_ws/install/dual_dense_mapper/share/dual_dense_mapper/local_setup.zsh
[19.741s] -- Symlinking: /home/li/vk_ros2_ws/install/dual_dense_mapper/share/dual_dense_mapper/local_setup.dsv
[19.748s] -- Symlinking: /home/li/vk_ros2_ws/install/dual_dense_mapper/share/dual_dense_mapper/package.dsv
[19.757s] -- Symlinking: /home/li/vk_ros2_ws/install/dual_dense_mapper/share/ament_index/resource_index/packages/dual_dense_mapper
[19.769s] -- Symlinking: /home/li/vk_ros2_ws/install/dual_dense_mapper/share/dual_dense_mapper/cmake/dual_dense_mapperConfig.cmake
[19.786s] -- Symlinking: /home/li/vk_ros2_ws/install/dual_dense_mapper/share/dual_dense_mapper/cmake/dual_dense_mapperConfig-version.cmake
[19.800s] -- Symlinking: /home/li/vk_ros2_ws/install/dual_dense_mapper/share/dual_dense_mapper/package.xml
[19.816s] Invoked command in '/home/li/vk_ros2_ws/build/dual_dense_mapper' returned '0': CMAKE_PREFIX_PATH=${CMAKE_PREFIX_PATH}:/home/li/rtabmap_ws/install/rtabmap_python:/opt/ros/humble /usr/bin/cmake --install /home/li/vk_ros2_ws/build/dual_dense_mapper
