[0.007s] Invoking command in '/home/li/vk_ros2_ws/build/dual_dense_mapper': /usr/bin/cmake /home/li/vk_ros2_ws/src/dual_dense_mapper -DCMAKE_INSTALL_PREFIX=/home/li/vk_ros2_ws/install/dual_dense_mapper
[0.060s] -- The C compiler identification is GNU 11.4.0
[0.102s] -- The CXX compiler identification is GNU 11.4.0
[0.107s] -- Detecting C compiler ABI info
[0.167s] -- Detecting C compiler ABI info - done
[0.172s] -- Check for working C compiler: /usr/bin/cc - skipped
[0.172s] -- Detecting C compile features
[0.172s] -- Detecting C compile features - done
[0.174s] -- Detecting CXX compiler ABI info
[0.252s] -- Detecting CXX compiler ABI info - done
[0.262s] -- Check for working CXX compiler: /usr/bin/c++ - skipped
[0.262s] -- Detecting CXX compile features
[0.263s] -- Detecting CXX compile features - done
[0.268s] -- Found ament_cmake: 1.3.12 (/opt/ros/humble/share/ament_cmake/cmake)
[0.406s] -- Found Python3: /usr/bin/python3 (found version "3.10.12") found components: Interpreter 
[0.482s] -- Found rclcpp: 16.0.16 (/opt/ros/humble/share/rclcpp/cmake)
[0.534s] -- Found rosidl_generator_c: 3.1.7 (/opt/ros/humble/share/rosidl_generator_c/cmake)
[0.538s] -- Found rosidl_adapter: 3.1.7 (/opt/ros/humble/share/rosidl_adapter/cmake)
[0.545s] -- Found rosidl_generator_cpp: 3.1.7 (/opt/ros/humble/share/rosidl_generator_cpp/cmake)
[0.555s] -- Using all available rosidl_typesupport_c: rosidl_typesupport_fastrtps_c;rosidl_typesupport_introspection_c
[0.567s] -- Using all available rosidl_typesupport_cpp: rosidl_typesupport_fastrtps_cpp;rosidl_typesupport_introspection_cpp
[0.605s] -- Found rmw_implementation_cmake: 6.1.2 (/opt/ros/humble/share/rmw_implementation_cmake/cmake)
[0.607s] -- Found rmw_fastrtps_cpp: 6.2.9 (/opt/ros/humble/share/rmw_fastrtps_cpp/cmake)
[0.683s] -- Found OpenSSL: /usr/lib/x86_64-linux-gnu/libcrypto.so (found version "3.0.2")  
[0.710s] -- Found FastRTPS: /opt/ros/humble/include  
[0.753s] -- Using RMW implementation 'rmw_fastrtps_cpp' as default
[0.768s] -- Looking for pthread.h
[0.833s] -- Looking for pthread.h - found
[0.833s] -- Performing Test CMAKE_HAVE_LIBC_PTHREAD
[0.898s] -- Performing Test CMAKE_HAVE_LIBC_PTHREAD - Success
[0.898s] -- Found Threads: TRUE  
[0.936s] -- Found sensor_msgs: 4.9.0 (/opt/ros/humble/share/sensor_msgs/cmake)
[0.957s] -- Found message_filters: 4.3.11 (/opt/ros/humble/share/message_filters/cmake)
[0.960s] -- Found tf2: 0.25.17 (/opt/ros/humble/share/tf2/cmake)
[0.969s] -- Found tf2_ros: 0.25.17 (/opt/ros/humble/share/tf2_ros/cmake)
[1.032s] -- Found tf2_geometry_msgs: 0.25.17 (/opt/ros/humble/share/tf2_geometry_msgs/cmake)
[1.043s] -- Found eigen3_cmake_module: 0.1.1 (/opt/ros/humble/share/eigen3_cmake_module/cmake)
[1.044s] -- Found Eigen3: TRUE (found version "3.4.0") 
[1.044s] -- Ensuring Eigen3 include directory is part of orocos-kdl CMake target
[1.047s] -- Found pcl_conversions: 2.4.5 (/opt/ros/humble/share/pcl_conversions/cmake)
[1.082s] -- Checking for module 'eigen3'
[1.097s] --   Found eigen3, version 3.4.0
[1.126s] -- Found Eigen: /usr/include/eigen3 (Required is at least version "3.1") 
[1.126s] -- Eigen found (include: /usr/include/eigen3, version: 3.4.0)
[1.152s] -- Checking for module 'flann'
[1.163s] --   Found flann, version 1.9.1
[1.203s] -- Found FLANN: /usr/lib/x86_64-linux-gnu/libflann_cpp.so  
[1.203s] -- FLANN found (include: /usr/include, lib: /usr/lib/x86_64-linux-gnu/libflann_cpp.so)
[2.059s] -- Checking for module 'libusb-1.0'
[2.074s] --   Found libusb-1.0, version 1.0.25
[2.112s] -- Found libusb: /usr/lib/x86_64-linux-gnu/libusb-1.0.so  
[2.113s] -- OpenNI found (version: 1.5.4.0, include: /usr/include/ni, lib: /usr/lib/libOpenNI.so;libusb::libusb)
[2.165s] -- OpenNI2 found (version: 2.2.0.33, include: /usr/include/openni2, lib: /usr/lib/x86_64-linux-gnu/libOpenNI2.so;libusb::libusb)
[2.299s] -- Eigen found (include: /usr/include/eigen3, version: 3.4.0)
[2.305s] -- OpenNI found (version: 1.5.4.0, include: /usr/include/ni, lib: /usr/lib/libOpenNI.so;libusb::libusb)
[2.310s] -- OpenNI2 found (version: 2.2.0.33, include: /usr/include/openni2, lib: /usr/lib/x86_64-linux-gnu/libOpenNI2.so;libusb::libusb)
[2.426s] -- Found Qhull version 8.0.2
[2.533s] -- OpenNI found (version: 1.5.4.0, include: /usr/include/ni, lib: /usr/lib/libOpenNI.so;libusb::libusb)
[2.647s] -- Found PCL_COMMON: /usr/lib/x86_64-linux-gnu/libpcl_common.so  
[2.648s] -- Found PCL_KDTREE: /usr/lib/x86_64-linux-gnu/libpcl_kdtree.so  
[2.648s] -- Found PCL_OCTREE: /usr/lib/x86_64-linux-gnu/libpcl_octree.so  
[2.649s] -- Found PCL_SEARCH: /usr/lib/x86_64-linux-gnu/libpcl_search.so  
[2.649s] -- Found PCL_SAMPLE_CONSENSUS: /usr/lib/x86_64-linux-gnu/libpcl_sample_consensus.so  
[2.650s] -- Found PCL_FILTERS: /usr/lib/x86_64-linux-gnu/libpcl_filters.so  
[2.650s] -- Found PCL_2D: /usr/include/pcl-1.12  
[2.650s] -- Found PCL_GEOMETRY: /usr/include/pcl-1.12  
[2.651s] -- Found PCL_IO: /usr/lib/x86_64-linux-gnu/libpcl_io.so  
[2.652s] -- Found PCL_FEATURES: /usr/lib/x86_64-linux-gnu/libpcl_features.so  
[2.653s] -- Found PCL_ML: /usr/lib/x86_64-linux-gnu/libpcl_ml.so  
[2.653s] -- Found PCL_SEGMENTATION: /usr/lib/x86_64-linux-gnu/libpcl_segmentation.so  
[2.654s] -- Found PCL_VISUALIZATION: /usr/lib/x86_64-linux-gnu/libpcl_visualization.so  
[2.655s] -- Found PCL_SURFACE: /usr/lib/x86_64-linux-gnu/libpcl_surface.so  
[2.655s] -- Found PCL_REGISTRATION: /usr/lib/x86_64-linux-gnu/libpcl_registration.so  
[2.656s] -- Found PCL_KEYPOINTS: /usr/lib/x86_64-linux-gnu/libpcl_keypoints.so  
[2.656s] -- Found PCL_TRACKING: /usr/lib/x86_64-linux-gnu/libpcl_tracking.so  
[2.657s] -- Found PCL_RECOGNITION: /usr/lib/x86_64-linux-gnu/libpcl_recognition.so  
[2.658s] -- Found PCL_STEREO: /usr/lib/x86_64-linux-gnu/libpcl_stereo.so  
[2.658s] -- Found PCL_APPS: /usr/lib/x86_64-linux-gnu/libpcl_apps.so  
[2.659s] -- Found PCL_IN_HAND_SCANNER: /usr/include/pcl-1.12  
[2.659s] -- Found PCL_MODELER: /usr/include/pcl-1.12  
[2.659s] -- Found PCL_POINT_CLOUD_EDITOR: /usr/include/pcl-1.12  
[2.660s] -- Found PCL_OUTOFCORE: /usr/lib/x86_64-linux-gnu/libpcl_outofcore.so  
[2.660s] -- Found PCL_PEOPLE: /usr/lib/x86_64-linux-gnu/libpcl_people.so  
[2.663s] -- Found pcl_ros: 2.4.5 (/opt/ros/humble/share/pcl_ros/cmake)
[2.749s] Error parsing '/home/li/vk_ros2_ws/src/dual_dense_mapper/package.xml':
[2.776s] Traceback (most recent call last):
[2.776s]   File "/opt/ros/humble/share/ament_cmake_core/cmake/core/package_xml_2_cmake.py", line 150, in <module>
[2.776s]     main()
[2.776s]   File "/opt/ros/humble/share/ament_cmake_core/cmake/core/package_xml_2_cmake.py", line 53, in main
[2.776s]     raise e
[2.776s]   File "/opt/ros/humble/share/ament_cmake_core/cmake/core/package_xml_2_cmake.py", line 49, in main
[2.776s]     package = parse_package_string(
[2.776s]   File "/usr/lib/python3/dist-packages/catkin_pkg/package.py", line 788, in parse_package_string
[2.776s]     pkg.validate(warnings=warnings)
[2.776s]   File "/usr/lib/python3/dist-packages/catkin_pkg/package.py", line 330, in validate
[2.776s]     raise InvalidPackage('\n'.join(errors), self.filename)
[2.776s] catkin_pkg.package.InvalidPackage: Error(s) in package '/home/li/vk_ros2_ws/src/dual_dense_mapper/package.xml':
[2.776s] Invalid email "li@local" for person "li"
[2.786s] [31mCMake Error at /opt/ros/humble/share/ament_cmake_core/cmake/core/ament_package_xml.cmake:95 (message):
[2.786s]   execute_process(/usr/bin/python3
[2.786s]   /opt/ros/humble/share/ament_cmake_core/cmake/core/package_xml_2_cmake.py
[2.786s]   /home/li/vk_ros2_ws/src/dual_dense_mapper/package.xml
[2.786s]   /home/li/vk_ros2_ws/build/dual_dense_mapper/ament_cmake_core/package.cmake)
[2.786s]   returned error code 1
[2.786s] Call Stack (most recent call first):
[2.786s]   /opt/ros/humble/share/ament_cmake_core/cmake/core/ament_package_xml.cmake:49 (_ament_package_xml)
[2.786s]   /opt/ros/humble/share/ament_cmake_core/cmake/core/ament_package.cmake:63 (ament_package_xml)
[2.786s]   CMakeLists.txt:40 (ament_package)
[2.786s] 
[2.787s] [0m
[2.787s] -- Configuring incomplete, errors occurred!
[2.787s] See also "/home/li/vk_ros2_ws/build/dual_dense_mapper/CMakeFiles/CMakeOutput.log".
[2.801s] Invoked command in '/home/li/vk_ros2_ws/build/dual_dense_mapper' returned '1': /usr/bin/cmake /home/li/vk_ros2_ws/src/dual_dense_mapper -DCMAKE_INSTALL_PREFIX=/home/li/vk_ros2_ws/install/dual_dense_mapper
