[35m[1mConsolidate compiler generated dependencies of target vk_ros2_driver_node[0m
[35m[1mConsolidate compiler generated dependencies of target vk_ros2_driver[0m
[ 50%] Built target vk_ros2_driver_node
[100%] Built target vk_ros2_driver
-- Install configuration: ""
-- Execute custom install script
-- Up-to-date symlink: /home/li/vk_ros2_ws/install/vk_ros2_driver/lib/vk_ros2_driver/vk_ros2_driver_node
-- Up-to-date symlink: /home/li/vk_ros2_ws/install/vk_ros2_driver/include/vk_ros2_driver/vk_ros2_driver/vk_ros2_driver.hpp
-- Up-to-date symlink: /home/li/vk_ros2_ws/install/vk_ros2_driver/share/vk_ros2_driver/launch/__pycache__/example.launch.cpython-310.pyc
-- Up-to-date symlink: /home/li/vk_ros2_ws/install/vk_ros2_driver/share/vk_ros2_driver/launch/__pycache__/loop_closure_and_tsdf.launch.cpython-310.pyc
-- Up-to-date symlink: /home/li/vk_ros2_ws/install/vk_ros2_driver/share/vk_ros2_driver/launch/example.launch.py
-- Up-to-date symlink: /home/li/vk_ros2_ws/install/vk_ros2_driver/share/vk_ros2_driver/config/example.yaml
-- Up-to-date symlink: /home/li/vk_ros2_ws/install/vk_ros2_driver/share/ament_index/resource_index/package_run_dependencies/vk_ros2_driver
-- Up-to-date symlink: /home/li/vk_ros2_ws/install/vk_ros2_driver/share/ament_index/resource_index/parent_prefix_path/vk_ros2_driver
-- Up-to-date symlink: /home/li/vk_ros2_ws/install/vk_ros2_driver/share/vk_ros2_driver/environment/ament_prefix_path.sh
-- Up-to-date symlink: /home/li/vk_ros2_ws/install/vk_ros2_driver/share/vk_ros2_driver/environment/ament_prefix_path.dsv
-- Up-to-date symlink: /home/li/vk_ros2_ws/install/vk_ros2_driver/share/vk_ros2_driver/environment/path.sh
-- Up-to-date symlink: /home/li/vk_ros2_ws/install/vk_ros2_driver/share/vk_ros2_driver/environment/path.dsv
-- Up-to-date symlink: /home/li/vk_ros2_ws/install/vk_ros2_driver/share/vk_ros2_driver/local_setup.bash
-- Up-to-date symlink: /home/li/vk_ros2_ws/install/vk_ros2_driver/share/vk_ros2_driver/local_setup.sh
-- Up-to-date symlink: /home/li/vk_ros2_ws/install/vk_ros2_driver/share/vk_ros2_driver/local_setup.zsh
-- Up-to-date symlink: /home/li/vk_ros2_ws/install/vk_ros2_driver/share/vk_ros2_driver/local_setup.dsv
-- Symlinking: /home/li/vk_ros2_ws/install/vk_ros2_driver/share/vk_ros2_driver/package.dsv
-- Up-to-date symlink: /home/li/vk_ros2_ws/install/vk_ros2_driver/share/ament_index/resource_index/packages/vk_ros2_driver
-- Up-to-date symlink: /home/li/vk_ros2_ws/install/vk_ros2_driver/share/ament_index/resource_index/rclcpp_components/vk_ros2_driver
-- Up-to-date symlink: /home/li/vk_ros2_ws/install/vk_ros2_driver/share/vk_ros2_driver/cmake/ament_cmake_export_dependencies-extras.cmake
-- Up-to-date symlink: /home/li/vk_ros2_ws/install/vk_ros2_driver/share/vk_ros2_driver/cmake/vk_ros2_driverConfig.cmake
-- Up-to-date symlink: /home/li/vk_ros2_ws/install/vk_ros2_driver/share/vk_ros2_driver/cmake/vk_ros2_driverConfig-version.cmake
-- Up-to-date symlink: /home/li/vk_ros2_ws/install/vk_ros2_driver/share/vk_ros2_driver/package.xml
-- Up-to-date: /home/li/vk_ros2_ws/install/vk_ros2_driver/lib/libvk_ros2_driver.so
