[0.012s] Invoking command in '/home/li/vk_ros2_ws/build/dual_dense_mapper': /usr/bin/cmake /home/li/vk_ros2_ws/src/dual_dense_mapper -DCMAKE_INSTALL_PREFIX=/home/li/vk_ros2_ws/install/dual_dense_mapper
[0.080s] -- The C compiler identification is GNU 11.4.0
[0.131s] -- The CXX compiler identification is GNU 11.4.0
[0.136s] -- Detecting C compiler ABI info
[0.198s] -- Detecting C compiler ABI info - done
[0.207s] -- Check for working C compiler: /usr/bin/cc - skipped
[0.207s] -- Detecting C compile features
[0.207s] -- Detecting C compile features - done
[0.210s] -- Detecting CXX compiler ABI info
[0.282s] -- Detecting CXX compiler ABI info - done
[0.289s] -- Check for working CXX compiler: /usr/bin/c++ - skipped
[0.289s] -- Detecting CXX compile features
[0.290s] -- Detecting CXX compile features - done
[0.293s] -- Found ament_cmake: 1.3.12 (/opt/ros/humble/share/ament_cmake/cmake)
[0.422s] -- Found Python3: /usr/bin/python3 (found version "3.10.12") found components: Interpreter 
[0.494s] -- Found rclcpp: 16.0.16 (/opt/ros/humble/share/rclcpp/cmake)
[0.536s] -- Found rosidl_generator_c: 3.1.7 (/opt/ros/humble/share/rosidl_generator_c/cmake)
[0.540s] -- Found rosidl_adapter: 3.1.7 (/opt/ros/humble/share/rosidl_adapter/cmake)
[0.547s] -- Found rosidl_generator_cpp: 3.1.7 (/opt/ros/humble/share/rosidl_generator_cpp/cmake)
[0.556s] -- Using all available rosidl_typesupport_c: rosidl_typesupport_fastrtps_c;rosidl_typesupport_introspection_c
[0.568s] -- Using all available rosidl_typesupport_cpp: rosidl_typesupport_fastrtps_cpp;rosidl_typesupport_introspection_cpp
[0.604s] -- Found rmw_implementation_cmake: 6.1.2 (/opt/ros/humble/share/rmw_implementation_cmake/cmake)
[0.606s] -- Found rmw_fastrtps_cpp: 6.2.9 (/opt/ros/humble/share/rmw_fastrtps_cpp/cmake)
[0.689s] -- Found OpenSSL: /usr/lib/x86_64-linux-gnu/libcrypto.so (found version "3.0.2")  
[0.711s] -- Found FastRTPS: /opt/ros/humble/include  
[0.748s] -- Using RMW implementation 'rmw_fastrtps_cpp' as default
[0.756s] -- Looking for pthread.h
[0.858s] -- Looking for pthread.h - found
[0.859s] -- Performing Test CMAKE_HAVE_LIBC_PTHREAD
[0.953s] -- Performing Test CMAKE_HAVE_LIBC_PTHREAD - Success
[0.954s] -- Found Threads: TRUE  
[0.992s] -- Found sensor_msgs: 4.9.0 (/opt/ros/humble/share/sensor_msgs/cmake)
[1.014s] -- Found message_filters: 4.3.11 (/opt/ros/humble/share/message_filters/cmake)
[1.018s] -- Found tf2: 0.25.17 (/opt/ros/humble/share/tf2/cmake)
[1.026s] -- Found tf2_ros: 0.25.17 (/opt/ros/humble/share/tf2_ros/cmake)
[1.090s] -- Found tf2_geometry_msgs: 0.25.17 (/opt/ros/humble/share/tf2_geometry_msgs/cmake)
[1.102s] -- Found eigen3_cmake_module: 0.1.1 (/opt/ros/humble/share/eigen3_cmake_module/cmake)
[1.103s] -- Found Eigen3: TRUE (found version "3.4.0") 
[1.103s] -- Ensuring Eigen3 include directory is part of orocos-kdl CMake target
[1.106s] -- Found pcl_conversions: 2.4.5 (/opt/ros/humble/share/pcl_conversions/cmake)
[1.136s] -- Checking for module 'eigen3'
[1.151s] --   Found eigen3, version 3.4.0
[1.185s] -- Found Eigen: /usr/include/eigen3 (Required is at least version "3.1") 
[1.185s] -- Eigen found (include: /usr/include/eigen3, version: 3.4.0)
[1.211s] -- Checking for module 'flann'
[1.226s] --   Found flann, version 1.9.1
[1.267s] -- Found FLANN: /usr/lib/x86_64-linux-gnu/libflann_cpp.so  
[1.267s] -- FLANN found (include: /usr/include, lib: /usr/lib/x86_64-linux-gnu/libflann_cpp.so)
[2.269s] -- Checking for module 'libusb-1.0'
[2.283s] --   Found libusb-1.0, version 1.0.25
[2.321s] -- Found libusb: /usr/lib/x86_64-linux-gnu/libusb-1.0.so  
[2.322s] -- OpenNI found (version: 1.5.4.0, include: /usr/include/ni, lib: /usr/lib/libOpenNI.so;libusb::libusb)
[2.385s] -- OpenNI2 found (version: 2.2.0.33, include: /usr/include/openni2, lib: /usr/lib/x86_64-linux-gnu/libOpenNI2.so;libusb::libusb)
[2.510s] -- Eigen found (include: /usr/include/eigen3, version: 3.4.0)
[2.516s] -- OpenNI found (version: 1.5.4.0, include: /usr/include/ni, lib: /usr/lib/libOpenNI.so;libusb::libusb)
[2.522s] -- OpenNI2 found (version: 2.2.0.33, include: /usr/include/openni2, lib: /usr/lib/x86_64-linux-gnu/libOpenNI2.so;libusb::libusb)
[2.641s] -- Found Qhull version 8.0.2
[2.769s] -- OpenNI found (version: 1.5.4.0, include: /usr/include/ni, lib: /usr/lib/libOpenNI.so;libusb::libusb)
[2.888s] -- Found PCL_COMMON: /usr/lib/x86_64-linux-gnu/libpcl_common.so  
[2.889s] -- Found PCL_KDTREE: /usr/lib/x86_64-linux-gnu/libpcl_kdtree.so  
[2.889s] -- Found PCL_OCTREE: /usr/lib/x86_64-linux-gnu/libpcl_octree.so  
[2.890s] -- Found PCL_SEARCH: /usr/lib/x86_64-linux-gnu/libpcl_search.so  
[2.891s] -- Found PCL_SAMPLE_CONSENSUS: /usr/lib/x86_64-linux-gnu/libpcl_sample_consensus.so  
[2.891s] -- Found PCL_FILTERS: /usr/lib/x86_64-linux-gnu/libpcl_filters.so  
[2.891s] -- Found PCL_2D: /usr/include/pcl-1.12  
[2.892s] -- Found PCL_GEOMETRY: /usr/include/pcl-1.12  
[2.892s] -- Found PCL_IO: /usr/lib/x86_64-linux-gnu/libpcl_io.so  
[2.893s] -- Found PCL_FEATURES: /usr/lib/x86_64-linux-gnu/libpcl_features.so  
[2.894s] -- Found PCL_ML: /usr/lib/x86_64-linux-gnu/libpcl_ml.so  
[2.894s] -- Found PCL_SEGMENTATION: /usr/lib/x86_64-linux-gnu/libpcl_segmentation.so  
[2.895s] -- Found PCL_VISUALIZATION: /usr/lib/x86_64-linux-gnu/libpcl_visualization.so  
[2.896s] -- Found PCL_SURFACE: /usr/lib/x86_64-linux-gnu/libpcl_surface.so  
[2.896s] -- Found PCL_REGISTRATION: /usr/lib/x86_64-linux-gnu/libpcl_registration.so  
[2.897s] -- Found PCL_KEYPOINTS: /usr/lib/x86_64-linux-gnu/libpcl_keypoints.so  
[2.898s] -- Found PCL_TRACKING: /usr/lib/x86_64-linux-gnu/libpcl_tracking.so  
[2.898s] -- Found PCL_RECOGNITION: /usr/lib/x86_64-linux-gnu/libpcl_recognition.so  
[2.899s] -- Found PCL_STEREO: /usr/lib/x86_64-linux-gnu/libpcl_stereo.so  
[2.900s] -- Found PCL_APPS: /usr/lib/x86_64-linux-gnu/libpcl_apps.so  
[2.900s] -- Found PCL_IN_HAND_SCANNER: /usr/include/pcl-1.12  
[2.901s] -- Found PCL_MODELER: /usr/include/pcl-1.12  
[2.901s] -- Found PCL_POINT_CLOUD_EDITOR: /usr/include/pcl-1.12  
[2.901s] -- Found PCL_OUTOFCORE: /usr/lib/x86_64-linux-gnu/libpcl_outofcore.so  
[2.902s] -- Found PCL_PEOPLE: /usr/lib/x86_64-linux-gnu/libpcl_people.so  
[2.906s] -- Found pcl_ros: 2.4.5 (/opt/ros/humble/share/pcl_ros/cmake)
[2.975s] Error parsing '/home/li/vk_ros2_ws/src/dual_dense_mapper/package.xml':
[3.002s] Traceback (most recent call last):
[3.002s]   File "/opt/ros/humble/share/ament_cmake_core/cmake/core/package_xml_2_cmake.py", line 150, in <module>
[3.002s]     main()
[3.002s]   File "/opt/ros/humble/share/ament_cmake_core/cmake/core/package_xml_2_cmake.py", line 53, in main
[3.002s]     raise e
[3.002s]   File "/opt/ros/humble/share/ament_cmake_core/cmake/core/package_xml_2_cmake.py", line 49, in main
[3.003s]     package = parse_package_string(
[3.003s]   File "/usr/lib/python3/dist-packages/catkin_pkg/package.py", line 788, in parse_package_string
[3.003s]     pkg.validate(warnings=warnings)
[3.003s]   File "/usr/lib/python3/dist-packages/catkin_pkg/package.py", line 330, in validate
[3.003s]     raise InvalidPackage('\n'.join(errors), self.filename)
[3.003s] catkin_pkg.package.InvalidPackage: Error(s) in package '/home/li/vk_ros2_ws/src/dual_dense_mapper/package.xml':
[3.003s] Invalid email "li@local" for person "li"
[3.016s] [31mCMake Error at /opt/ros/humble/share/ament_cmake_core/cmake/core/ament_package_xml.cmake:95 (message):
[3.016s]   execute_process(/usr/bin/python3
[3.016s]   /opt/ros/humble/share/ament_cmake_core/cmake/core/package_xml_2_cmake.py
[3.016s]   /home/li/vk_ros2_ws/src/dual_dense_mapper/package.xml
[3.017s]   /home/li/vk_ros2_ws/build/dual_dense_mapper/ament_cmake_core/package.cmake)
[3.017s]   returned error code 1
[3.017s] Call Stack (most recent call first):
[3.017s]   /opt/ros/humble/share/ament_cmake_core/cmake/core/ament_package_xml.cmake:49 (_ament_package_xml)
[3.017s]   /opt/ros/humble/share/ament_cmake_core/cmake/core/ament_package.cmake:63 (ament_package_xml)
[3.017s]   CMakeLists.txt:40 (ament_package)
[3.017s] 
[3.017s] [0m
[3.017s] -- Configuring incomplete, errors occurred!
[3.017s] See also "/home/li/vk_ros2_ws/build/dual_dense_mapper/CMakeFiles/CMakeOutput.log".
[3.032s] Invoked command in '/home/li/vk_ros2_ws/build/dual_dense_mapper' returned '1': /usr/bin/cmake /home/li/vk_ros2_ws/src/dual_dense_mapper -DCMAKE_INSTALL_PREFIX=/home/li/vk_ros2_ws/install/dual_dense_mapper
