[01m[K/home/li/vk_ros2_ws/src/vk_ros2_driver/src/vk_ros2_driver.cpp:[m[K In constructor ‘[01m[Kvkc::VkRos2Driver::VkRos2Driver(const rclcpp::NodeOptions&)[m[K’:
[01m[K/home/li/vk_ros2_ws/src/vk_ros2_driver/src/vk_ros2_driver.cpp:528:40:[m[K [01;31m[Kerror: [m[Kno matching function for call to ‘[01m[Kimage_transport::ImageTransport::advertise(const std::__cxx11::basic_string<char>&, int, const rmw_qos_profile_t&)[m[K’
  528 |         img_pub_[topic] = [01;31m[Kit_.advertise(topic, 1, rmw_qos_profile_sensor_data)[m[K;
      |                           [01;31m[K~~~~~~~~~~~~~^~~~~~~~~~~~~~~~~~~~~~~~~~~~~~~~~~~~~~~[m[K
In file included from [01m[K/home/li/vk_ros2_ws/src/vk_ros2_driver/include/vk_ros2_driver/vk_ros2_driver.hpp:16[m[K,
                 from [01m[K/home/li/vk_ros2_ws/src/vk_ros2_driver/src/vk_ros2_driver.cpp:1[m[K:
[01m[K/opt/ros/humble/include/image_transport/image_transport/image_transport.hpp:120:13:[m[K [01;36m[Knote: [m[Kcandidate: ‘[01m[Kimage_transport::Publisher image_transport::ImageTransport::advertise(const string&, uint32_t, bool)[m[K’
  120 |   Publisher [01;36m[Kadvertise[m[K(const std::string & base_topic, uint32_t queue_size, bool latch = false);
      |             [01;36m[K^~~~~~~~~[m[K
[01m[K/opt/ros/humble/include/image_transport/image_transport/image_transport.hpp:120:81:[m[K [01;36m[Knote: [m[K  no known conversion for argument 3 from ‘[01m[Kconst rmw_qos_profile_t[m[K’ {aka ‘[01m[Kconst rmw_qos_profile_s[m[K’} to ‘[01m[Kbool[m[K’
  120 |   Publisher advertise(const std::string & base_topic, uint32_t queue_size, [01;36m[Kbool latch = false[m[K);
      |                                                                            [01;36m[K~~~~~^~~~~~~~~~~~~[m[K
[01m[K/opt/ros/humble/include/image_transport/image_transport/image_transport.hpp:126:13:[m[K [01;36m[Knote: [m[Kcandidate: ‘[01m[Kimage_transport::Publisher image_transport::ImageTransport::advertise(const string&, rmw_qos_profile_t, bool)[m[K’
  126 |   Publisher [01;36m[Kadvertise[m[K(
      |             [01;36m[K^~~~~~~~~[m[K
[01m[K/opt/ros/humble/include/image_transport/image_transport/image_transport.hpp:127:55:[m[K [01;36m[Knote: [m[K  no known conversion for argument 2 from ‘[01m[Kint[m[K’ to ‘[01m[Krmw_qos_profile_t[m[K’ {aka ‘[01m[Krmw_qos_profile_s[m[K’}
  127 |     const std::string & base_topic, [01;36m[Krmw_qos_profile_t custom_qos[m[K,
      |                                     [01;36m[K~~~~~~~~~~~~~~~~~~^~~~~~~~~~[m[K
[01m[K/home/li/vk_ros2_ws/src/vk_ros2_driver/src/vk_ros2_driver.cpp:548:41:[m[K [01;31m[Kerror: [m[Kno matching function for call to ‘[01m[Kimage_transport::ImageTransport::advertise(std::string&, int, const rmw_qos_profile_t&)[m[K’
  548 |         disp_pub_[topic] = [01;31m[Kit_.advertise(depth_topic, 1, rmw_qos_profile_sensor_data)[m[K;
      |                            [01;31m[K~~~~~~~~~~~~~^~~~~~~~~~~~~~~~~~~~~~~~~~~~~~~~~~~~~~~~~~~~~[m[K
In file included from [01m[K/home/li/vk_ros2_ws/src/vk_ros2_driver/include/vk_ros2_driver/vk_ros2_driver.hpp:16[m[K,
                 from [01m[K/home/li/vk_ros2_ws/src/vk_ros2_driver/src/vk_ros2_driver.cpp:1[m[K:
[01m[K/opt/ros/humble/include/image_transport/image_transport/image_transport.hpp:120:13:[m[K [01;36m[Knote: [m[Kcandidate: ‘[01m[Kimage_transport::Publisher image_transport::ImageTransport::advertise(const string&, uint32_t, bool)[m[K’
  120 |   Publisher [01;36m[Kadvertise[m[K(const std::string & base_topic, uint32_t queue_size, bool latch = false);
      |             [01;36m[K^~~~~~~~~[m[K
[01m[K/opt/ros/humble/include/image_transport/image_transport/image_transport.hpp:120:81:[m[K [01;36m[Knote: [m[K  no known conversion for argument 3 from ‘[01m[Kconst rmw_qos_profile_t[m[K’ {aka ‘[01m[Kconst rmw_qos_profile_s[m[K’} to ‘[01m[Kbool[m[K’
  120 |   Publisher advertise(const std::string & base_topic, uint32_t queue_size, [01;36m[Kbool latch = false[m[K);
      |                                                                            [01;36m[K~~~~~^~~~~~~~~~~~~[m[K
[01m[K/opt/ros/humble/include/image_transport/image_transport/image_transport.hpp:126:13:[m[K [01;36m[Knote: [m[Kcandidate: ‘[01m[Kimage_transport::Publisher image_transport::ImageTransport::advertise(const string&, rmw_qos_profile_t, bool)[m[K’
  126 |   Publisher [01;36m[Kadvertise[m[K(
      |             [01;36m[K^~~~~~~~~[m[K
[01m[K/opt/ros/humble/include/image_transport/image_transport/image_transport.hpp:127:55:[m[K [01;36m[Knote: [m[K  no known conversion for argument 2 from ‘[01m[Kint[m[K’ to ‘[01m[Krmw_qos_profile_t[m[K’ {aka ‘[01m[Krmw_qos_profile_s[m[K’}
  127 |     const std::string & base_topic, [01;36m[Krmw_qos_profile_t custom_qos[m[K,
      |                                     [01;36m[K~~~~~~~~~~~~~~~~~~^~~~~~~~~~[m[K
gmake[2]: *** [CMakeFiles/vk_ros2_driver.dir/build.make:76：CMakeFiles/vk_ros2_driver.dir/src/vk_ros2_driver.cpp.o] 错误 1
gmake[1]: *** [CMakeFiles/Makefile2:139：CMakeFiles/vk_ros2_driver.dir/all] 错误 2
gmake: *** [Makefile:146：all] 错误 2
