[0.009s] Invoking command in '/home/li/vk_ros2_ws/build/vk_ros2_driver': CMAKE_PREFIX_PATH=${CMAKE_PREFIX_PATH}:/home/li/rtabmap_ws/install/rtabmap_python:/opt/ros/humble /usr/bin/cmake /home/li/vk_ros2_ws/src/vk_ros2_driver -DAMENT_CMAKE_SYMLINK_INSTALL=1 -DCMAKE_INSTALL_PREFIX=/home/li/vk_ros2_ws/install/vk_ros2_driver
[0.061s] -- The C compiler identification is GNU 11.4.0
[0.116s] -- The CXX compiler identification is GNU 11.4.0
[0.122s] -- Detecting C compiler ABI info
[0.184s] -- Detecting C compiler ABI info - done
[0.189s] -- Check for working C compiler: /usr/bin/cc - skipped
[0.189s] -- Detecting C compile features
[0.189s] -- Detecting C compile features - done
[0.192s] -- Detecting CXX compiler ABI info
[0.258s] -- Detecting CXX compiler ABI info - done
[0.264s] -- Check for working CXX compiler: /usr/bin/c++ - skipped
[0.264s] -- Detecting CXX compile features
[0.265s] -- Detecting CXX compile features - done
[0.267s] -- Found ament_cmake: 1.3.12 (/opt/ros/humble/share/ament_cmake/cmake)
[0.401s] -- Found Python3: /usr/bin/python3 (found version "3.10.12") found components: Interpreter 
[0.447s] -- Override CMake install command with custom implementation using symlinks instead of copying resources
[0.495s] -- Found rclcpp: 16.0.16 (/opt/ros/humble/share/rclcpp/cmake)
[0.567s] -- Found rosidl_generator_c: 3.1.7 (/opt/ros/humble/share/rosidl_generator_c/cmake)
[0.573s] -- Found rosidl_adapter: 3.1.7 (/opt/ros/humble/share/rosidl_adapter/cmake)
[0.585s] -- Found rosidl_generator_cpp: 3.1.7 (/opt/ros/humble/share/rosidl_generator_cpp/cmake)
[0.603s] -- Using all available rosidl_typesupport_c: rosidl_typesupport_fastrtps_c;rosidl_typesupport_introspection_c
[0.631s] -- Using all available rosidl_typesupport_cpp: rosidl_typesupport_fastrtps_cpp;rosidl_typesupport_introspection_cpp
[0.696s] -- Found rmw_implementation_cmake: 6.1.2 (/opt/ros/humble/share/rmw_implementation_cmake/cmake)
[0.701s] -- Found rmw_fastrtps_cpp: 6.2.9 (/opt/ros/humble/share/rmw_fastrtps_cpp/cmake)
[0.804s] -- Found OpenSSL: /usr/lib/x86_64-linux-gnu/libcrypto.so (found version "3.0.2")  
[0.837s] -- Found FastRTPS: /opt/ros/humble/include  
[0.868s] -- Using RMW implementation 'rmw_fastrtps_cpp' as default
[0.880s] -- Looking for pthread.h
[0.971s] -- Looking for pthread.h - found
[0.972s] -- Performing Test CMAKE_HAVE_LIBC_PTHREAD
[1.102s] -- Performing Test CMAKE_HAVE_LIBC_PTHREAD - Success
[1.103s] -- Found Threads: TRUE  
[1.161s] -- Found rclcpp_components: 16.0.16 (/opt/ros/humble/share/rclcpp_components/cmake)
[1.192s] -- Found geometry_msgs: 4.9.0 (/opt/ros/humble/share/geometry_msgs/cmake)
[1.202s] -- Found nav_msgs: 4.9.0 (/opt/ros/humble/share/nav_msgs/cmake)
[1.220s] -- Found sensor_msgs: 4.9.0 (/opt/ros/humble/share/sensor_msgs/cmake)
[1.233s] -- Found tf2: 0.25.17 (/opt/ros/humble/share/tf2/cmake)
[1.237s] -- Found tf2_ros: 0.25.17 (/opt/ros/humble/share/tf2_ros/cmake)
[1.308s] -- Found tf2_geometry_msgs: 0.25.17 (/opt/ros/humble/share/tf2_geometry_msgs/cmake)
[1.325s] -- Found eigen3_cmake_module: 0.1.1 (/opt/ros/humble/share/eigen3_cmake_module/cmake)
[1.327s] -- Found Eigen3: TRUE (found version "3.4.0") 
[1.327s] -- Ensuring Eigen3 include directory is part of orocos-kdl CMake target
[1.329s] -- Found cv_bridge: 3.2.1 (/opt/ros/humble/share/cv_bridge/cmake)
[1.341s] -- Found image_transport: 3.1.12 (/opt/ros/humble/share/image_transport/cmake)
[1.362s] -- Found OpenCV: /usr (found version "4.5.4") 
[1.366s] -- Found stereo_msgs: 4.9.0 (/opt/ros/humble/share/stereo_msgs/cmake)
[1.391s] -- Found nlohmann_json: /usr/lib/cmake/nlohmann_json/nlohmann_jsonConfig.cmake (found version "3.10.5") 
[1.482s] -- Configuring done
[1.509s] -- Generating done
[1.514s] -- Build files have been written to: /home/li/vk_ros2_ws/build/vk_ros2_driver
[1.524s] Invoked command in '/home/li/vk_ros2_ws/build/vk_ros2_driver' returned '0': CMAKE_PREFIX_PATH=${CMAKE_PREFIX_PATH}:/home/li/rtabmap_ws/install/rtabmap_python:/opt/ros/humble /usr/bin/cmake /home/li/vk_ros2_ws/src/vk_ros2_driver -DAMENT_CMAKE_SYMLINK_INSTALL=1 -DCMAKE_INSTALL_PREFIX=/home/li/vk_ros2_ws/install/vk_ros2_driver
[1.527s] Invoking command in '/home/li/vk_ros2_ws/build/vk_ros2_driver': CMAKE_PREFIX_PATH=${CMAKE_PREFIX_PATH}:/home/li/rtabmap_ws/install/rtabmap_python:/opt/ros/humble /usr/bin/cmake --build /home/li/vk_ros2_ws/build/vk_ros2_driver -- -j20 -l20
[1.585s] [ 50%] [32mBuilding CXX object CMakeFiles/vk_ros2_driver.dir/src/vk_ros2_driver.cpp.o[0m
[1.585s] [ 50%] [32mBuilding CXX object CMakeFiles/vk_ros2_driver_node.dir/rclcpp_components/node_main_vk_ros2_driver_node.cpp.o[0m
[3.768s] [ 75%] [32m[1mLinking CXX executable vk_ros2_driver_node[0m
[3.882s] [ 75%] Built target vk_ros2_driver_node
[9.271s] [100%] [32m[1mLinking CXX shared library libvk_ros2_driver.so[0m
[9.682s] [100%] Built target vk_ros2_driver
[9.693s] Invoked command in '/home/li/vk_ros2_ws/build/vk_ros2_driver' returned '0': CMAKE_PREFIX_PATH=${CMAKE_PREFIX_PATH}:/home/li/rtabmap_ws/install/rtabmap_python:/opt/ros/humble /usr/bin/cmake --build /home/li/vk_ros2_ws/build/vk_ros2_driver -- -j20 -l20
[9.703s] Invoking command in '/home/li/vk_ros2_ws/build/vk_ros2_driver': CMAKE_PREFIX_PATH=${CMAKE_PREFIX_PATH}:/home/li/rtabmap_ws/install/rtabmap_python:/opt/ros/humble /usr/bin/cmake --install /home/li/vk_ros2_ws/build/vk_ros2_driver
[9.709s] -- Install configuration: ""
[9.709s] -- Execute custom install script
[9.709s] -- Symlinking: /home/li/vk_ros2_ws/install/vk_ros2_driver/lib/vk_ros2_driver/vk_ros2_driver_node
[9.717s] -- Symlinking: /home/li/vk_ros2_ws/install/vk_ros2_driver/include/vk_ros2_driver/vk_ros2_driver/vk_ros2_driver.hpp
[9.727s] -- Symlinking: /home/li/vk_ros2_ws/install/vk_ros2_driver/share/vk_ros2_driver/launch/__pycache__/example.launch.cpython-310.pyc
[9.738s] -- Symlinking: /home/li/vk_ros2_ws/install/vk_ros2_driver/share/vk_ros2_driver/launch/__pycache__/loop_closure_and_tsdf.launch.cpython-310.pyc
[9.747s] -- Symlinking: /home/li/vk_ros2_ws/install/vk_ros2_driver/share/vk_ros2_driver/launch/example.launch.py
[9.756s] -- Symlinking: /home/li/vk_ros2_ws/install/vk_ros2_driver/share/vk_ros2_driver/config/example.yaml
[9.763s] -- Symlinking: /home/li/vk_ros2_ws/install/vk_ros2_driver/share/ament_index/resource_index/package_run_dependencies/vk_ros2_driver
[9.770s] -- Symlinking: /home/li/vk_ros2_ws/install/vk_ros2_driver/share/ament_index/resource_index/parent_prefix_path/vk_ros2_driver
[9.777s] -- Symlinking: /home/li/vk_ros2_ws/install/vk_ros2_driver/share/vk_ros2_driver/environment/ament_prefix_path.sh
[9.784s] -- Symlinking: /home/li/vk_ros2_ws/install/vk_ros2_driver/share/vk_ros2_driver/environment/ament_prefix_path.dsv
[9.790s] -- Symlinking: /home/li/vk_ros2_ws/install/vk_ros2_driver/share/vk_ros2_driver/environment/path.sh
[9.799s] -- Symlinking: /home/li/vk_ros2_ws/install/vk_ros2_driver/share/vk_ros2_driver/environment/path.dsv
[9.807s] -- Symlinking: /home/li/vk_ros2_ws/install/vk_ros2_driver/share/vk_ros2_driver/local_setup.bash
[9.814s] -- Symlinking: /home/li/vk_ros2_ws/install/vk_ros2_driver/share/vk_ros2_driver/local_setup.sh
[9.820s] -- Symlinking: /home/li/vk_ros2_ws/install/vk_ros2_driver/share/vk_ros2_driver/local_setup.zsh
[9.829s] -- Symlinking: /home/li/vk_ros2_ws/install/vk_ros2_driver/share/vk_ros2_driver/local_setup.dsv
[9.837s] -- Symlinking: /home/li/vk_ros2_ws/install/vk_ros2_driver/share/vk_ros2_driver/package.dsv
[9.844s] -- Symlinking: /home/li/vk_ros2_ws/install/vk_ros2_driver/share/ament_index/resource_index/packages/vk_ros2_driver
[9.851s] -- Symlinking: /home/li/vk_ros2_ws/install/vk_ros2_driver/share/ament_index/resource_index/rclcpp_components/vk_ros2_driver
[9.858s] -- Symlinking: /home/li/vk_ros2_ws/install/vk_ros2_driver/share/vk_ros2_driver/cmake/ament_cmake_export_dependencies-extras.cmake
[9.865s] -- Symlinking: /home/li/vk_ros2_ws/install/vk_ros2_driver/share/vk_ros2_driver/cmake/vk_ros2_driverConfig.cmake
[9.872s] -- Symlinking: /home/li/vk_ros2_ws/install/vk_ros2_driver/share/vk_ros2_driver/cmake/vk_ros2_driverConfig-version.cmake
[9.879s] -- Symlinking: /home/li/vk_ros2_ws/install/vk_ros2_driver/share/vk_ros2_driver/package.xml
[9.885s] -- Installing: /home/li/vk_ros2_ws/install/vk_ros2_driver/lib/libvk_ros2_driver.so
[9.887s] -- Set runtime path of "/home/li/vk_ros2_ws/install/vk_ros2_driver/lib/libvk_ros2_driver.so" to "/opt/vilota/lib:/opt/ros/humble/lib/x86_64-linux-gnu:/opt/ros/humble/lib"
[9.889s] Invoked command in '/home/li/vk_ros2_ws/build/vk_ros2_driver' returned '0': CMAKE_PREFIX_PATH=${CMAKE_PREFIX_PATH}:/home/li/rtabmap_ws/install/rtabmap_python:/opt/ros/humble /usr/bin/cmake --install /home/li/vk_ros2_ws/build/vk_ros2_driver
