[0.076s] DEBUG:colcon:Command line arguments: ['/usr/bin/colcon', 'build', '--symlink-install', '--cmake-args']
[0.076s] DEBUG:colcon:Parsed command line arguments: Namespace(log_base=None, log_level=None, verb_name='build', build_base='build', install_base='install', merge_install=False, symlink_install=True, test_result_base=None, continue_on_error=False, executor='parallel', parallel_workers=20, event_handlers=None, ignore_user_meta=False, metas=['./colcon.meta'], base_paths=['.'], packages_ignore=None, packages_ignore_regex=None, paths=None, packages_up_to=None, packages_up_to_regex=None, packages_above=None, packages_above_and_dependencies=None, packages_above_depth=None, packages_select_by_dep=None, packages_skip_by_dep=None, packages_skip_up_to=None, packages_select_build_failed=False, packages_skip_build_finished=False, packages_select_test_failures=False, packages_skip_test_passed=False, packages_select=None, packages_skip=None, packages_select_regex=None, packages_skip_regex=None, packages_start=None, packages_end=None, allow_overriding=[], cmake_args=[], cmake_target=None, cmake_target_skip_unavailable=False, cmake_clean_cache=False, cmake_clean_first=False, cmake_force_configure=False, ament_cmake_args=None, catkin_cmake_args=None, catkin_skip_building_tests=False, verb_parser=<colcon_defaults.argument_parser.defaults.DefaultArgumentsDecorator object at 0x7addf87d9300>, verb_extension=<colcon_core.verb.build.BuildVerb object at 0x7addf87d8760>, main=<bound method BuildVerb.main of <colcon_core.verb.build.BuildVerb object at 0x7addf87d8760>>)
[0.178s] Level 1:colcon.colcon_core.package_discovery:discover_packages(colcon_meta) check parameters
[0.178s] Level 1:colcon.colcon_core.package_discovery:discover_packages(recursive) check parameters
[0.178s] Level 1:colcon.colcon_core.package_discovery:discover_packages(ignore) check parameters
[0.178s] Level 1:colcon.colcon_core.package_discovery:discover_packages(path) check parameters
[0.178s] Level 1:colcon.colcon_core.package_discovery:discover_packages(colcon_meta) discover
[0.178s] Level 1:colcon.colcon_core.package_discovery:discover_packages(recursive) discover
[0.178s] INFO:colcon.colcon_core.package_discovery:Crawling recursively for packages in '/home/li/vk_ros2_ws'
[0.178s] Level 1:colcon.colcon_core.package_identification:_identify(.) by extensions ['ignore', 'ignore_ament_install']
[0.178s] Level 1:colcon.colcon_core.package_identification:_identify(.) by extension 'ignore'
[0.178s] Level 1:colcon.colcon_core.package_identification:_identify(.) by extension 'ignore_ament_install'
[0.178s] Level 1:colcon.colcon_core.package_identification:_identify(.) by extensions ['colcon_pkg']
[0.178s] Level 1:colcon.colcon_core.package_identification:_identify(.) by extension 'colcon_pkg'
[0.178s] Level 1:colcon.colcon_core.package_identification:_identify(.) by extensions ['colcon_meta']
[0.178s] Level 1:colcon.colcon_core.package_identification:_identify(.) by extension 'colcon_meta'
[0.178s] Level 1:colcon.colcon_core.package_identification:_identify(.) by extensions ['ros']
[0.178s] Level 1:colcon.colcon_core.package_identification:_identify(.) by extension 'ros'
[0.203s] Level 1:colcon.colcon_core.package_identification:_identify(.) by extensions ['cmake', 'python']
[0.204s] Level 1:colcon.colcon_core.package_identification:_identify(.) by extension 'cmake'
[0.204s] Level 1:colcon.colcon_core.package_identification:_identify(.) by extension 'python'
[0.204s] Level 1:colcon.colcon_core.package_identification:_identify(.) by extensions ['python_setup_py']
[0.204s] Level 1:colcon.colcon_core.package_identification:_identify(.) by extension 'python_setup_py'
[0.204s] Level 1:colcon.colcon_core.package_identification:_identify(__pycache__) by extensions ['ignore', 'ignore_ament_install']
[0.204s] Level 1:colcon.colcon_core.package_identification:_identify(__pycache__) by extension 'ignore'
[0.204s] Level 1:colcon.colcon_core.package_identification:_identify(__pycache__) by extension 'ignore_ament_install'
[0.204s] Level 1:colcon.colcon_core.package_identification:_identify(__pycache__) by extensions ['colcon_pkg']
[0.204s] Level 1:colcon.colcon_core.package_identification:_identify(__pycache__) by extension 'colcon_pkg'
[0.204s] Level 1:colcon.colcon_core.package_identification:_identify(__pycache__) by extensions ['colcon_meta']
[0.204s] Level 1:colcon.colcon_core.package_identification:_identify(__pycache__) by extension 'colcon_meta'
[0.204s] Level 1:colcon.colcon_core.package_identification:_identify(__pycache__) by extensions ['ros']
[0.204s] Level 1:colcon.colcon_core.package_identification:_identify(__pycache__) by extension 'ros'
[0.204s] Level 1:colcon.colcon_core.package_identification:_identify(__pycache__) by extensions ['cmake', 'python']
[0.204s] Level 1:colcon.colcon_core.package_identification:_identify(__pycache__) by extension 'cmake'
[0.204s] Level 1:colcon.colcon_core.package_identification:_identify(__pycache__) by extension 'python'
[0.204s] Level 1:colcon.colcon_core.package_identification:_identify(__pycache__) by extensions ['python_setup_py']
[0.204s] Level 1:colcon.colcon_core.package_identification:_identify(__pycache__) by extension 'python_setup_py'
[0.204s] Level 1:colcon.colcon_core.package_identification:_identify(build) by extensions ['ignore', 'ignore_ament_install']
[0.204s] Level 1:colcon.colcon_core.package_identification:_identify(build) by extension 'ignore'
[0.204s] Level 1:colcon.colcon_core.package_identification:_identify(build) ignored
[0.204s] Level 1:colcon.colcon_core.package_identification:_identify(install) by extensions ['ignore', 'ignore_ament_install']
[0.204s] Level 1:colcon.colcon_core.package_identification:_identify(install) by extension 'ignore'
[0.204s] Level 1:colcon.colcon_core.package_identification:_identify(install) ignored
[0.204s] Level 1:colcon.colcon_core.package_identification:_identify(log) by extensions ['ignore', 'ignore_ament_install']
[0.205s] Level 1:colcon.colcon_core.package_identification:_identify(log) by extension 'ignore'
[0.205s] Level 1:colcon.colcon_core.package_identification:_identify(log) ignored
[0.205s] Level 1:colcon.colcon_core.package_identification:_identify(src) by extensions ['ignore', 'ignore_ament_install']
[0.205s] Level 1:colcon.colcon_core.package_identification:_identify(src) by extension 'ignore'
[0.205s] Level 1:colcon.colcon_core.package_identification:_identify(src) by extension 'ignore_ament_install'
[0.205s] Level 1:colcon.colcon_core.package_identification:_identify(src) by extensions ['colcon_pkg']
[0.205s] Level 1:colcon.colcon_core.package_identification:_identify(src) by extension 'colcon_pkg'
[0.205s] Level 1:colcon.colcon_core.package_identification:_identify(src) by extensions ['colcon_meta']
[0.205s] Level 1:colcon.colcon_core.package_identification:_identify(src) by extension 'colcon_meta'
[0.205s] Level 1:colcon.colcon_core.package_identification:_identify(src) by extensions ['ros']
[0.205s] Level 1:colcon.colcon_core.package_identification:_identify(src) by extension 'ros'
[0.205s] Level 1:colcon.colcon_core.package_identification:_identify(src) by extensions ['cmake', 'python']
[0.205s] Level 1:colcon.colcon_core.package_identification:_identify(src) by extension 'cmake'
[0.205s] Level 1:colcon.colcon_core.package_identification:_identify(src) by extension 'python'
[0.205s] Level 1:colcon.colcon_core.package_identification:_identify(src) by extensions ['python_setup_py']
[0.205s] Level 1:colcon.colcon_core.package_identification:_identify(src) by extension 'python_setup_py'
[0.205s] Level 1:colcon.colcon_core.package_identification:_identify(src/dual_dense_mapper) by extensions ['ignore', 'ignore_ament_install']
[0.205s] Level 1:colcon.colcon_core.package_identification:_identify(src/dual_dense_mapper) by extension 'ignore'
[0.205s] Level 1:colcon.colcon_core.package_identification:_identify(src/dual_dense_mapper) by extension 'ignore_ament_install'
[0.205s] Level 1:colcon.colcon_core.package_identification:_identify(src/dual_dense_mapper) by extensions ['colcon_pkg']
[0.205s] Level 1:colcon.colcon_core.package_identification:_identify(src/dual_dense_mapper) by extension 'colcon_pkg'
[0.205s] Level 1:colcon.colcon_core.package_identification:_identify(src/dual_dense_mapper) by extensions ['colcon_meta']
[0.205s] Level 1:colcon.colcon_core.package_identification:_identify(src/dual_dense_mapper) by extension 'colcon_meta'
[0.205s] Level 1:colcon.colcon_core.package_identification:_identify(src/dual_dense_mapper) by extensions ['ros']
[0.205s] Level 1:colcon.colcon_core.package_identification:_identify(src/dual_dense_mapper) by extension 'ros'
[0.207s] DEBUG:colcon.colcon_core.package_identification:Package 'src/dual_dense_mapper' with type 'ros.ament_cmake' and name 'dual_dense_mapper'
[0.207s] Level 1:colcon.colcon_core.package_identification:_identify(src/vk_ros2_driver) by extensions ['ignore', 'ignore_ament_install']
[0.207s] Level 1:colcon.colcon_core.package_identification:_identify(src/vk_ros2_driver) by extension 'ignore'
[0.207s] Level 1:colcon.colcon_core.package_identification:_identify(src/vk_ros2_driver) by extension 'ignore_ament_install'
[0.207s] Level 1:colcon.colcon_core.package_identification:_identify(src/vk_ros2_driver) by extensions ['colcon_pkg']
[0.207s] Level 1:colcon.colcon_core.package_identification:_identify(src/vk_ros2_driver) by extension 'colcon_pkg'
[0.207s] Level 1:colcon.colcon_core.package_identification:_identify(src/vk_ros2_driver) by extensions ['colcon_meta']
[0.207s] Level 1:colcon.colcon_core.package_identification:_identify(src/vk_ros2_driver) by extension 'colcon_meta'
[0.207s] Level 1:colcon.colcon_core.package_identification:_identify(src/vk_ros2_driver) by extensions ['ros']
[0.207s] Level 1:colcon.colcon_core.package_identification:_identify(src/vk_ros2_driver) by extension 'ros'
[0.208s] DEBUG:colcon.colcon_core.package_identification:Package 'src/vk_ros2_driver' with type 'ros.ament_cmake' and name 'vk_ros2_driver'
[0.208s] Level 1:colcon.colcon_core.package_discovery:discover_packages(recursive) using defaults
[0.208s] Level 1:colcon.colcon_core.package_discovery:discover_packages(ignore) discover
[0.208s] Level 1:colcon.colcon_core.package_discovery:discover_packages(ignore) using defaults
[0.208s] Level 1:colcon.colcon_core.package_discovery:discover_packages(path) discover
[0.208s] Level 1:colcon.colcon_core.package_discovery:discover_packages(path) using defaults
[0.221s] Level 1:colcon.colcon_core.package_discovery:discover_packages(prefix_path) check parameters
[0.221s] Level 1:colcon.colcon_core.package_discovery:discover_packages(prefix_path) discover
[0.222s] WARNING:colcon.colcon_ros.prefix_path.ament:The path '/home/li/vk_ros2_ws/install/vk_ros2_driver' in the environment variable AMENT_PREFIX_PATH doesn't exist
[0.222s] WARNING:colcon.colcon_ros.prefix_path.ament:The path '/home/li/vk_ros2_ws/install/dual_dense_mapper' in the environment variable AMENT_PREFIX_PATH doesn't exist
[0.222s] WARNING:colcon.colcon_ros.prefix_path.catkin:The path '/home/li/vk_ros2_ws/install/vk_ros2_driver' in the environment variable CMAKE_PREFIX_PATH doesn't exist
[0.222s] WARNING:colcon.colcon_ros.prefix_path.catkin:The path '/home/li/vk_ros2_ws/install/dual_dense_mapper' in the environment variable CMAKE_PREFIX_PATH doesn't exist
[0.223s] DEBUG:colcon.colcon_installed_package_information.package_discovery:Found 0 installed packages in /home/li/vk_ros2_ws/install
[0.223s] DEBUG:colcon.colcon_installed_package_information.package_discovery:Found 15 installed packages in /home/li/rtabmap_ws/install
[0.224s] DEBUG:colcon.colcon_installed_package_information.package_discovery:Found 342 installed packages in /opt/ros/humble
[0.225s] Level 1:colcon.colcon_core.package_discovery:discover_packages(prefix_path) using defaults
[0.251s] Level 5:colcon.colcon_core.verb:set package 'dual_dense_mapper' build argument 'cmake_args' from command line to '[]'
[0.251s] Level 5:colcon.colcon_core.verb:set package 'dual_dense_mapper' build argument 'cmake_target' from command line to 'None'
[0.251s] Level 5:colcon.colcon_core.verb:set package 'dual_dense_mapper' build argument 'cmake_target_skip_unavailable' from command line to 'False'
[0.251s] Level 5:colcon.colcon_core.verb:set package 'dual_dense_mapper' build argument 'cmake_clean_cache' from command line to 'False'
[0.251s] Level 5:colcon.colcon_core.verb:set package 'dual_dense_mapper' build argument 'cmake_clean_first' from command line to 'False'
[0.251s] Level 5:colcon.colcon_core.verb:set package 'dual_dense_mapper' build argument 'cmake_force_configure' from command line to 'False'
[0.251s] Level 5:colcon.colcon_core.verb:set package 'dual_dense_mapper' build argument 'ament_cmake_args' from command line to 'None'
[0.251s] Level 5:colcon.colcon_core.verb:set package 'dual_dense_mapper' build argument 'catkin_cmake_args' from command line to 'None'
[0.251s] Level 5:colcon.colcon_core.verb:set package 'dual_dense_mapper' build argument 'catkin_skip_building_tests' from command line to 'False'
[0.251s] DEBUG:colcon.colcon_core.verb:Building package 'dual_dense_mapper' with the following arguments: {'ament_cmake_args': None, 'build_base': '/home/li/vk_ros2_ws/build/dual_dense_mapper', 'catkin_cmake_args': None, 'catkin_skip_building_tests': False, 'cmake_args': [], 'cmake_clean_cache': False, 'cmake_clean_first': False, 'cmake_force_configure': False, 'cmake_target': None, 'cmake_target_skip_unavailable': False, 'install_base': '/home/li/vk_ros2_ws/install/dual_dense_mapper', 'merge_install': False, 'path': '/home/li/vk_ros2_ws/src/dual_dense_mapper', 'symlink_install': True, 'test_result_base': None}
[0.252s] Level 5:colcon.colcon_core.verb:set package 'vk_ros2_driver' build argument 'cmake_args' from command line to '[]'
[0.252s] Level 5:colcon.colcon_core.verb:set package 'vk_ros2_driver' build argument 'cmake_target' from command line to 'None'
[0.252s] Level 5:colcon.colcon_core.verb:set package 'vk_ros2_driver' build argument 'cmake_target_skip_unavailable' from command line to 'False'
[0.252s] Level 5:colcon.colcon_core.verb:set package 'vk_ros2_driver' build argument 'cmake_clean_cache' from command line to 'False'
[0.252s] Level 5:colcon.colcon_core.verb:set package 'vk_ros2_driver' build argument 'cmake_clean_first' from command line to 'False'
[0.252s] Level 5:colcon.colcon_core.verb:set package 'vk_ros2_driver' build argument 'cmake_force_configure' from command line to 'False'
[0.252s] Level 5:colcon.colcon_core.verb:set package 'vk_ros2_driver' build argument 'ament_cmake_args' from command line to 'None'
[0.252s] Level 5:colcon.colcon_core.verb:set package 'vk_ros2_driver' build argument 'catkin_cmake_args' from command line to 'None'
[0.252s] Level 5:colcon.colcon_core.verb:set package 'vk_ros2_driver' build argument 'catkin_skip_building_tests' from command line to 'False'
[0.252s] DEBUG:colcon.colcon_core.verb:Building package 'vk_ros2_driver' with the following arguments: {'ament_cmake_args': None, 'build_base': '/home/li/vk_ros2_ws/build/vk_ros2_driver', 'catkin_cmake_args': None, 'catkin_skip_building_tests': False, 'cmake_args': [], 'cmake_clean_cache': False, 'cmake_clean_first': False, 'cmake_force_configure': False, 'cmake_target': None, 'cmake_target_skip_unavailable': False, 'install_base': '/home/li/vk_ros2_ws/install/vk_ros2_driver', 'merge_install': False, 'path': '/home/li/vk_ros2_ws/src/vk_ros2_driver', 'symlink_install': True, 'test_result_base': None}
[0.252s] INFO:colcon.colcon_core.executor:Executing jobs using 'parallel' executor
[0.253s] DEBUG:colcon.colcon_parallel_executor.executor.parallel:run_until_complete
[0.253s] INFO:colcon.colcon_ros.task.ament_cmake.build:Building ROS package in '/home/li/vk_ros2_ws/src/dual_dense_mapper' with build type 'ament_cmake'
[0.253s] INFO:colcon.colcon_cmake.task.cmake.build:Building CMake package in '/home/li/vk_ros2_ws/src/dual_dense_mapper'
[0.254s] INFO:colcon.colcon_core.plugin_system:Skipping extension 'colcon_core.shell.bat': Not used on non-Windows systems
[0.254s] INFO:colcon.colcon_core.shell:Skip shell extension 'powershell' for command environment: Not usable outside of PowerShell
[0.254s] DEBUG:colcon.colcon_core.shell:Skip shell extension 'dsv' for command environment
[0.257s] INFO:colcon.colcon_ros.task.ament_cmake.build:Building ROS package in '/home/li/vk_ros2_ws/src/vk_ros2_driver' with build type 'ament_cmake'
[0.257s] INFO:colcon.colcon_cmake.task.cmake.build:Building CMake package in '/home/li/vk_ros2_ws/src/vk_ros2_driver'
[0.258s] INFO:colcon.colcon_core.shell:Skip shell extension 'powershell' for command environment: Not usable outside of PowerShell
[0.258s] DEBUG:colcon.colcon_core.shell:Skip shell extension 'dsv' for command environment
[0.262s] DEBUG:colcon.colcon_core.event_handler.log_command:Invoking command in '/home/li/vk_ros2_ws/build/dual_dense_mapper': CMAKE_PREFIX_PATH=${CMAKE_PREFIX_PATH}:/home/li/rtabmap_ws/install/rtabmap_python:/opt/ros/humble /usr/bin/cmake /home/li/vk_ros2_ws/src/dual_dense_mapper -DAMENT_CMAKE_SYMLINK_INSTALL=1 -DCMAKE_INSTALL_PREFIX=/home/li/vk_ros2_ws/install/dual_dense_mapper
[0.265s] DEBUG:colcon.colcon_core.event_handler.log_command:Invoking command in '/home/li/vk_ros2_ws/build/vk_ros2_driver': CMAKE_PREFIX_PATH=${CMAKE_PREFIX_PATH}:/home/li/rtabmap_ws/install/rtabmap_python:/opt/ros/humble /usr/bin/cmake /home/li/vk_ros2_ws/src/vk_ros2_driver -DAMENT_CMAKE_SYMLINK_INSTALL=1 -DCMAKE_INSTALL_PREFIX=/home/li/vk_ros2_ws/install/vk_ros2_driver
[1.509s] DEBUG:colcon.colcon_core.event_handler.log_command:Invoked command in '/home/li/vk_ros2_ws/build/vk_ros2_driver' returned '0': CMAKE_PREFIX_PATH=${CMAKE_PREFIX_PATH}:/home/li/rtabmap_ws/install/rtabmap_python:/opt/ros/humble /usr/bin/cmake /home/li/vk_ros2_ws/src/vk_ros2_driver -DAMENT_CMAKE_SYMLINK_INSTALL=1 -DCMAKE_INSTALL_PREFIX=/home/li/vk_ros2_ws/install/vk_ros2_driver
[1.512s] DEBUG:colcon.colcon_core.event_handler.log_command:Invoking command in '/home/li/vk_ros2_ws/build/vk_ros2_driver': CMAKE_PREFIX_PATH=${CMAKE_PREFIX_PATH}:/home/li/rtabmap_ws/install/rtabmap_python:/opt/ros/humble /usr/bin/cmake --build /home/li/vk_ros2_ws/build/vk_ros2_driver -- -j20 -l20
[3.250s] DEBUG:colcon.colcon_core.event_handler.log_command:Invoked command in '/home/li/vk_ros2_ws/build/dual_dense_mapper' returned '0': CMAKE_PREFIX_PATH=${CMAKE_PREFIX_PATH}:/home/li/rtabmap_ws/install/rtabmap_python:/opt/ros/humble /usr/bin/cmake /home/li/vk_ros2_ws/src/dual_dense_mapper -DAMENT_CMAKE_SYMLINK_INSTALL=1 -DCMAKE_INSTALL_PREFIX=/home/li/vk_ros2_ws/install/dual_dense_mapper
[3.252s] DEBUG:colcon.colcon_core.event_handler.log_command:Invoking command in '/home/li/vk_ros2_ws/build/dual_dense_mapper': CMAKE_PREFIX_PATH=${CMAKE_PREFIX_PATH}:/home/li/rtabmap_ws/install/rtabmap_python:/opt/ros/humble /usr/bin/cmake --build /home/li/vk_ros2_ws/build/dual_dense_mapper -- -j20 -l20
[9.753s] DEBUG:colcon.colcon_core.event_handler.log_command:Invoked command in '/home/li/vk_ros2_ws/build/vk_ros2_driver' returned '0': CMAKE_PREFIX_PATH=${CMAKE_PREFIX_PATH}:/home/li/rtabmap_ws/install/rtabmap_python:/opt/ros/humble /usr/bin/cmake --build /home/li/vk_ros2_ws/build/vk_ros2_driver -- -j20 -l20
[9.762s] DEBUG:colcon.colcon_core.event_handler.log_command:Invoking command in '/home/li/vk_ros2_ws/build/vk_ros2_driver': CMAKE_PREFIX_PATH=${CMAKE_PREFIX_PATH}:/home/li/rtabmap_ws/install/rtabmap_python:/opt/ros/humble /usr/bin/cmake --install /home/li/vk_ros2_ws/build/vk_ros2_driver
[9.962s] Level 1:colcon.colcon_core.environment:create_environment_scripts_only(vk_ros2_driver)
[9.963s] DEBUG:colcon.colcon_core.event_handler.log_command:Invoked command in '/home/li/vk_ros2_ws/build/vk_ros2_driver' returned '0': CMAKE_PREFIX_PATH=${CMAKE_PREFIX_PATH}:/home/li/rtabmap_ws/install/rtabmap_python:/opt/ros/humble /usr/bin/cmake --install /home/li/vk_ros2_ws/build/vk_ros2_driver
[9.965s] Level 1:colcon.colcon_core.environment:checking '/home/li/vk_ros2_ws/install/vk_ros2_driver' for CMake module files
[9.965s] Level 1:colcon.colcon_core.environment:checking '/home/li/vk_ros2_ws/install/vk_ros2_driver' for CMake config files
[9.966s] Level 1:colcon.colcon_core.shell:create_environment_hook('vk_ros2_driver', 'cmake_prefix_path')
[9.966s] INFO:colcon.colcon_core.shell:Creating environment hook '/home/li/vk_ros2_ws/install/vk_ros2_driver/share/vk_ros2_driver/hook/cmake_prefix_path.ps1'
[9.967s] INFO:colcon.colcon_core.shell:Creating environment descriptor '/home/li/vk_ros2_ws/install/vk_ros2_driver/share/vk_ros2_driver/hook/cmake_prefix_path.dsv'
[9.967s] INFO:colcon.colcon_core.shell:Creating environment hook '/home/li/vk_ros2_ws/install/vk_ros2_driver/share/vk_ros2_driver/hook/cmake_prefix_path.sh'
[9.968s] Level 1:colcon.colcon_core.environment:checking '/home/li/vk_ros2_ws/install/vk_ros2_driver/lib'
[9.968s] Level 1:colcon.colcon_core.shell:create_environment_hook('vk_ros2_driver', 'ld_library_path_lib')
[9.969s] INFO:colcon.colcon_core.shell:Creating environment hook '/home/li/vk_ros2_ws/install/vk_ros2_driver/share/vk_ros2_driver/hook/ld_library_path_lib.ps1'
[9.969s] INFO:colcon.colcon_core.shell:Creating environment descriptor '/home/li/vk_ros2_ws/install/vk_ros2_driver/share/vk_ros2_driver/hook/ld_library_path_lib.dsv'
[9.969s] INFO:colcon.colcon_core.shell:Creating environment hook '/home/li/vk_ros2_ws/install/vk_ros2_driver/share/vk_ros2_driver/hook/ld_library_path_lib.sh'
[9.970s] Level 1:colcon.colcon_core.environment:checking '/home/li/vk_ros2_ws/install/vk_ros2_driver/bin'
[9.970s] Level 1:colcon.colcon_core.environment:checking '/home/li/vk_ros2_ws/install/vk_ros2_driver/lib/pkgconfig/vk_ros2_driver.pc'
[9.970s] Level 1:colcon.colcon_core.environment:checking '/home/li/vk_ros2_ws/install/vk_ros2_driver/lib/python3.10/site-packages'
[9.970s] Level 1:colcon.colcon_core.environment:checking '/home/li/vk_ros2_ws/install/vk_ros2_driver/bin'
[9.970s] INFO:colcon.colcon_core.shell:Creating package script '/home/li/vk_ros2_ws/install/vk_ros2_driver/share/vk_ros2_driver/package.ps1'
[9.971s] INFO:colcon.colcon_core.shell:Creating package descriptor '/home/li/vk_ros2_ws/install/vk_ros2_driver/share/vk_ros2_driver/package.dsv'
[9.971s] INFO:colcon.colcon_core.shell:Creating package script '/home/li/vk_ros2_ws/install/vk_ros2_driver/share/vk_ros2_driver/package.sh'
[9.972s] INFO:colcon.colcon_core.shell:Creating package script '/home/li/vk_ros2_ws/install/vk_ros2_driver/share/vk_ros2_driver/package.bash'
[9.972s] INFO:colcon.colcon_core.shell:Creating package script '/home/li/vk_ros2_ws/install/vk_ros2_driver/share/vk_ros2_driver/package.zsh'
[9.973s] Level 1:colcon.colcon_core.environment:create_file_with_runtime_dependencies(/home/li/vk_ros2_ws/install/vk_ros2_driver/share/colcon-core/packages/vk_ros2_driver)
[9.973s] Level 1:colcon.colcon_core.environment:create_environment_scripts_only(vk_ros2_driver)
[9.973s] Level 1:colcon.colcon_core.environment:checking '/home/li/vk_ros2_ws/install/vk_ros2_driver' for CMake module files
[9.973s] Level 1:colcon.colcon_core.environment:checking '/home/li/vk_ros2_ws/install/vk_ros2_driver' for CMake config files
[9.974s] Level 1:colcon.colcon_core.shell:create_environment_hook('vk_ros2_driver', 'cmake_prefix_path')
[9.974s] INFO:colcon.colcon_core.shell:Creating environment hook '/home/li/vk_ros2_ws/install/vk_ros2_driver/share/vk_ros2_driver/hook/cmake_prefix_path.ps1'
[9.974s] INFO:colcon.colcon_core.shell:Creating environment descriptor '/home/li/vk_ros2_ws/install/vk_ros2_driver/share/vk_ros2_driver/hook/cmake_prefix_path.dsv'
[9.974s] INFO:colcon.colcon_core.shell:Creating environment hook '/home/li/vk_ros2_ws/install/vk_ros2_driver/share/vk_ros2_driver/hook/cmake_prefix_path.sh'
[9.975s] Level 1:colcon.colcon_core.environment:checking '/home/li/vk_ros2_ws/install/vk_ros2_driver/lib'
[9.975s] Level 1:colcon.colcon_core.shell:create_environment_hook('vk_ros2_driver', 'ld_library_path_lib')
[9.975s] INFO:colcon.colcon_core.shell:Creating environment hook '/home/li/vk_ros2_ws/install/vk_ros2_driver/share/vk_ros2_driver/hook/ld_library_path_lib.ps1'
[9.975s] INFO:colcon.colcon_core.shell:Creating environment descriptor '/home/li/vk_ros2_ws/install/vk_ros2_driver/share/vk_ros2_driver/hook/ld_library_path_lib.dsv'
[9.975s] INFO:colcon.colcon_core.shell:Creating environment hook '/home/li/vk_ros2_ws/install/vk_ros2_driver/share/vk_ros2_driver/hook/ld_library_path_lib.sh'
[9.976s] Level 1:colcon.colcon_core.environment:checking '/home/li/vk_ros2_ws/install/vk_ros2_driver/bin'
[9.976s] Level 1:colcon.colcon_core.environment:checking '/home/li/vk_ros2_ws/install/vk_ros2_driver/lib/pkgconfig/vk_ros2_driver.pc'
[9.976s] Level 1:colcon.colcon_core.environment:checking '/home/li/vk_ros2_ws/install/vk_ros2_driver/lib/python3.10/site-packages'
[9.976s] Level 1:colcon.colcon_core.environment:checking '/home/li/vk_ros2_ws/install/vk_ros2_driver/bin'
[9.976s] INFO:colcon.colcon_core.shell:Creating package script '/home/li/vk_ros2_ws/install/vk_ros2_driver/share/vk_ros2_driver/package.ps1'
[9.977s] INFO:colcon.colcon_core.shell:Creating package descriptor '/home/li/vk_ros2_ws/install/vk_ros2_driver/share/vk_ros2_driver/package.dsv'
[9.977s] INFO:colcon.colcon_core.shell:Creating package script '/home/li/vk_ros2_ws/install/vk_ros2_driver/share/vk_ros2_driver/package.sh'
[9.977s] INFO:colcon.colcon_core.shell:Creating package script '/home/li/vk_ros2_ws/install/vk_ros2_driver/share/vk_ros2_driver/package.bash'
[9.977s] INFO:colcon.colcon_core.shell:Creating package script '/home/li/vk_ros2_ws/install/vk_ros2_driver/share/vk_ros2_driver/package.zsh'
[9.978s] Level 1:colcon.colcon_core.environment:create_file_with_runtime_dependencies(/home/li/vk_ros2_ws/install/vk_ros2_driver/share/colcon-core/packages/vk_ros2_driver)
[19.256s] DEBUG:colcon.colcon_core.event_handler.log_command:Invoked command in '/home/li/vk_ros2_ws/build/dual_dense_mapper' returned '0': CMAKE_PREFIX_PATH=${CMAKE_PREFIX_PATH}:/home/li/rtabmap_ws/install/rtabmap_python:/opt/ros/humble /usr/bin/cmake --build /home/li/vk_ros2_ws/build/dual_dense_mapper -- -j20 -l20
[19.258s] DEBUG:colcon.colcon_core.event_handler.log_command:Invoking command in '/home/li/vk_ros2_ws/build/dual_dense_mapper': CMAKE_PREFIX_PATH=${CMAKE_PREFIX_PATH}:/home/li/rtabmap_ws/install/rtabmap_python:/opt/ros/humble /usr/bin/cmake --install /home/li/vk_ros2_ws/build/dual_dense_mapper
[19.392s] Level 1:colcon.colcon_core.environment:create_environment_scripts_only(dual_dense_mapper)
[19.393s] Level 1:colcon.colcon_core.environment:checking '/home/li/vk_ros2_ws/install/dual_dense_mapper' for CMake module files
[19.393s] DEBUG:colcon.colcon_core.event_handler.log_command:Invoked command in '/home/li/vk_ros2_ws/build/dual_dense_mapper' returned '0': CMAKE_PREFIX_PATH=${CMAKE_PREFIX_PATH}:/home/li/rtabmap_ws/install/rtabmap_python:/opt/ros/humble /usr/bin/cmake --install /home/li/vk_ros2_ws/build/dual_dense_mapper
[19.394s] Level 1:colcon.colcon_core.environment:checking '/home/li/vk_ros2_ws/install/dual_dense_mapper' for CMake config files
[19.394s] Level 1:colcon.colcon_core.shell:create_environment_hook('dual_dense_mapper', 'cmake_prefix_path')
[19.394s] INFO:colcon.colcon_core.shell:Creating environment hook '/home/li/vk_ros2_ws/install/dual_dense_mapper/share/dual_dense_mapper/hook/cmake_prefix_path.ps1'
[19.395s] INFO:colcon.colcon_core.shell:Creating environment descriptor '/home/li/vk_ros2_ws/install/dual_dense_mapper/share/dual_dense_mapper/hook/cmake_prefix_path.dsv'
[19.395s] INFO:colcon.colcon_core.shell:Creating environment hook '/home/li/vk_ros2_ws/install/dual_dense_mapper/share/dual_dense_mapper/hook/cmake_prefix_path.sh'
[19.396s] Level 1:colcon.colcon_core.environment:checking '/home/li/vk_ros2_ws/install/dual_dense_mapper/lib'
[19.396s] Level 1:colcon.colcon_core.environment:checking '/home/li/vk_ros2_ws/install/dual_dense_mapper/bin'
[19.396s] Level 1:colcon.colcon_core.environment:checking '/home/li/vk_ros2_ws/install/dual_dense_mapper/lib/pkgconfig/dual_dense_mapper.pc'
[19.397s] Level 1:colcon.colcon_core.environment:checking '/home/li/vk_ros2_ws/install/dual_dense_mapper/lib/python3.10/site-packages'
[19.397s] Level 1:colcon.colcon_core.environment:checking '/home/li/vk_ros2_ws/install/dual_dense_mapper/bin'
[19.398s] INFO:colcon.colcon_core.shell:Creating package script '/home/li/vk_ros2_ws/install/dual_dense_mapper/share/dual_dense_mapper/package.ps1'
[19.398s] INFO:colcon.colcon_core.shell:Creating package descriptor '/home/li/vk_ros2_ws/install/dual_dense_mapper/share/dual_dense_mapper/package.dsv'
[19.399s] INFO:colcon.colcon_core.shell:Creating package script '/home/li/vk_ros2_ws/install/dual_dense_mapper/share/dual_dense_mapper/package.sh'
[19.399s] INFO:colcon.colcon_core.shell:Creating package script '/home/li/vk_ros2_ws/install/dual_dense_mapper/share/dual_dense_mapper/package.bash'
[19.400s] INFO:colcon.colcon_core.shell:Creating package script '/home/li/vk_ros2_ws/install/dual_dense_mapper/share/dual_dense_mapper/package.zsh'
[19.400s] Level 1:colcon.colcon_core.environment:create_file_with_runtime_dependencies(/home/li/vk_ros2_ws/install/dual_dense_mapper/share/colcon-core/packages/dual_dense_mapper)
[19.401s] Level 1:colcon.colcon_core.environment:create_environment_scripts_only(dual_dense_mapper)
[19.401s] Level 1:colcon.colcon_core.environment:checking '/home/li/vk_ros2_ws/install/dual_dense_mapper' for CMake module files
[19.402s] Level 1:colcon.colcon_core.environment:checking '/home/li/vk_ros2_ws/install/dual_dense_mapper' for CMake config files
[19.402s] Level 1:colcon.colcon_core.shell:create_environment_hook('dual_dense_mapper', 'cmake_prefix_path')
[19.402s] INFO:colcon.colcon_core.shell:Creating environment hook '/home/li/vk_ros2_ws/install/dual_dense_mapper/share/dual_dense_mapper/hook/cmake_prefix_path.ps1'
[19.403s] INFO:colcon.colcon_core.shell:Creating environment descriptor '/home/li/vk_ros2_ws/install/dual_dense_mapper/share/dual_dense_mapper/hook/cmake_prefix_path.dsv'
[19.403s] INFO:colcon.colcon_core.shell:Creating environment hook '/home/li/vk_ros2_ws/install/dual_dense_mapper/share/dual_dense_mapper/hook/cmake_prefix_path.sh'
[19.404s] Level 1:colcon.colcon_core.environment:checking '/home/li/vk_ros2_ws/install/dual_dense_mapper/lib'
[19.404s] Level 1:colcon.colcon_core.environment:checking '/home/li/vk_ros2_ws/install/dual_dense_mapper/bin'
[19.404s] Level 1:colcon.colcon_core.environment:checking '/home/li/vk_ros2_ws/install/dual_dense_mapper/lib/pkgconfig/dual_dense_mapper.pc'
[19.404s] Level 1:colcon.colcon_core.environment:checking '/home/li/vk_ros2_ws/install/dual_dense_mapper/lib/python3.10/site-packages'
[19.404s] Level 1:colcon.colcon_core.environment:checking '/home/li/vk_ros2_ws/install/dual_dense_mapper/bin'
[19.405s] INFO:colcon.colcon_core.shell:Creating package script '/home/li/vk_ros2_ws/install/dual_dense_mapper/share/dual_dense_mapper/package.ps1'
[19.405s] INFO:colcon.colcon_core.shell:Creating package descriptor '/home/li/vk_ros2_ws/install/dual_dense_mapper/share/dual_dense_mapper/package.dsv'
[19.406s] INFO:colcon.colcon_core.shell:Creating package script '/home/li/vk_ros2_ws/install/dual_dense_mapper/share/dual_dense_mapper/package.sh'
[19.406s] INFO:colcon.colcon_core.shell:Creating package script '/home/li/vk_ros2_ws/install/dual_dense_mapper/share/dual_dense_mapper/package.bash'
[19.407s] INFO:colcon.colcon_core.shell:Creating package script '/home/li/vk_ros2_ws/install/dual_dense_mapper/share/dual_dense_mapper/package.zsh'
[19.407s] Level 1:colcon.colcon_core.environment:create_file_with_runtime_dependencies(/home/li/vk_ros2_ws/install/dual_dense_mapper/share/colcon-core/packages/dual_dense_mapper)
[19.407s] DEBUG:colcon.colcon_parallel_executor.executor.parallel:closing loop
[19.408s] DEBUG:colcon.colcon_parallel_executor.executor.parallel:loop closed
[19.408s] DEBUG:colcon.colcon_parallel_executor.executor.parallel:run_until_complete finished with '0'
[19.408s] DEBUG:colcon.colcon_core.event_reactor:joining thread
[19.414s] INFO:colcon.colcon_core.plugin_system:Skipping extension 'colcon_notification.desktop_notification.terminal_notifier': Not used on non-Darwin systems
[19.414s] INFO:colcon.colcon_core.plugin_system:Skipping extension 'colcon_notification.desktop_notification.win32': Not used on non-Windows systems
[19.414s] INFO:colcon.colcon_notification.desktop_notification:Sending desktop notification using 'notify2'
[19.429s] DEBUG:colcon.colcon_core.event_reactor:joined thread
[19.430s] INFO:colcon.colcon_core.shell:Creating prefix script '/home/li/vk_ros2_ws/install/local_setup.ps1'
[19.431s] INFO:colcon.colcon_core.shell:Creating prefix util module '/home/li/vk_ros2_ws/install/_local_setup_util_ps1.py'
[19.432s] INFO:colcon.colcon_core.shell:Creating prefix chain script '/home/li/vk_ros2_ws/install/setup.ps1'
[19.434s] INFO:colcon.colcon_core.shell:Creating prefix script '/home/li/vk_ros2_ws/install/local_setup.sh'
[19.435s] INFO:colcon.colcon_core.shell:Creating prefix util module '/home/li/vk_ros2_ws/install/_local_setup_util_sh.py'
[19.436s] INFO:colcon.colcon_core.shell:Creating prefix chain script '/home/li/vk_ros2_ws/install/setup.sh'
[19.438s] INFO:colcon.colcon_core.shell:Creating prefix script '/home/li/vk_ros2_ws/install/local_setup.bash'
[19.439s] INFO:colcon.colcon_core.shell:Creating prefix chain script '/home/li/vk_ros2_ws/install/setup.bash'
[19.441s] INFO:colcon.colcon_core.shell:Creating prefix script '/home/li/vk_ros2_ws/install/local_setup.zsh'
[19.441s] INFO:colcon.colcon_core.shell:Creating prefix chain script '/home/li/vk_ros2_ws/install/setup.zsh'
