[0.010s] Invoking command in '/home/li/vk_ros2_ws/build/dual_dense_mapper': CMAKE_PREFIX_PATH=${CMAKE_PREFIX_PATH}:/home/li/rtabmap_ws/install/rtabmap_python:/opt/ros/humble /usr/bin/cmake /home/li/vk_ros2_ws/src/dual_dense_mapper -DAMENT_CMAKE_SYMLINK_INSTALL=1 -DCMAKE_INSTALL_PREFIX=/home/li/vk_ros2_ws/install/dual_dense_mapper
[0.056s] -- The C compiler identification is GNU 11.4.0
[0.101s] -- The CXX compiler identification is GNU 11.4.0
[0.106s] -- Detecting C compiler ABI info
[0.170s] -- Detecting C compiler ABI info - done
[0.176s] -- Check for working C compiler: /usr/bin/cc - skipped
[0.176s] -- Detecting C compile features
[0.176s] -- Detecting C compile features - done
[0.178s] -- Detecting CXX compiler ABI info
[0.247s] -- Detecting CXX compiler ABI info - done
[0.253s] -- Check for working CXX compiler: /usr/bin/c++ - skipped
[0.253s] -- Detecting CXX compile features
[0.254s] -- Detecting CXX compile features - done
[0.263s] -- Found ament_cmake: 1.3.12 (/opt/ros/humble/share/ament_cmake/cmake)
[0.394s] -- Found Python3: /usr/bin/python3 (found version "3.10.12") found components: Interpreter 
[0.452s] -- Override CMake install command with custom implementation using symlinks instead of copying resources
[0.501s] -- Found rclcpp: 16.0.16 (/opt/ros/humble/share/rclcpp/cmake)
[0.573s] -- Found rosidl_generator_c: 3.1.7 (/opt/ros/humble/share/rosidl_generator_c/cmake)
[0.579s] -- Found rosidl_adapter: 3.1.7 (/opt/ros/humble/share/rosidl_adapter/cmake)
[0.591s] -- Found rosidl_generator_cpp: 3.1.7 (/opt/ros/humble/share/rosidl_generator_cpp/cmake)
[0.609s] -- Using all available rosidl_typesupport_c: rosidl_typesupport_fastrtps_c;rosidl_typesupport_introspection_c
[0.637s] -- Using all available rosidl_typesupport_cpp: rosidl_typesupport_fastrtps_cpp;rosidl_typesupport_introspection_cpp
[0.702s] -- Found rmw_implementation_cmake: 6.1.2 (/opt/ros/humble/share/rmw_implementation_cmake/cmake)
[0.707s] -- Found rmw_fastrtps_cpp: 6.2.9 (/opt/ros/humble/share/rmw_fastrtps_cpp/cmake)
[0.815s] -- Found OpenSSL: /usr/lib/x86_64-linux-gnu/libcrypto.so (found version "3.0.2")  
[0.840s] -- Found FastRTPS: /opt/ros/humble/include  
[0.876s] -- Using RMW implementation 'rmw_fastrtps_cpp' as default
[0.886s] -- Looking for pthread.h
[0.978s] -- Looking for pthread.h - found
[0.979s] -- Performing Test CMAKE_HAVE_LIBC_PTHREAD
[1.102s] -- Performing Test CMAKE_HAVE_LIBC_PTHREAD - Success
[1.104s] -- Found Threads: TRUE  
[1.167s] -- Found sensor_msgs: 4.9.0 (/opt/ros/humble/share/sensor_msgs/cmake)
[1.209s] -- Found message_filters: 4.3.11 (/opt/ros/humble/share/message_filters/cmake)
[1.217s] -- Found tf2: 0.25.17 (/opt/ros/humble/share/tf2/cmake)
[1.227s] -- Found tf2_ros: 0.25.17 (/opt/ros/humble/share/tf2_ros/cmake)
[1.319s] -- Found tf2_geometry_msgs: 0.25.17 (/opt/ros/humble/share/tf2_geometry_msgs/cmake)
[1.331s] -- Found eigen3_cmake_module: 0.1.1 (/opt/ros/humble/share/eigen3_cmake_module/cmake)
[1.333s] -- Found Eigen3: TRUE (found version "3.4.0") 
[1.333s] -- Ensuring Eigen3 include directory is part of orocos-kdl CMake target
[1.335s] -- Found pcl_conversions: 2.4.5 (/opt/ros/humble/share/pcl_conversions/cmake)
[1.372s] -- Checking for module 'eigen3'
[1.389s] --   Found eigen3, version 3.4.0
[1.436s] -- Found Eigen: /usr/include/eigen3 (Required is at least version "3.1") 
[1.436s] -- Eigen found (include: /usr/include/eigen3, version: 3.4.0)
[1.488s] -- Checking for module 'flann'
[1.505s] --   Found flann, version 1.9.1
[1.561s] -- Found FLANN: /usr/lib/x86_64-linux-gnu/libflann_cpp.so  
[1.561s] -- FLANN found (include: /usr/include, lib: /usr/lib/x86_64-linux-gnu/libflann_cpp.so)
[2.552s] -- Checking for module 'libusb-1.0'
[2.568s] --   Found libusb-1.0, version 1.0.25
[2.604s] -- Found libusb: /usr/lib/x86_64-linux-gnu/libusb-1.0.so  
[2.605s] -- OpenNI found (version: 1.5.4.0, include: /usr/include/ni, lib: /usr/lib/libOpenNI.so;libusb::libusb)
[2.664s] -- OpenNI2 found (version: 2.2.0.33, include: /usr/include/openni2, lib: /usr/lib/x86_64-linux-gnu/libOpenNI2.so;libusb::libusb)
[2.793s] -- Eigen found (include: /usr/include/eigen3, version: 3.4.0)
[2.801s] -- OpenNI found (version: 1.5.4.0, include: /usr/include/ni, lib: /usr/lib/libOpenNI.so;libusb::libusb)
[2.807s] -- OpenNI2 found (version: 2.2.0.33, include: /usr/include/openni2, lib: /usr/lib/x86_64-linux-gnu/libOpenNI2.so;libusb::libusb)
[2.925s] -- Found Qhull version 8.0.2
[3.055s] -- OpenNI found (version: 1.5.4.0, include: /usr/include/ni, lib: /usr/lib/libOpenNI.so;libusb::libusb)
[3.169s] -- Found PCL_COMMON: /usr/lib/x86_64-linux-gnu/libpcl_common.so  
[3.170s] -- Found PCL_KDTREE: /usr/lib/x86_64-linux-gnu/libpcl_kdtree.so  
[3.170s] -- Found PCL_OCTREE: /usr/lib/x86_64-linux-gnu/libpcl_octree.so  
[3.172s] -- Found PCL_SEARCH: /usr/lib/x86_64-linux-gnu/libpcl_search.so  
[3.173s] -- Found PCL_SAMPLE_CONSENSUS: /usr/lib/x86_64-linux-gnu/libpcl_sample_consensus.so  
[3.173s] -- Found PCL_FILTERS: /usr/lib/x86_64-linux-gnu/libpcl_filters.so  
[3.174s] -- Found PCL_2D: /usr/include/pcl-1.12  
[3.174s] -- Found PCL_GEOMETRY: /usr/include/pcl-1.12  
[3.175s] -- Found PCL_IO: /usr/lib/x86_64-linux-gnu/libpcl_io.so  
[3.175s] -- Found PCL_FEATURES: /usr/lib/x86_64-linux-gnu/libpcl_features.so  
[3.176s] -- Found PCL_ML: /usr/lib/x86_64-linux-gnu/libpcl_ml.so  
[3.176s] -- Found PCL_SEGMENTATION: /usr/lib/x86_64-linux-gnu/libpcl_segmentation.so  
[3.177s] -- Found PCL_VISUALIZATION: /usr/lib/x86_64-linux-gnu/libpcl_visualization.so  
[3.178s] -- Found PCL_SURFACE: /usr/lib/x86_64-linux-gnu/libpcl_surface.so  
[3.178s] -- Found PCL_REGISTRATION: /usr/lib/x86_64-linux-gnu/libpcl_registration.so  
[3.179s] -- Found PCL_KEYPOINTS: /usr/lib/x86_64-linux-gnu/libpcl_keypoints.so  
[3.180s] -- Found PCL_TRACKING: /usr/lib/x86_64-linux-gnu/libpcl_tracking.so  
[3.180s] -- Found PCL_RECOGNITION: /usr/lib/x86_64-linux-gnu/libpcl_recognition.so  
[3.181s] -- Found PCL_STEREO: /usr/lib/x86_64-linux-gnu/libpcl_stereo.so  
[3.181s] -- Found PCL_APPS: /usr/lib/x86_64-linux-gnu/libpcl_apps.so  
[3.182s] -- Found PCL_IN_HAND_SCANNER: /usr/include/pcl-1.12  
[3.182s] -- Found PCL_MODELER: /usr/include/pcl-1.12  
[3.183s] -- Found PCL_POINT_CLOUD_EDITOR: /usr/include/pcl-1.12  
[3.184s] -- Found PCL_OUTOFCORE: /usr/lib/x86_64-linux-gnu/libpcl_outofcore.so  
[3.184s] -- Found PCL_PEOPLE: /usr/lib/x86_64-linux-gnu/libpcl_people.so  
[3.188s] -- Found pcl_ros: 2.4.5 (/opt/ros/humble/share/pcl_ros/cmake)
[3.279s] -- Configuring done
[3.369s] -- Generating done
[3.375s] -- Build files have been written to: /home/li/vk_ros2_ws/build/dual_dense_mapper
[3.387s] Invoked command in '/home/li/vk_ros2_ws/build/dual_dense_mapper' returned '0': CMAKE_PREFIX_PATH=${CMAKE_PREFIX_PATH}:/home/li/rtabmap_ws/install/rtabmap_python:/opt/ros/humble /usr/bin/cmake /home/li/vk_ros2_ws/src/dual_dense_mapper -DAMENT_CMAKE_SYMLINK_INSTALL=1 -DCMAKE_INSTALL_PREFIX=/home/li/vk_ros2_ws/install/dual_dense_mapper
[3.388s] Invoking command in '/home/li/vk_ros2_ws/build/dual_dense_mapper': CMAKE_PREFIX_PATH=${CMAKE_PREFIX_PATH}:/home/li/rtabmap_ws/install/rtabmap_python:/opt/ros/humble /usr/bin/cmake --build /home/li/vk_ros2_ws/build/dual_dense_mapper -- -j20 -l20
[3.439s] [ 50%] [32mBuilding CXX object CMakeFiles/dual_dense_mapper_node.dir/src/dual_dense_mapper.cpp.o[0m
[18.016s] [100%] [32m[1mLinking CXX executable dual_dense_mapper_node[0m
[19.321s] [100%] Built target dual_dense_mapper_node
[19.330s] Invoked command in '/home/li/vk_ros2_ws/build/dual_dense_mapper' returned '0': CMAKE_PREFIX_PATH=${CMAKE_PREFIX_PATH}:/home/li/rtabmap_ws/install/rtabmap_python:/opt/ros/humble /usr/bin/cmake --build /home/li/vk_ros2_ws/build/dual_dense_mapper -- -j20 -l20
[19.331s] Invoking command in '/home/li/vk_ros2_ws/build/dual_dense_mapper': CMAKE_PREFIX_PATH=${CMAKE_PREFIX_PATH}:/home/li/rtabmap_ws/install/rtabmap_python:/opt/ros/humble /usr/bin/cmake --install /home/li/vk_ros2_ws/build/dual_dense_mapper
[19.339s] -- Install configuration: ""
[19.339s] -- Execute custom install script
[19.340s] -- Symlinking: /home/li/vk_ros2_ws/install/dual_dense_mapper/lib/dual_dense_mapper/dual_dense_mapper_node
[19.352s] -- Symlinking: /home/li/vk_ros2_ws/install/dual_dense_mapper/share/dual_dense_mapper/launch/dual_dense_mapper.launch.py
[19.365s] -- Symlinking: /home/li/vk_ros2_ws/install/dual_dense_mapper/share/ament_index/resource_index/package_run_dependencies/dual_dense_mapper
[19.379s] -- Symlinking: /home/li/vk_ros2_ws/install/dual_dense_mapper/share/ament_index/resource_index/parent_prefix_path/dual_dense_mapper
[19.392s] -- Symlinking: /home/li/vk_ros2_ws/install/dual_dense_mapper/share/dual_dense_mapper/environment/ament_prefix_path.sh
[19.404s] -- Symlinking: /home/li/vk_ros2_ws/install/dual_dense_mapper/share/dual_dense_mapper/environment/ament_prefix_path.dsv
[19.414s] -- Symlinking: /home/li/vk_ros2_ws/install/dual_dense_mapper/share/dual_dense_mapper/environment/path.sh
[19.425s] -- Symlinking: /home/li/vk_ros2_ws/install/dual_dense_mapper/share/dual_dense_mapper/environment/path.dsv
[19.435s] -- Symlinking: /home/li/vk_ros2_ws/install/dual_dense_mapper/share/dual_dense_mapper/local_setup.bash
[19.443s] -- Symlinking: /home/li/vk_ros2_ws/install/dual_dense_mapper/share/dual_dense_mapper/local_setup.sh
[19.453s] -- Symlinking: /home/li/vk_ros2_ws/install/dual_dense_mapper/share/dual_dense_mapper/local_setup.zsh
[19.466s] -- Symlinking: /home/li/vk_ros2_ws/install/dual_dense_mapper/share/dual_dense_mapper/local_setup.dsv
[19.477s] -- Symlinking: /home/li/vk_ros2_ws/install/dual_dense_mapper/share/dual_dense_mapper/package.dsv
[19.491s] -- Symlinking: /home/li/vk_ros2_ws/install/dual_dense_mapper/share/ament_index/resource_index/packages/dual_dense_mapper
[19.503s] -- Symlinking: /home/li/vk_ros2_ws/install/dual_dense_mapper/share/dual_dense_mapper/cmake/dual_dense_mapperConfig.cmake
[19.516s] -- Symlinking: /home/li/vk_ros2_ws/install/dual_dense_mapper/share/dual_dense_mapper/cmake/dual_dense_mapperConfig-version.cmake
[19.529s] -- Symlinking: /home/li/vk_ros2_ws/install/dual_dense_mapper/share/dual_dense_mapper/package.xml
[19.544s] Invoked command in '/home/li/vk_ros2_ws/build/dual_dense_mapper' returned '0': CMAKE_PREFIX_PATH=${CMAKE_PREFIX_PATH}:/home/li/rtabmap_ws/install/rtabmap_python:/opt/ros/humble /usr/bin/cmake --install /home/li/vk_ros2_ws/build/dual_dense_mapper
