[0.181s] Invoking command in '/home/li/vk_ros2_ws/build/vk_ros2_driver': CMAKE_PREFIX_PATH=${CMAKE_PREFIX_PATH}:/home/li/rtabmap_ws/install/rtabmap_python:/opt/ros/humble /usr/bin/cmake /home/li/vk_ros2_ws/src/vk_ros2_driver -DAMENT_CMAKE_SYMLINK_INSTALL=1 -DCMAKE_INSTALL_PREFIX=/home/li/vk_ros2_ws/install/vk_ros2_driver
[0.337s] -- The C compiler identification is GNU 11.4.0
[0.438s] -- The CXX compiler identification is GNU 11.4.0
[0.448s] -- Detecting C compiler ABI info
[0.519s] -- Detecting C compiler ABI info - done
[0.524s] -- Check for working C compiler: /usr/bin/cc - skipped
[0.524s] -- Detecting C compile features
[0.525s] -- Detecting C compile features - done
[0.528s] -- Detecting CXX compiler ABI info
[0.602s] -- Detecting CXX compiler ABI info - done
[0.613s] -- Check for working CXX compiler: /usr/bin/c++ - skipped
[0.613s] -- Detecting CXX compile features
[0.613s] -- Detecting CXX compile features - done
[0.623s] -- Found ament_cmake: 1.3.12 (/opt/ros/humble/share/ament_cmake/cmake)
[0.762s] -- Found Python3: /usr/bin/python3 (found version "3.10.12") found components: Interpreter 
[0.817s] -- Override CMake install command with custom implementation using symlinks instead of copying resources
[0.861s] -- Found rclcpp: 16.0.16 (/opt/ros/humble/share/rclcpp/cmake)
[0.929s] -- Found rosidl_generator_c: 3.1.7 (/opt/ros/humble/share/rosidl_generator_c/cmake)
[0.936s] -- Found rosidl_adapter: 3.1.7 (/opt/ros/humble/share/rosidl_adapter/cmake)
[0.948s] -- Found rosidl_generator_cpp: 3.1.7 (/opt/ros/humble/share/rosidl_generator_cpp/cmake)
[0.964s] -- Using all available rosidl_typesupport_c: rosidl_typesupport_fastrtps_c;rosidl_typesupport_introspection_c
[0.983s] -- Using all available rosidl_typesupport_cpp: rosidl_typesupport_fastrtps_cpp;rosidl_typesupport_introspection_cpp
[1.059s] -- Found rmw_implementation_cmake: 6.1.2 (/opt/ros/humble/share/rmw_implementation_cmake/cmake)
[1.064s] -- Found rmw_fastrtps_cpp: 6.2.9 (/opt/ros/humble/share/rmw_fastrtps_cpp/cmake)
[1.164s] -- Found OpenSSL: /usr/lib/x86_64-linux-gnu/libcrypto.so (found version "3.0.2")  
[1.191s] -- Found FastRTPS: /opt/ros/humble/include  
[1.230s] -- Using RMW implementation 'rmw_fastrtps_cpp' as default
[1.242s] -- Looking for pthread.h
[1.329s] -- Looking for pthread.h - found
[1.329s] -- Performing Test CMAKE_HAVE_LIBC_PTHREAD
[1.391s] -- Performing Test CMAKE_HAVE_LIBC_PTHREAD - Success
[1.393s] -- Found Threads: TRUE  
[1.464s] -- Found rclcpp_components: 16.0.16 (/opt/ros/humble/share/rclcpp_components/cmake)
[1.496s] -- Found geometry_msgs: 4.9.0 (/opt/ros/humble/share/geometry_msgs/cmake)
[1.512s] -- Found nav_msgs: 4.9.0 (/opt/ros/humble/share/nav_msgs/cmake)
[1.531s] -- Found sensor_msgs: 4.9.0 (/opt/ros/humble/share/sensor_msgs/cmake)
[1.551s] -- Found tf2: 0.25.17 (/opt/ros/humble/share/tf2/cmake)
[1.557s] -- Found tf2_ros: 0.25.17 (/opt/ros/humble/share/tf2_ros/cmake)
[1.631s] -- Found tf2_geometry_msgs: 0.25.17 (/opt/ros/humble/share/tf2_geometry_msgs/cmake)
[1.647s] -- Found eigen3_cmake_module: 0.1.1 (/opt/ros/humble/share/eigen3_cmake_module/cmake)
[1.648s] -- Found Eigen3: TRUE (found version "3.4.0") 
[1.648s] -- Ensuring Eigen3 include directory is part of orocos-kdl CMake target
[1.651s] -- Found cv_bridge: 3.2.1 (/opt/ros/humble/share/cv_bridge/cmake)
[1.663s] -- Found image_transport: 3.1.12 (/opt/ros/humble/share/image_transport/cmake)
[1.684s] -- Found OpenCV: /usr (found version "4.5.4") 
[1.687s] -- Found stereo_msgs: 4.9.0 (/opt/ros/humble/share/stereo_msgs/cmake)
[1.711s] -- Found nlohmann_json: /usr/lib/cmake/nlohmann_json/nlohmann_jsonConfig.cmake (found version "3.10.5") 
[1.783s] -- Configuring done
[1.795s] -- Generating done
[1.799s] -- Build files have been written to: /home/li/vk_ros2_ws/build/vk_ros2_driver
[1.808s] Invoked command in '/home/li/vk_ros2_ws/build/vk_ros2_driver' returned '0': CMAKE_PREFIX_PATH=${CMAKE_PREFIX_PATH}:/home/li/rtabmap_ws/install/rtabmap_python:/opt/ros/humble /usr/bin/cmake /home/li/vk_ros2_ws/src/vk_ros2_driver -DAMENT_CMAKE_SYMLINK_INSTALL=1 -DCMAKE_INSTALL_PREFIX=/home/li/vk_ros2_ws/install/vk_ros2_driver
[1.810s] Invoking command in '/home/li/vk_ros2_ws/build/vk_ros2_driver': CMAKE_PREFIX_PATH=${CMAKE_PREFIX_PATH}:/home/li/rtabmap_ws/install/rtabmap_python:/opt/ros/humble /usr/bin/cmake --build /home/li/vk_ros2_ws/build/vk_ros2_driver -- -j20 -l20
[1.861s] [ 25%] [32mBuilding CXX object CMakeFiles/vk_ros2_driver_node.dir/rclcpp_components/node_main_vk_ros2_driver_node.cpp.o[0m
[1.865s] [ 50%] [32mBuilding CXX object CMakeFiles/vk_ros2_driver.dir/src/vk_ros2_driver.cpp.o[0m
[4.111s] [ 75%] [32m[1mLinking CXX executable vk_ros2_driver_node[0m
[4.226s] [ 75%] Built target vk_ros2_driver_node
[10.084s] [100%] [32m[1mLinking CXX shared library libvk_ros2_driver.so[0m
[10.430s] [100%] Built target vk_ros2_driver
[10.439s] Invoked command in '/home/li/vk_ros2_ws/build/vk_ros2_driver' returned '0': CMAKE_PREFIX_PATH=${CMAKE_PREFIX_PATH}:/home/li/rtabmap_ws/install/rtabmap_python:/opt/ros/humble /usr/bin/cmake --build /home/li/vk_ros2_ws/build/vk_ros2_driver -- -j20 -l20
[10.447s] Invoking command in '/home/li/vk_ros2_ws/build/vk_ros2_driver': CMAKE_PREFIX_PATH=${CMAKE_PREFIX_PATH}:/home/li/rtabmap_ws/install/rtabmap_python:/opt/ros/humble /usr/bin/cmake --install /home/li/vk_ros2_ws/build/vk_ros2_driver
[10.454s] -- Install configuration: ""
[10.454s] -- Execute custom install script
[10.454s] -- Symlinking: /home/li/vk_ros2_ws/install/vk_ros2_driver/lib/vk_ros2_driver/vk_ros2_driver_node
[10.465s] -- Symlinking: /home/li/vk_ros2_ws/install/vk_ros2_driver/include/vk_ros2_driver/vk_ros2_driver/vk_ros2_driver.hpp
[10.472s] -- Symlinking: /home/li/vk_ros2_ws/install/vk_ros2_driver/share/vk_ros2_driver/launch/__pycache__/example.launch.cpython-310.pyc
[10.482s] -- Symlinking: /home/li/vk_ros2_ws/install/vk_ros2_driver/share/vk_ros2_driver/launch/__pycache__/loop_closure_and_tsdf.launch.cpython-310.pyc
[10.489s] -- Symlinking: /home/li/vk_ros2_ws/install/vk_ros2_driver/share/vk_ros2_driver/launch/example.launch.py
[10.500s] -- Symlinking: /home/li/vk_ros2_ws/install/vk_ros2_driver/share/vk_ros2_driver/config/example.yaml
[10.508s] -- Symlinking: /home/li/vk_ros2_ws/install/vk_ros2_driver/share/ament_index/resource_index/package_run_dependencies/vk_ros2_driver
[10.515s] -- Symlinking: /home/li/vk_ros2_ws/install/vk_ros2_driver/share/ament_index/resource_index/parent_prefix_path/vk_ros2_driver
[10.525s] -- Symlinking: /home/li/vk_ros2_ws/install/vk_ros2_driver/share/vk_ros2_driver/environment/ament_prefix_path.sh
[10.532s] -- Symlinking: /home/li/vk_ros2_ws/install/vk_ros2_driver/share/vk_ros2_driver/environment/ament_prefix_path.dsv
[10.540s] -- Symlinking: /home/li/vk_ros2_ws/install/vk_ros2_driver/share/vk_ros2_driver/environment/path.sh
[10.548s] -- Symlinking: /home/li/vk_ros2_ws/install/vk_ros2_driver/share/vk_ros2_driver/environment/path.dsv
[10.557s] -- Symlinking: /home/li/vk_ros2_ws/install/vk_ros2_driver/share/vk_ros2_driver/local_setup.bash
[10.566s] -- Symlinking: /home/li/vk_ros2_ws/install/vk_ros2_driver/share/vk_ros2_driver/local_setup.sh
[10.573s] -- Symlinking: /home/li/vk_ros2_ws/install/vk_ros2_driver/share/vk_ros2_driver/local_setup.zsh
[10.580s] -- Symlinking: /home/li/vk_ros2_ws/install/vk_ros2_driver/share/vk_ros2_driver/local_setup.dsv
[10.587s] -- Symlinking: /home/li/vk_ros2_ws/install/vk_ros2_driver/share/vk_ros2_driver/package.dsv
[10.595s] -- Symlinking: /home/li/vk_ros2_ws/install/vk_ros2_driver/share/ament_index/resource_index/packages/vk_ros2_driver
[10.605s] -- Symlinking: /home/li/vk_ros2_ws/install/vk_ros2_driver/share/ament_index/resource_index/rclcpp_components/vk_ros2_driver
[10.613s] -- Symlinking: /home/li/vk_ros2_ws/install/vk_ros2_driver/share/vk_ros2_driver/cmake/ament_cmake_export_dependencies-extras.cmake
[10.620s] -- Symlinking: /home/li/vk_ros2_ws/install/vk_ros2_driver/share/vk_ros2_driver/cmake/vk_ros2_driverConfig.cmake
[10.627s] -- Symlinking: /home/li/vk_ros2_ws/install/vk_ros2_driver/share/vk_ros2_driver/cmake/vk_ros2_driverConfig-version.cmake
[10.634s] -- Symlinking: /home/li/vk_ros2_ws/install/vk_ros2_driver/share/vk_ros2_driver/package.xml
[10.640s] -- Installing: /home/li/vk_ros2_ws/install/vk_ros2_driver/lib/libvk_ros2_driver.so
[10.644s] -- Set runtime path of "/home/li/vk_ros2_ws/install/vk_ros2_driver/lib/libvk_ros2_driver.so" to "/opt/vilota/lib:/opt/ros/humble/lib/x86_64-linux-gnu:/opt/ros/humble/lib"
[10.645s] Invoked command in '/home/li/vk_ros2_ws/build/vk_ros2_driver' returned '0': CMAKE_PREFIX_PATH=${CMAKE_PREFIX_PATH}:/home/li/rtabmap_ws/install/rtabmap_python:/opt/ros/humble /usr/bin/cmake --install /home/li/vk_ros2_ws/build/vk_ros2_driver
